{"uid":"125268963b21e071","name":"test_auto_generated_employee_id","fullName":"tests.PIM.test_auto_generated_employee_id.TestEmployeeAddition#test_auto_generated_employee_id","historyId":"f8a8d723d1590adf729953841ec0d890","time":{"start":1759834349896,"stop":1759834384457,"duration":34561},"status":"broken","statusMessage":"selenium.common.exceptions.TimeoutException: Message: \nStacktrace:\n\tGetHandleVerifier [0x0xdcc333+65459]\n\tGetHandleVerifier [0x0xdcc374+65524]\n\t(No symbol) [0x0xbed973]\n\t(No symbol) [0x0xc376e7]\n\t(No symbol) [0x0xc37a8b]\n\t(No symbol) [0x0xc7dea2]\n\t(No symbol) [0x0xc59e44]\n\t(No symbol) [0x0xc7b606]\n\t(No symbol) [0x0xc59bf6]\n\t(No symbol) [0x0xc2b38e]\n\t(No symbol) [0x0xc2c274]\n\tGetHandleVerifier [0x0x104eda3+2697763]\n\tGetHandleVerifier [0x0x1049ec7+2677575]\n\tGetHandleVerifier [0x0xdf4194+228884]\n\tGetHandleVerifier [0x0xde49f8+165496]\n\tGetHandleVerifier [0x0xdeb18d+192013]\n\tGetHandleVerifier [0x0xdd47d8+99416]\n\tGetHandleVerifier [0x0xdd4972+99826]\n\tGetHandleVerifier [0x0xdbebea+10346]\n\tBaseThreadInitThunk [0x0x76307ba9+25]\n\tRtlInitializeExceptionChain [0x0x7788c2eb+107]\n\tRtlClearBits [0x0x7788c26f+191]","statusTrace":"self = <tests.PIM.test_auto_generated_employee_id.TestEmployeeAddition object at 0x000001B7144BB890>\ndriver = <selenium.webdriver.chrome.webdriver.WebDriver (session=\"de52838aa624ac8b5ce520b65a499409\")>\n\n    def test_auto_generated_employee_id(self, driver):\n        print(\"\\n>>> Test: Verify Auto-Generated Employee ID\")\n    \n        # --- PAGE OBJECTS ---\n        login_page = LoginPage(driver)\n        dashboard_page = DashboardPage(driver)\n        pim_page = PIMPage(driver)\n        add_employee_page = AddEmployeePage(driver)\n    \n        # --- LOGIN ---\n        login_page.login(Config.USERNAME, Config.PASSWORD)\n        WebDriverWait(driver, 15).until(lambda d: dashboard_page.is_dashboard_displayed())\n        assert dashboard_page.is_dashboard_displayed(), \"⚠ Login failed\"\n    \n        # --- NAVIGATE TO ADD EMPLOYEE ---\n        dashboard_page.navigate_to_pim()\n        WebDriverWait(driver, 15).until(lambda d: pim_page.is_pim_page())\n        assert pim_page.is_pim_page(), \"⚠ Failed to navigate to PIM\"\n    \n        pim_page.navigate_to_add_employee()\n        WebDriverWait(driver, 15).until(lambda d: add_employee_page.is_add_employee_page())\n        assert add_employee_page.is_add_employee_page(), \"⚠ Failed to navigate to Add Employee\"\n    \n        # --- FILL EMPLOYEE DETAILS ---\n        first_name = TestDataGenerator.generate_random_string(6)\n        last_name = TestDataGenerator.generate_random_string(8)\n        add_employee_page.fill_basic_employee_details(first_name, last_name)\n    \n        # --- READ AUTO-GENERATED EMPLOYEE ID ---\n        EMPLOYEE_ID_INPUT = (By.ID, \"employeeId\")\n>       WebDriverWait(driver, 15).until(EC.visibility_of_element_located(EMPLOYEE_ID_INPUT))\n\ntests\\PIM\\test_auto_generated_employee_id.py:50: \n_ _ _ _ _ _ _ _ _ _ _ _ _ _ _ _ _ _ _ _ _ _ _ _ _ _ _ _ _ _ _ _ _ _ _ _ _ _ _ _ _ _ _ _ _ _ _ _ _ _ _ _ _ _ _ _ _ _ _ _ _ _ _ _ _ _ _ _ _ _ _ _ _ _\n\nself = <selenium.webdriver.support.wait.WebDriverWait (session=\"de52838aa624ac8b5ce520b65a499409\")>\nmethod = <function visibility_of_element_located.<locals>._predicate at 0x000001B71455DBC0>, message = ''\n\n    def until(self, method: Callable[[D], Union[Literal[False], T]], message: str = \"\") -> T:\n        \"\"\"Wait until the method returns a value that is not False.\n    \n        Calls the method provided with the driver as an argument until the\n        return value does not evaluate to ``False``.\n    \n        Parameters:\n        -----------\n        method: callable(WebDriver)\n            - A callable object that takes a WebDriver instance as an argument.\n    \n        message: str\n            - Optional message for :exc:`TimeoutException`\n    \n        Return:\n        -------\n        object: T\n            - The result of the last call to `method`\n    \n        Raises:\n        -------\n        TimeoutException\n            - If 'method' does not return a truthy value within the WebDriverWait\n            object's timeout\n    \n        Example:\n        --------\n        >>> from selenium.webdriver.common.by import By\n        >>> from selenium.webdriver.support.ui import WebDriverWait\n        >>> from selenium.webdriver.support import expected_conditions as EC\n    \n        # Wait until an element is visible on the page\n        >>> wait = WebDriverWait(driver, 10)\n        >>> element = wait.until(EC.visibility_of_element_located((By.ID, \"exampleId\")))\n        >>> print(element.text)\n        \"\"\"\n        screen = None\n        stacktrace = None\n    \n        end_time = time.monotonic() + self._timeout\n        while True:\n            try:\n                value = method(self._driver)\n                if value:\n                    return value\n            except self._ignored_exceptions as exc:\n                screen = getattr(exc, \"screen\", None)\n                stacktrace = getattr(exc, \"stacktrace\", None)\n            if time.monotonic() > end_time:\n                break\n            time.sleep(self._poll)\n>       raise TimeoutException(message, screen, stacktrace)\nE       selenium.common.exceptions.TimeoutException: Message: \nE       Stacktrace:\nE       \tGetHandleVerifier [0x0xdcc333+65459]\nE       \tGetHandleVerifier [0x0xdcc374+65524]\nE       \t(No symbol) [0x0xbed973]\nE       \t(No symbol) [0x0xc376e7]\nE       \t(No symbol) [0x0xc37a8b]\nE       \t(No symbol) [0x0xc7dea2]\nE       \t(No symbol) [0x0xc59e44]\nE       \t(No symbol) [0x0xc7b606]\nE       \t(No symbol) [0x0xc59bf6]\nE       \t(No symbol) [0x0xc2b38e]\nE       \t(No symbol) [0x0xc2c274]\nE       \tGetHandleVerifier [0x0x104eda3+2697763]\nE       \tGetHandleVerifier [0x0x1049ec7+2677575]\nE       \tGetHandleVerifier [0x0xdf4194+228884]\nE       \tGetHandleVerifier [0x0xde49f8+165496]\nE       \tGetHandleVerifier [0x0xdeb18d+192013]\nE       \tGetHandleVerifier [0x0xdd47d8+99416]\nE       \tGetHandleVerifier [0x0xdd4972+99826]\nE       \tGetHandleVerifier [0x0xdbebea+10346]\nE       \tBaseThreadInitThunk [0x0x76307ba9+25]\nE       \tRtlInitializeExceptionChain [0x0x7788c2eb+107]\nE       \tRtlClearBits [0x0x7788c26f+191]\n\n.venv\\Lib\\site-packages\\selenium\\webdriver\\support\\wait.py:138: TimeoutException","flaky":false,"newFailed":false,"newBroken":false,"newPassed":false,"retriesCount":0,"retriesStatusChange":false,"beforeStages":[{"name":"driver_setup","time":{"start":1759834323162,"stop":1759834335015,"duration":11853},"status":"passed","steps":[],"attachments":[],"parameters":[],"attachmentsCount":0,"shouldDisplayMessage":false,"hasContent":false,"attachmentStep":false,"stepsCount":0},{"name":"driver","time":{"start":1759834335016,"stop":1759834349892,"duration":14876},"status":"passed","steps":[],"attachments":[],"parameters":[],"attachmentsCount":0,"shouldDisplayMessage":false,"hasContent":false,"attachmentStep":false,"stepsCount":0}],"testStage":{"status":"broken","statusMessage":"selenium.common.exceptions.TimeoutException: Message: \nStacktrace:\n\tGetHandleVerifier [0x0xdcc333+65459]\n\tGetHandleVerifier [0x0xdcc374+65524]\n\t(No symbol) [0x0xbed973]\n\t(No symbol) [0x0xc376e7]\n\t(No symbol) [0x0xc37a8b]\n\t(No symbol) [0x0xc7dea2]\n\t(No symbol) [0x0xc59e44]\n\t(No symbol) [0x0xc7b606]\n\t(No symbol) [0x0xc59bf6]\n\t(No symbol) [0x0xc2b38e]\n\t(No symbol) [0x0xc2c274]\n\tGetHandleVerifier [0x0x104eda3+2697763]\n\tGetHandleVerifier [0x0x1049ec7+2677575]\n\tGetHandleVerifier [0x0xdf4194+228884]\n\tGetHandleVerifier [0x0xde49f8+165496]\n\tGetHandleVerifier [0x0xdeb18d+192013]\n\tGetHandleVerifier [0x0xdd47d8+99416]\n\tGetHandleVerifier [0x0xdd4972+99826]\n\tGetHandleVerifier [0x0xdbebea+10346]\n\tBaseThreadInitThunk [0x0x76307ba9+25]\n\tRtlInitializeExceptionChain [0x0x7788c2eb+107]\n\tRtlClearBits [0x0x7788c26f+191]","statusTrace":"self = <tests.PIM.test_auto_generated_employee_id.TestEmployeeAddition object at 0x000001B7144BB890>\ndriver = <selenium.webdriver.chrome.webdriver.WebDriver (session=\"de52838aa624ac8b5ce520b65a499409\")>\n\n    def test_auto_generated_employee_id(self, driver):\n        print(\"\\n>>> Test: Verify Auto-Generated Employee ID\")\n    \n        # --- PAGE OBJECTS ---\n        login_page = LoginPage(driver)\n        dashboard_page = DashboardPage(driver)\n        pim_page = PIMPage(driver)\n        add_employee_page = AddEmployeePage(driver)\n    \n        # --- LOGIN ---\n        login_page.login(Config.USERNAME, Config.PASSWORD)\n        WebDriverWait(driver, 15).until(lambda d: dashboard_page.is_dashboard_displayed())\n        assert dashboard_page.is_dashboard_displayed(), \"⚠ Login failed\"\n    \n        # --- NAVIGATE TO ADD EMPLOYEE ---\n        dashboard_page.navigate_to_pim()\n        WebDriverWait(driver, 15).until(lambda d: pim_page.is_pim_page())\n        assert pim_page.is_pim_page(), \"⚠ Failed to navigate to PIM\"\n    \n        pim_page.navigate_to_add_employee()\n        WebDriverWait(driver, 15).until(lambda d: add_employee_page.is_add_employee_page())\n        assert add_employee_page.is_add_employee_page(), \"⚠ Failed to navigate to Add Employee\"\n    \n        # --- FILL EMPLOYEE DETAILS ---\n        first_name = TestDataGenerator.generate_random_string(6)\n        last_name = TestDataGenerator.generate_random_string(8)\n        add_employee_page.fill_basic_employee_details(first_name, last_name)\n    \n        # --- READ AUTO-GENERATED EMPLOYEE ID ---\n        EMPLOYEE_ID_INPUT = (By.ID, \"employeeId\")\n>       WebDriverWait(driver, 15).until(EC.visibility_of_element_located(EMPLOYEE_ID_INPUT))\n\ntests\\PIM\\test_auto_generated_employee_id.py:50: \n_ _ _ _ _ _ _ _ _ _ _ _ _ _ _ _ _ _ _ _ _ _ _ _ _ _ _ _ _ _ _ _ _ _ _ _ _ _ _ _ _ _ _ _ _ _ _ _ _ _ _ _ _ _ _ _ _ _ _ _ _ _ _ _ _ _ _ _ _ _ _ _ _ _\n\nself = <selenium.webdriver.support.wait.WebDriverWait (session=\"de52838aa624ac8b5ce520b65a499409\")>\nmethod = <function visibility_of_element_located.<locals>._predicate at 0x000001B71455DBC0>, message = ''\n\n    def until(self, method: Callable[[D], Union[Literal[False], T]], message: str = \"\") -> T:\n        \"\"\"Wait until the method returns a value that is not False.\n    \n        Calls the method provided with the driver as an argument until the\n        return value does not evaluate to ``False``.\n    \n        Parameters:\n        -----------\n        method: callable(WebDriver)\n            - A callable object that takes a WebDriver instance as an argument.\n    \n        message: str\n            - Optional message for :exc:`TimeoutException`\n    \n        Return:\n        -------\n        object: T\n            - The result of the last call to `method`\n    \n        Raises:\n        -------\n        TimeoutException\n            - If 'method' does not return a truthy value within the WebDriverWait\n            object's timeout\n    \n        Example:\n        --------\n        >>> from selenium.webdriver.common.by import By\n        >>> from selenium.webdriver.support.ui import WebDriverWait\n        >>> from selenium.webdriver.support import expected_conditions as EC\n    \n        # Wait until an element is visible on the page\n        >>> wait = WebDriverWait(driver, 10)\n        >>> element = wait.until(EC.visibility_of_element_located((By.ID, \"exampleId\")))\n        >>> print(element.text)\n        \"\"\"\n        screen = None\n        stacktrace = None\n    \n        end_time = time.monotonic() + self._timeout\n        while True:\n            try:\n                value = method(self._driver)\n                if value:\n                    return value\n            except self._ignored_exceptions as exc:\n                screen = getattr(exc, \"screen\", None)\n                stacktrace = getattr(exc, \"stacktrace\", None)\n            if time.monotonic() > end_time:\n                break\n            time.sleep(self._poll)\n>       raise TimeoutException(message, screen, stacktrace)\nE       selenium.common.exceptions.TimeoutException: Message: \nE       Stacktrace:\nE       \tGetHandleVerifier [0x0xdcc333+65459]\nE       \tGetHandleVerifier [0x0xdcc374+65524]\nE       \t(No symbol) [0x0xbed973]\nE       \t(No symbol) [0x0xc376e7]\nE       \t(No symbol) [0x0xc37a8b]\nE       \t(No symbol) [0x0xc7dea2]\nE       \t(No symbol) [0x0xc59e44]\nE       \t(No symbol) [0x0xc7b606]\nE       \t(No symbol) [0x0xc59bf6]\nE       \t(No symbol) [0x0xc2b38e]\nE       \t(No symbol) [0x0xc2c274]\nE       \tGetHandleVerifier [0x0x104eda3+2697763]\nE       \tGetHandleVerifier [0x0x1049ec7+2677575]\nE       \tGetHandleVerifier [0x0xdf4194+228884]\nE       \tGetHandleVerifier [0x0xde49f8+165496]\nE       \tGetHandleVerifier [0x0xdeb18d+192013]\nE       \tGetHandleVerifier [0x0xdd47d8+99416]\nE       \tGetHandleVerifier [0x0xdd4972+99826]\nE       \tGetHandleVerifier [0x0xdbebea+10346]\nE       \tBaseThreadInitThunk [0x0x76307ba9+25]\nE       \tRtlInitializeExceptionChain [0x0x7788c2eb+107]\nE       \tRtlClearBits [0x0x7788c26f+191]\n\n.venv\\Lib\\site-packages\\selenium\\webdriver\\support\\wait.py:138: TimeoutException","steps":[],"attachments":[{"uid":"36f12aeedf9f9b43","name":"log","source":"36f12aeedf9f9b43.txt","type":"text/plain","size":1407},{"uid":"b70fd9aa4bddad88","name":"stdout","source":"b70fd9aa4bddad88.txt","type":"text/plain","size":631}],"parameters":[],"attachmentsCount":2,"shouldDisplayMessage":true,"hasContent":true,"attachmentStep":false,"stepsCount":0},"afterStages":[{"name":"driver::0","time":{"start":1759834385031,"stop":1759834385111,"duration":80},"status":"passed","steps":[],"attachments":[],"parameters":[],"attachmentsCount":0,"shouldDisplayMessage":false,"hasContent":false,"attachmentStep":false,"stepsCount":0},{"name":"driver_setup::0","time":{"start":1759834425959,"stop":1759834433181,"duration":7222},"status":"passed","steps":[],"attachments":[],"parameters":[],"attachmentsCount":0,"shouldDisplayMessage":false,"hasContent":false,"attachmentStep":false,"stepsCount":0}],"labels":[{"name":"parentSuite","value":"tests.PIM"},{"name":"suite","value":"test_auto_generated_employee_id"},{"name":"subSuite","value":"TestEmployeeAddition"},{"name":"host","value":"LAPTOP-AQ7JHBIL"},{"name":"thread","value":"8188-MainThread"},{"name":"framework","value":"pytest"},{"name":"language","value":"cpython3"},{"name":"package","value":"tests.PIM.test_auto_generated_employee_id"},{"name":"resultFormat","value":"allure2"}],"parameters":[],"links":[],"hidden":true,"retry":true,"extra":{"categories":[],"tags":[]},"source":"125268963b21e071.json","parameterValues":[]}