{"uid":"441beba1f566b634","name":"test_add_vacancy","fullName":"tests.Recruitment.test_vacancy#test_add_vacancy","historyId":"2958f09b4f2b97223f008fdc5f610099","time":{"start":1759784645326,"stop":1759784663777,"duration":18451},"status":"broken","statusMessage":"selenium.common.exceptions.TimeoutException: Message: \nStacktrace:\n\tGetHandleVerifier [0x0x126c333+65459]\n\tGetHandleVerifier [0x0x126c374+65524]\n\t(No symbol) [0x0x108d973]\n\t(No symbol) [0x0x10d76e7]\n\t(No symbol) [0x0x10d7a8b]\n\t(No symbol) [0x0x111dea2]\n\t(No symbol) [0x0x10f9e44]\n\t(No symbol) [0x0x111b606]\n\t(No symbol) [0x0x10f9bf6]\n\t(No symbol) [0x0x10cb38e]\n\t(No symbol) [0x0x10cc274]\n\tGetHandleVerifier [0x0x14eeda3+2697763]\n\tGetHandleVerifier [0x0x14e9ec7+2677575]\n\tGetHandleVerifier [0x0x1294194+228884]\n\tGetHandleVerifier [0x0x12849f8+165496]\n\tGetHandleVerifier [0x0x128b18d+192013]\n\tGetHandleVerifier [0x0x12747d8+99416]\n\tGetHandleVerifier [0x0x1274972+99826]\n\tGetHandleVerifier [0x0x125ebea+10346]\n\tBaseThreadInitThunk [0x0x76307ba9+25]\n\tRtlInitializeExceptionChain [0x0x7788c2eb+107]\n\tRtlClearBits [0x0x7788c26f+191]","statusTrace":"vacancy_page = <pages.vacancy_page.VacancyPage object at 0x000002750945E120>\n\n    def test_add_vacancy(vacancy_page):\n        print(\">>> Test: Add Vacancy started\")\n    \n        # Navigate to vacancies\n        print(\">>> Navigating to Vacancies menu\")\n        vacancy_page.navigate_to_vacancies()\n    \n        print(\">>> Clicking Add button\")\n        vacancy_page.click_add()\n    \n        # Fill form\n        print(\">>> Selecting Job Title\")\n        vacancy_page.select_job_title(\"QA Engineer\")  # must exist in dropdown\n    \n        print(\">>> Entering Vacancy Name\")\n        vacancy_page.enter_vacancy_name(\"Automation Tester Vacancy\")\n    \n        print(\">>> Entering Hiring Manager\")\n        vacancy_page.enter_hiring_manager(\"Linda Anderson\")  # valid HR name in demo site\n    \n        print(\">>> Saving vacancy\")\n        vacancy_page.save_vacancy()\n    \n        # Assert vacancy added → e.g. check success toast or vacancy listed\n        try:\n            print(\">>> Verifying success message\")\n>           success_message = vacancy_page.wait.until(\n                EC.visibility_of_element_located(\n                    (By.XPATH, \"//div[contains(@class,'oxd-toast-content-text') and text()='Success']\")\n                )\n            )\n\ntests\\Recruitment\\test_vacancy.py:52: \n_ _ _ _ _ _ _ _ _ _ _ _ _ _ _ _ _ _ _ _ _ _ _ _ _ _ _ _ _ _ _ _ _ _ _ _ _ _ _ _ _ _ _ _ _ _ _ _ _ _ _ _ _ _ _ _ _ _ _ _ _ _ _ _ _ _ _ _ _ _ _ _ _ _\n\nself = <selenium.webdriver.support.wait.WebDriverWait (session=\"7a6f2d61cde534c28806640c30e3cbfb\")>\nmethod = <function visibility_of_element_located.<locals>._predicate at 0x00000275094D5EE0>, message = ''\n\n    def until(self, method: Callable[[D], Union[Literal[False], T]], message: str = \"\") -> T:\n        \"\"\"Wait until the method returns a value that is not False.\n    \n        Calls the method provided with the driver as an argument until the\n        return value does not evaluate to ``False``.\n    \n        Parameters:\n        -----------\n        method: callable(WebDriver)\n            - A callable object that takes a WebDriver instance as an argument.\n    \n        message: str\n            - Optional message for :exc:`TimeoutException`\n    \n        Return:\n        -------\n        object: T\n            - The result of the last call to `method`\n    \n        Raises:\n        -------\n        TimeoutException\n            - If 'method' does not return a truthy value within the WebDriverWait\n            object's timeout\n    \n        Example:\n        --------\n        >>> from selenium.webdriver.common.by import By\n        >>> from selenium.webdriver.support.ui import WebDriverWait\n        >>> from selenium.webdriver.support import expected_conditions as EC\n    \n        # Wait until an element is visible on the page\n        >>> wait = WebDriverWait(driver, 10)\n        >>> element = wait.until(EC.visibility_of_element_located((By.ID, \"exampleId\")))\n        >>> print(element.text)\n        \"\"\"\n        screen = None\n        stacktrace = None\n    \n        end_time = time.monotonic() + self._timeout\n        while True:\n            try:\n                value = method(self._driver)\n                if value:\n                    return value\n            except self._ignored_exceptions as exc:\n                screen = getattr(exc, \"screen\", None)\n                stacktrace = getattr(exc, \"stacktrace\", None)\n            if time.monotonic() > end_time:\n                break\n            time.sleep(self._poll)\n>       raise TimeoutException(message, screen, stacktrace)\nE       selenium.common.exceptions.TimeoutException: Message: \nE       Stacktrace:\nE       \tGetHandleVerifier [0x0x126c333+65459]\nE       \tGetHandleVerifier [0x0x126c374+65524]\nE       \t(No symbol) [0x0x108d973]\nE       \t(No symbol) [0x0x10d76e7]\nE       \t(No symbol) [0x0x10d7a8b]\nE       \t(No symbol) [0x0x111dea2]\nE       \t(No symbol) [0x0x10f9e44]\nE       \t(No symbol) [0x0x111b606]\nE       \t(No symbol) [0x0x10f9bf6]\nE       \t(No symbol) [0x0x10cb38e]\nE       \t(No symbol) [0x0x10cc274]\nE       \tGetHandleVerifier [0x0x14eeda3+2697763]\nE       \tGetHandleVerifier [0x0x14e9ec7+2677575]\nE       \tGetHandleVerifier [0x0x1294194+228884]\nE       \tGetHandleVerifier [0x0x12849f8+165496]\nE       \tGetHandleVerifier [0x0x128b18d+192013]\nE       \tGetHandleVerifier [0x0x12747d8+99416]\nE       \tGetHandleVerifier [0x0x1274972+99826]\nE       \tGetHandleVerifier [0x0x125ebea+10346]\nE       \tBaseThreadInitThunk [0x0x76307ba9+25]\nE       \tRtlInitializeExceptionChain [0x0x7788c2eb+107]\nE       \tRtlClearBits [0x0x7788c26f+191]\n\n.venv\\Lib\\site-packages\\selenium\\webdriver\\support\\wait.py:138: TimeoutException","flaky":false,"newFailed":false,"newBroken":false,"newPassed":false,"retriesCount":0,"retriesStatusChange":false,"beforeStages":[{"name":"driver_setup","time":{"start":1759784138532,"stop":1759784149747,"duration":11215},"status":"passed","steps":[],"attachments":[],"parameters":[],"attachmentsCount":0,"shouldDisplayMessage":false,"hasContent":false,"attachmentStep":false,"stepsCount":0},{"name":"driver","time":{"start":1759784642244,"stop":1759784643568,"duration":1324},"status":"passed","steps":[],"attachments":[],"parameters":[],"attachmentsCount":0,"shouldDisplayMessage":false,"hasContent":false,"attachmentStep":false,"stepsCount":0},{"name":"login_valid","time":{"start":1759784643568,"stop":1759784645320,"duration":1752},"status":"passed","steps":[],"attachments":[],"parameters":[],"attachmentsCount":0,"shouldDisplayMessage":false,"hasContent":false,"attachmentStep":false,"stepsCount":0},{"name":"vacancy_page","time":{"start":1759784645320,"stop":1759784645321,"duration":1},"status":"passed","steps":[],"attachments":[],"parameters":[],"attachmentsCount":0,"shouldDisplayMessage":false,"hasContent":false,"attachmentStep":false,"stepsCount":0}],"testStage":{"status":"broken","statusMessage":"selenium.common.exceptions.TimeoutException: Message: \nStacktrace:\n\tGetHandleVerifier [0x0x126c333+65459]\n\tGetHandleVerifier [0x0x126c374+65524]\n\t(No symbol) [0x0x108d973]\n\t(No symbol) [0x0x10d76e7]\n\t(No symbol) [0x0x10d7a8b]\n\t(No symbol) [0x0x111dea2]\n\t(No symbol) [0x0x10f9e44]\n\t(No symbol) [0x0x111b606]\n\t(No symbol) [0x0x10f9bf6]\n\t(No symbol) [0x0x10cb38e]\n\t(No symbol) [0x0x10cc274]\n\tGetHandleVerifier [0x0x14eeda3+2697763]\n\tGetHandleVerifier [0x0x14e9ec7+2677575]\n\tGetHandleVerifier [0x0x1294194+228884]\n\tGetHandleVerifier [0x0x12849f8+165496]\n\tGetHandleVerifier [0x0x128b18d+192013]\n\tGetHandleVerifier [0x0x12747d8+99416]\n\tGetHandleVerifier [0x0x1274972+99826]\n\tGetHandleVerifier [0x0x125ebea+10346]\n\tBaseThreadInitThunk [0x0x76307ba9+25]\n\tRtlInitializeExceptionChain [0x0x7788c2eb+107]\n\tRtlClearBits [0x0x7788c26f+191]","statusTrace":"vacancy_page = <pages.vacancy_page.VacancyPage object at 0x000002750945E120>\n\n    def test_add_vacancy(vacancy_page):\n        print(\">>> Test: Add Vacancy started\")\n    \n        # Navigate to vacancies\n        print(\">>> Navigating to Vacancies menu\")\n        vacancy_page.navigate_to_vacancies()\n    \n        print(\">>> Clicking Add button\")\n        vacancy_page.click_add()\n    \n        # Fill form\n        print(\">>> Selecting Job Title\")\n        vacancy_page.select_job_title(\"QA Engineer\")  # must exist in dropdown\n    \n        print(\">>> Entering Vacancy Name\")\n        vacancy_page.enter_vacancy_name(\"Automation Tester Vacancy\")\n    \n        print(\">>> Entering Hiring Manager\")\n        vacancy_page.enter_hiring_manager(\"Linda Anderson\")  # valid HR name in demo site\n    \n        print(\">>> Saving vacancy\")\n        vacancy_page.save_vacancy()\n    \n        # Assert vacancy added → e.g. check success toast or vacancy listed\n        try:\n            print(\">>> Verifying success message\")\n>           success_message = vacancy_page.wait.until(\n                EC.visibility_of_element_located(\n                    (By.XPATH, \"//div[contains(@class,'oxd-toast-content-text') and text()='Success']\")\n                )\n            )\n\ntests\\Recruitment\\test_vacancy.py:52: \n_ _ _ _ _ _ _ _ _ _ _ _ _ _ _ _ _ _ _ _ _ _ _ _ _ _ _ _ _ _ _ _ _ _ _ _ _ _ _ _ _ _ _ _ _ _ _ _ _ _ _ _ _ _ _ _ _ _ _ _ _ _ _ _ _ _ _ _ _ _ _ _ _ _\n\nself = <selenium.webdriver.support.wait.WebDriverWait (session=\"7a6f2d61cde534c28806640c30e3cbfb\")>\nmethod = <function visibility_of_element_located.<locals>._predicate at 0x00000275094D5EE0>, message = ''\n\n    def until(self, method: Callable[[D], Union[Literal[False], T]], message: str = \"\") -> T:\n        \"\"\"Wait until the method returns a value that is not False.\n    \n        Calls the method provided with the driver as an argument until the\n        return value does not evaluate to ``False``.\n    \n        Parameters:\n        -----------\n        method: callable(WebDriver)\n            - A callable object that takes a WebDriver instance as an argument.\n    \n        message: str\n            - Optional message for :exc:`TimeoutException`\n    \n        Return:\n        -------\n        object: T\n            - The result of the last call to `method`\n    \n        Raises:\n        -------\n        TimeoutException\n            - If 'method' does not return a truthy value within the WebDriverWait\n            object's timeout\n    \n        Example:\n        --------\n        >>> from selenium.webdriver.common.by import By\n        >>> from selenium.webdriver.support.ui import WebDriverWait\n        >>> from selenium.webdriver.support import expected_conditions as EC\n    \n        # Wait until an element is visible on the page\n        >>> wait = WebDriverWait(driver, 10)\n        >>> element = wait.until(EC.visibility_of_element_located((By.ID, \"exampleId\")))\n        >>> print(element.text)\n        \"\"\"\n        screen = None\n        stacktrace = None\n    \n        end_time = time.monotonic() + self._timeout\n        while True:\n            try:\n                value = method(self._driver)\n                if value:\n                    return value\n            except self._ignored_exceptions as exc:\n                screen = getattr(exc, \"screen\", None)\n                stacktrace = getattr(exc, \"stacktrace\", None)\n            if time.monotonic() > end_time:\n                break\n            time.sleep(self._poll)\n>       raise TimeoutException(message, screen, stacktrace)\nE       selenium.common.exceptions.TimeoutException: Message: \nE       Stacktrace:\nE       \tGetHandleVerifier [0x0x126c333+65459]\nE       \tGetHandleVerifier [0x0x126c374+65524]\nE       \t(No symbol) [0x0x108d973]\nE       \t(No symbol) [0x0x10d76e7]\nE       \t(No symbol) [0x0x10d7a8b]\nE       \t(No symbol) [0x0x111dea2]\nE       \t(No symbol) [0x0x10f9e44]\nE       \t(No symbol) [0x0x111b606]\nE       \t(No symbol) [0x0x10f9bf6]\nE       \t(No symbol) [0x0x10cb38e]\nE       \t(No symbol) [0x0x10cc274]\nE       \tGetHandleVerifier [0x0x14eeda3+2697763]\nE       \tGetHandleVerifier [0x0x14e9ec7+2677575]\nE       \tGetHandleVerifier [0x0x1294194+228884]\nE       \tGetHandleVerifier [0x0x12849f8+165496]\nE       \tGetHandleVerifier [0x0x128b18d+192013]\nE       \tGetHandleVerifier [0x0x12747d8+99416]\nE       \tGetHandleVerifier [0x0x1274972+99826]\nE       \tGetHandleVerifier [0x0x125ebea+10346]\nE       \tBaseThreadInitThunk [0x0x76307ba9+25]\nE       \tRtlInitializeExceptionChain [0x0x7788c2eb+107]\nE       \tRtlClearBits [0x0x7788c26f+191]\n\n.venv\\Lib\\site-packages\\selenium\\webdriver\\support\\wait.py:138: TimeoutException","steps":[],"attachments":[{"uid":"717a1f56d0371d4a","name":"log","source":"717a1f56d0371d4a.txt","type":"text/plain","size":416},{"uid":"8040bc7c12cc09b3","name":"stdout","source":"8040bc7c12cc09b3.txt","type":"text/plain","size":1745}],"parameters":[],"attachmentsCount":2,"shouldDisplayMessage":true,"hasContent":true,"attachmentStep":false,"stepsCount":0},"afterStages":[{"name":"vacancy_page::0","time":{"start":1759784664141,"stop":1759784664141,"duration":0},"status":"passed","steps":[],"attachments":[],"parameters":[],"attachmentsCount":0,"shouldDisplayMessage":false,"hasContent":false,"attachmentStep":false,"stepsCount":0},{"name":"login_valid::0","time":{"start":1759784664142,"stop":1759784664143,"duration":1},"status":"passed","steps":[],"attachments":[],"parameters":[],"attachmentsCount":0,"shouldDisplayMessage":false,"hasContent":false,"attachmentStep":false,"stepsCount":0},{"name":"driver::0","time":{"start":1759784664144,"stop":1759784664180,"duration":36},"status":"passed","steps":[],"attachments":[],"parameters":[],"attachmentsCount":0,"shouldDisplayMessage":false,"hasContent":false,"attachmentStep":false,"stepsCount":0},{"name":"driver_setup::0","time":{"start":1759784726226,"stop":1759784730479,"duration":4253},"status":"passed","steps":[],"attachments":[],"parameters":[],"attachmentsCount":0,"shouldDisplayMessage":false,"hasContent":false,"attachmentStep":false,"stepsCount":0}],"labels":[{"name":"parentSuite","value":"tests.Recruitment"},{"name":"suite","value":"test_vacancy"},{"name":"host","value":"LAPTOP-AQ7JHBIL"},{"name":"thread","value":"10232-MainThread"},{"name":"framework","value":"pytest"},{"name":"language","value":"cpython3"},{"name":"package","value":"tests.Recruitment.test_vacancy"},{"name":"resultFormat","value":"allure2"}],"parameters":[],"links":[],"hidden":true,"retry":true,"extra":{"categories":[],"tags":[]},"source":"441beba1f566b634.json","parameterValues":[]}