{"uid":"5ae79bc509fbbbeb","name":"test_auto_generated_employee_id","fullName":"tests.PIM.test_auto_generated_employee_id.TestEmployeeAddition#test_auto_generated_employee_id","historyId":"f8a8d723d1590adf729953841ec0d890","time":{"start":1760078955343,"stop":1760078990228,"duration":34885},"status":"broken","statusMessage":"selenium.common.exceptions.TimeoutException: Message: \nStacktrace:\n\tGetHandleVerifier [0x0x69c333+65459]\n\tGetHandleVerifier [0x0x69c374+65524]\n\t(No symbol) [0x0x4bd973]\n\t(No symbol) [0x0x5076e7]\n\t(No symbol) [0x0x507a8b]\n\t(No symbol) [0x0x54dea2]\n\t(No symbol) [0x0x529e44]\n\t(No symbol) [0x0x54b606]\n\t(No symbol) [0x0x529bf6]\n\t(No symbol) [0x0x4fb38e]\n\t(No symbol) [0x0x4fc274]\n\tGetHandleVerifier [0x0x91eda3+2697763]\n\tGetHandleVerifier [0x0x919ec7+2677575]\n\tGetHandleVerifier [0x0x6c4194+228884]\n\tGetHandleVerifier [0x0x6b49f8+165496]\n\tGetHandleVerifier [0x0x6bb18d+192013]\n\tGetHandleVerifier [0x0x6a47d8+99416]\n\tGetHandleVerifier [0x0x6a4972+99826]\n\tGetHandleVerifier [0x0x68ebea+10346]\n\tBaseThreadInitThunk [0x0x76307ba9+25]\n\tRtlInitializeExceptionChain [0x0x7788c2eb+107]\n\tRtlClearBits [0x0x7788c26f+191]","statusTrace":"self = <tests.PIM.test_auto_generated_employee_id.TestEmployeeAddition object at 0x000002196BEEB890>\ndriver = <selenium.webdriver.chrome.webdriver.WebDriver (session=\"1835e4c574a049498cd97551ebf04ab6\")>\n\n    def test_auto_generated_employee_id(self, driver):\n        print(\"\\n>>> Test: Verify Auto-Generated Employee ID\")\n    \n        # --- PAGE OBJECTS ---\n        login_page = LoginPage(driver)\n        dashboard_page = DashboardPage(driver)\n        pim_page = PIMPage(driver)\n        add_employee_page = AddEmployeePage(driver)\n    \n        # --- LOGIN ---\n        login_page.login(Config.USERNAME, Config.PASSWORD)\n        WebDriverWait(driver, 15).until(lambda d: dashboard_page.is_dashboard_displayed())\n        assert dashboard_page.is_dashboard_displayed(), \"⚠ Login failed\"\n    \n        # --- NAVIGATE TO ADD EMPLOYEE ---\n        dashboard_page.navigate_to_pim()\n        WebDriverWait(driver, 15).until(lambda d: pim_page.is_pim_page())\n        assert pim_page.is_pim_page(), \"⚠ Failed to navigate to PIM\"\n    \n        pim_page.navigate_to_add_employee()\n        WebDriverWait(driver, 15).until(lambda d: add_employee_page.is_add_employee_page())\n        assert add_employee_page.is_add_employee_page(), \"⚠ Failed to navigate to Add Employee\"\n    \n        # --- FILL EMPLOYEE DETAILS ---\n        first_name = TestDataGenerator.generate_random_string(6)\n        last_name = TestDataGenerator.generate_random_string(8)\n        add_employee_page.fill_basic_employee_details(first_name, last_name)\n    \n        # --- READ AUTO-GENERATED EMPLOYEE ID ---\n        EMPLOYEE_ID_INPUT = (By.ID, \"employeeId\")\n>       WebDriverWait(driver, 15).until(EC.visibility_of_element_located(EMPLOYEE_ID_INPUT))\n\ntests\\PIM\\test_auto_generated_employee_id.py:50: \n_ _ _ _ _ _ _ _ _ _ _ _ _ _ _ _ _ _ _ _ _ _ _ _ _ _ _ _ _ _ _ _ _ _ _ _ _ _ _ _ _ _ _ _ _ _ _ _ _ _ _ _ _ _ _ _ _ _ _ _ _ _ _ _ _ _ _ _ _ _ _ _ _ _\n\nself = <selenium.webdriver.support.wait.WebDriverWait (session=\"1835e4c574a049498cd97551ebf04ab6\")>\nmethod = <function visibility_of_element_located.<locals>._predicate at 0x000002196BFB0720>, message = ''\n\n    def until(self, method: Callable[[D], Union[Literal[False], T]], message: str = \"\") -> T:\n        \"\"\"Wait until the method returns a value that is not False.\n    \n        Calls the method provided with the driver as an argument until the\n        return value does not evaluate to ``False``.\n    \n        Parameters:\n        -----------\n        method: callable(WebDriver)\n            - A callable object that takes a WebDriver instance as an argument.\n    \n        message: str\n            - Optional message for :exc:`TimeoutException`\n    \n        Return:\n        -------\n        object: T\n            - The result of the last call to `method`\n    \n        Raises:\n        -------\n        TimeoutException\n            - If 'method' does not return a truthy value within the WebDriverWait\n            object's timeout\n    \n        Example:\n        --------\n        >>> from selenium.webdriver.common.by import By\n        >>> from selenium.webdriver.support.ui import WebDriverWait\n        >>> from selenium.webdriver.support import expected_conditions as EC\n    \n        # Wait until an element is visible on the page\n        >>> wait = WebDriverWait(driver, 10)\n        >>> element = wait.until(EC.visibility_of_element_located((By.ID, \"exampleId\")))\n        >>> print(element.text)\n        \"\"\"\n        screen = None\n        stacktrace = None\n    \n        end_time = time.monotonic() + self._timeout\n        while True:\n            try:\n                value = method(self._driver)\n                if value:\n                    return value\n            except self._ignored_exceptions as exc:\n                screen = getattr(exc, \"screen\", None)\n                stacktrace = getattr(exc, \"stacktrace\", None)\n            if time.monotonic() > end_time:\n                break\n            time.sleep(self._poll)\n>       raise TimeoutException(message, screen, stacktrace)\nE       selenium.common.exceptions.TimeoutException: Message: \nE       Stacktrace:\nE       \tGetHandleVerifier [0x0x69c333+65459]\nE       \tGetHandleVerifier [0x0x69c374+65524]\nE       \t(No symbol) [0x0x4bd973]\nE       \t(No symbol) [0x0x5076e7]\nE       \t(No symbol) [0x0x507a8b]\nE       \t(No symbol) [0x0x54dea2]\nE       \t(No symbol) [0x0x529e44]\nE       \t(No symbol) [0x0x54b606]\nE       \t(No symbol) [0x0x529bf6]\nE       \t(No symbol) [0x0x4fb38e]\nE       \t(No symbol) [0x0x4fc274]\nE       \tGetHandleVerifier [0x0x91eda3+2697763]\nE       \tGetHandleVerifier [0x0x919ec7+2677575]\nE       \tGetHandleVerifier [0x0x6c4194+228884]\nE       \tGetHandleVerifier [0x0x6b49f8+165496]\nE       \tGetHandleVerifier [0x0x6bb18d+192013]\nE       \tGetHandleVerifier [0x0x6a47d8+99416]\nE       \tGetHandleVerifier [0x0x6a4972+99826]\nE       \tGetHandleVerifier [0x0x68ebea+10346]\nE       \tBaseThreadInitThunk [0x0x76307ba9+25]\nE       \tRtlInitializeExceptionChain [0x0x7788c2eb+107]\nE       \tRtlClearBits [0x0x7788c26f+191]\n\n.venv\\Lib\\site-packages\\selenium\\webdriver\\support\\wait.py:138: TimeoutException","flaky":false,"newFailed":false,"newBroken":false,"newPassed":false,"retriesCount":9,"retriesStatusChange":true,"beforeStages":[{"name":"driver_setup","time":{"start":1760078937818,"stop":1760078949090,"duration":11272},"status":"passed","steps":[],"attachments":[],"parameters":[],"attachmentsCount":0,"shouldDisplayMessage":false,"hasContent":false,"attachmentStep":false,"stepsCount":0},{"name":"driver","time":{"start":1760078949091,"stop":1760078955338,"duration":6247},"status":"passed","steps":[],"attachments":[],"parameters":[],"attachmentsCount":0,"shouldDisplayMessage":false,"hasContent":false,"attachmentStep":false,"stepsCount":0}],"testStage":{"status":"broken","statusMessage":"selenium.common.exceptions.TimeoutException: Message: \nStacktrace:\n\tGetHandleVerifier [0x0x69c333+65459]\n\tGetHandleVerifier [0x0x69c374+65524]\n\t(No symbol) [0x0x4bd973]\n\t(No symbol) [0x0x5076e7]\n\t(No symbol) [0x0x507a8b]\n\t(No symbol) [0x0x54dea2]\n\t(No symbol) [0x0x529e44]\n\t(No symbol) [0x0x54b606]\n\t(No symbol) [0x0x529bf6]\n\t(No symbol) [0x0x4fb38e]\n\t(No symbol) [0x0x4fc274]\n\tGetHandleVerifier [0x0x91eda3+2697763]\n\tGetHandleVerifier [0x0x919ec7+2677575]\n\tGetHandleVerifier [0x0x6c4194+228884]\n\tGetHandleVerifier [0x0x6b49f8+165496]\n\tGetHandleVerifier [0x0x6bb18d+192013]\n\tGetHandleVerifier [0x0x6a47d8+99416]\n\tGetHandleVerifier [0x0x6a4972+99826]\n\tGetHandleVerifier [0x0x68ebea+10346]\n\tBaseThreadInitThunk [0x0x76307ba9+25]\n\tRtlInitializeExceptionChain [0x0x7788c2eb+107]\n\tRtlClearBits [0x0x7788c26f+191]","statusTrace":"self = <tests.PIM.test_auto_generated_employee_id.TestEmployeeAddition object at 0x000002196BEEB890>\ndriver = <selenium.webdriver.chrome.webdriver.WebDriver (session=\"1835e4c574a049498cd97551ebf04ab6\")>\n\n    def test_auto_generated_employee_id(self, driver):\n        print(\"\\n>>> Test: Verify Auto-Generated Employee ID\")\n    \n        # --- PAGE OBJECTS ---\n        login_page = LoginPage(driver)\n        dashboard_page = DashboardPage(driver)\n        pim_page = PIMPage(driver)\n        add_employee_page = AddEmployeePage(driver)\n    \n        # --- LOGIN ---\n        login_page.login(Config.USERNAME, Config.PASSWORD)\n        WebDriverWait(driver, 15).until(lambda d: dashboard_page.is_dashboard_displayed())\n        assert dashboard_page.is_dashboard_displayed(), \"⚠ Login failed\"\n    \n        # --- NAVIGATE TO ADD EMPLOYEE ---\n        dashboard_page.navigate_to_pim()\n        WebDriverWait(driver, 15).until(lambda d: pim_page.is_pim_page())\n        assert pim_page.is_pim_page(), \"⚠ Failed to navigate to PIM\"\n    \n        pim_page.navigate_to_add_employee()\n        WebDriverWait(driver, 15).until(lambda d: add_employee_page.is_add_employee_page())\n        assert add_employee_page.is_add_employee_page(), \"⚠ Failed to navigate to Add Employee\"\n    \n        # --- FILL EMPLOYEE DETAILS ---\n        first_name = TestDataGenerator.generate_random_string(6)\n        last_name = TestDataGenerator.generate_random_string(8)\n        add_employee_page.fill_basic_employee_details(first_name, last_name)\n    \n        # --- READ AUTO-GENERATED EMPLOYEE ID ---\n        EMPLOYEE_ID_INPUT = (By.ID, \"employeeId\")\n>       WebDriverWait(driver, 15).until(EC.visibility_of_element_located(EMPLOYEE_ID_INPUT))\n\ntests\\PIM\\test_auto_generated_employee_id.py:50: \n_ _ _ _ _ _ _ _ _ _ _ _ _ _ _ _ _ _ _ _ _ _ _ _ _ _ _ _ _ _ _ _ _ _ _ _ _ _ _ _ _ _ _ _ _ _ _ _ _ _ _ _ _ _ _ _ _ _ _ _ _ _ _ _ _ _ _ _ _ _ _ _ _ _\n\nself = <selenium.webdriver.support.wait.WebDriverWait (session=\"1835e4c574a049498cd97551ebf04ab6\")>\nmethod = <function visibility_of_element_located.<locals>._predicate at 0x000002196BFB0720>, message = ''\n\n    def until(self, method: Callable[[D], Union[Literal[False], T]], message: str = \"\") -> T:\n        \"\"\"Wait until the method returns a value that is not False.\n    \n        Calls the method provided with the driver as an argument until the\n        return value does not evaluate to ``False``.\n    \n        Parameters:\n        -----------\n        method: callable(WebDriver)\n            - A callable object that takes a WebDriver instance as an argument.\n    \n        message: str\n            - Optional message for :exc:`TimeoutException`\n    \n        Return:\n        -------\n        object: T\n            - The result of the last call to `method`\n    \n        Raises:\n        -------\n        TimeoutException\n            - If 'method' does not return a truthy value within the WebDriverWait\n            object's timeout\n    \n        Example:\n        --------\n        >>> from selenium.webdriver.common.by import By\n        >>> from selenium.webdriver.support.ui import WebDriverWait\n        >>> from selenium.webdriver.support import expected_conditions as EC\n    \n        # Wait until an element is visible on the page\n        >>> wait = WebDriverWait(driver, 10)\n        >>> element = wait.until(EC.visibility_of_element_located((By.ID, \"exampleId\")))\n        >>> print(element.text)\n        \"\"\"\n        screen = None\n        stacktrace = None\n    \n        end_time = time.monotonic() + self._timeout\n        while True:\n            try:\n                value = method(self._driver)\n                if value:\n                    return value\n            except self._ignored_exceptions as exc:\n                screen = getattr(exc, \"screen\", None)\n                stacktrace = getattr(exc, \"stacktrace\", None)\n            if time.monotonic() > end_time:\n                break\n            time.sleep(self._poll)\n>       raise TimeoutException(message, screen, stacktrace)\nE       selenium.common.exceptions.TimeoutException: Message: \nE       Stacktrace:\nE       \tGetHandleVerifier [0x0x69c333+65459]\nE       \tGetHandleVerifier [0x0x69c374+65524]\nE       \t(No symbol) [0x0x4bd973]\nE       \t(No symbol) [0x0x5076e7]\nE       \t(No symbol) [0x0x507a8b]\nE       \t(No symbol) [0x0x54dea2]\nE       \t(No symbol) [0x0x529e44]\nE       \t(No symbol) [0x0x54b606]\nE       \t(No symbol) [0x0x529bf6]\nE       \t(No symbol) [0x0x4fb38e]\nE       \t(No symbol) [0x0x4fc274]\nE       \tGetHandleVerifier [0x0x91eda3+2697763]\nE       \tGetHandleVerifier [0x0x919ec7+2677575]\nE       \tGetHandleVerifier [0x0x6c4194+228884]\nE       \tGetHandleVerifier [0x0x6b49f8+165496]\nE       \tGetHandleVerifier [0x0x6bb18d+192013]\nE       \tGetHandleVerifier [0x0x6a47d8+99416]\nE       \tGetHandleVerifier [0x0x6a4972+99826]\nE       \tGetHandleVerifier [0x0x68ebea+10346]\nE       \tBaseThreadInitThunk [0x0x76307ba9+25]\nE       \tRtlInitializeExceptionChain [0x0x7788c2eb+107]\nE       \tRtlClearBits [0x0x7788c26f+191]\n\n.venv\\Lib\\site-packages\\selenium\\webdriver\\support\\wait.py:138: TimeoutException","steps":[],"attachments":[{"uid":"f16764355676f78d","name":"log","source":"f16764355676f78d.txt","type":"text/plain","size":1474},{"uid":"5397eef3cc2a2a96","name":"stdout","source":"5397eef3cc2a2a96.txt","type":"text/plain","size":631}],"parameters":[],"attachmentsCount":2,"shouldDisplayMessage":true,"hasContent":true,"attachmentStep":false,"stepsCount":0},"afterStages":[{"name":"driver::0","time":{"start":1760078991016,"stop":1760078991073,"duration":57},"status":"passed","steps":[],"attachments":[],"parameters":[],"attachmentsCount":0,"shouldDisplayMessage":false,"hasContent":false,"attachmentStep":false,"stepsCount":0},{"name":"driver_setup::0","time":{"start":1760078991076,"stop":1760078998192,"duration":7116},"status":"passed","steps":[],"attachments":[],"parameters":[],"attachmentsCount":0,"shouldDisplayMessage":false,"hasContent":false,"attachmentStep":false,"stepsCount":0}],"labels":[{"name":"parentSuite","value":"tests.PIM"},{"name":"suite","value":"test_auto_generated_employee_id"},{"name":"subSuite","value":"TestEmployeeAddition"},{"name":"host","value":"LAPTOP-AQ7JHBIL"},{"name":"thread","value":"12632-MainThread"},{"name":"framework","value":"pytest"},{"name":"language","value":"cpython3"},{"name":"package","value":"tests.PIM.test_auto_generated_employee_id"},{"name":"resultFormat","value":"allure2"}],"parameters":[],"links":[],"hidden":false,"retry":false,"extra":{"severity":"normal","retries":[{"uid":"a3d165a94a316457","status":"broken","statusDetails":"selenium.common.exceptions.TimeoutException: Message: \nStacktrace:\n\tGetHandleVerifier [0x0xb3c333+65459]\n\tGetHandleVerifier [0x0xb3c374+65524]\n\t(No symbol) [0x0x95d973]\n\t(No symbol) [0x0x9a76e7]\n\t(No symbol) [0x0x9a7a8b]\n\t(No symbol) [0x0x9edea2]\n\t(No symbol) [0x0x9c9e44]\n\t(No symbol) [0x0x9eb606]\n\t(No symbol) [0x0x9c9bf6]\n\t(No symbol) [0x0x99b38e]\n\t(No symbol) [0x0x99c274]\n\tGetHandleVerifier [0x0xdbeda3+2697763]\n\tGetHandleVerifier [0x0xdb9ec7+2677575]\n\tGetHandleVerifier [0x0xb64194+228884]\n\tGetHandleVerifier [0x0xb549f8+165496]\n\tGetHandleVerifier [0x0xb5b18d+192013]\n\tGetHandleVerifier [0x0xb447d8+99416]\n\tGetHandleVerifier [0x0xb44972+99826]\n\tGetHandleVerifier [0x0xb2ebea+10346]\n\tBaseThreadInitThunk [0x0x76307ba9+25]\n\tRtlInitializeExceptionChain [0x0x7788c2eb+107]\n\tRtlClearBits [0x0x7788c26f+191]","time":{"start":1759834661758,"stop":1759834694999,"duration":33241}},{"uid":"125268963b21e071","status":"broken","statusDetails":"selenium.common.exceptions.TimeoutException: Message: \nStacktrace:\n\tGetHandleVerifier [0x0xdcc333+65459]\n\tGetHandleVerifier [0x0xdcc374+65524]\n\t(No symbol) [0x0xbed973]\n\t(No symbol) [0x0xc376e7]\n\t(No symbol) [0x0xc37a8b]\n\t(No symbol) [0x0xc7dea2]\n\t(No symbol) [0x0xc59e44]\n\t(No symbol) [0x0xc7b606]\n\t(No symbol) [0x0xc59bf6]\n\t(No symbol) [0x0xc2b38e]\n\t(No symbol) [0x0xc2c274]\n\tGetHandleVerifier [0x0x104eda3+2697763]\n\tGetHandleVerifier [0x0x1049ec7+2677575]\n\tGetHandleVerifier [0x0xdf4194+228884]\n\tGetHandleVerifier [0x0xde49f8+165496]\n\tGetHandleVerifier [0x0xdeb18d+192013]\n\tGetHandleVerifier [0x0xdd47d8+99416]\n\tGetHandleVerifier [0x0xdd4972+99826]\n\tGetHandleVerifier [0x0xdbebea+10346]\n\tBaseThreadInitThunk [0x0x76307ba9+25]\n\tRtlInitializeExceptionChain [0x0x7788c2eb+107]\n\tRtlClearBits [0x0x7788c26f+191]","time":{"start":1759834349896,"stop":1759834384457,"duration":34561}},{"uid":"356099a8c970a18c","status":"broken","statusDetails":"selenium.common.exceptions.TimeoutException: Message: \nStacktrace:\n\tGetHandleVerifier [0x0xd2c333+65459]\n\tGetHandleVerifier [0x0xd2c374+65524]\n\t(No symbol) [0x0xb4d973]\n\t(No symbol) [0x0xb976e7]\n\t(No symbol) [0x0xb97a8b]\n\t(No symbol) [0x0xbddea2]\n\t(No symbol) [0x0xbb9e44]\n\t(No symbol) [0x0xbdb606]\n\t(No symbol) [0x0xbb9bf6]\n\t(No symbol) [0x0xb8b38e]\n\t(No symbol) [0x0xb8c274]\n\tGetHandleVerifier [0x0xfaeda3+2697763]\n\tGetHandleVerifier [0x0xfa9ec7+2677575]\n\tGetHandleVerifier [0x0xd54194+228884]\n\tGetHandleVerifier [0x0xd449f8+165496]\n\tGetHandleVerifier [0x0xd4b18d+192013]\n\tGetHandleVerifier [0x0xd347d8+99416]\n\tGetHandleVerifier [0x0xd34972+99826]\n\tGetHandleVerifier [0x0xd1ebea+10346]\n\tBaseThreadInitThunk [0x0x76307ba9+25]\n\tRtlInitializeExceptionChain [0x0x7788c2eb+107]\n\tRtlClearBits [0x0x7788c26f+191]","time":{"start":1759834057291,"stop":1759834092511,"duration":35220}},{"uid":"b7e664fc657e3abd","status":"broken","statusDetails":"selenium.common.exceptions.TimeoutException: Message: \nStacktrace:\n\tGetHandleVerifier [0x0xf8c333+65459]\n\tGetHandleVerifier [0x0xf8c374+65524]\n\t(No symbol) [0x0xdad973]\n\t(No symbol) [0x0xdf76e7]\n\t(No symbol) [0x0xdf7a8b]\n\t(No symbol) [0x0xe3dea2]\n\t(No symbol) [0x0xe19e44]\n\t(No symbol) [0x0xe3b606]\n\t(No symbol) [0x0xe19bf6]\n\t(No symbol) [0x0xdeb38e]\n\t(No symbol) [0x0xdec274]\n\tGetHandleVerifier [0x0x120eda3+2697763]\n\tGetHandleVerifier [0x0x1209ec7+2677575]\n\tGetHandleVerifier [0x0xfb4194+228884]\n\tGetHandleVerifier [0x0xfa49f8+165496]\n\tGetHandleVerifier [0x0xfab18d+192013]\n\tGetHandleVerifier [0x0xf947d8+99416]\n\tGetHandleVerifier [0x0xf94972+99826]\n\tGetHandleVerifier [0x0xf7ebea+10346]\n\tBaseThreadInitThunk [0x0x76307ba9+25]\n\tRtlInitializeExceptionChain [0x0x7788c2eb+107]\n\tRtlClearBits [0x0x7788c26f+191]","time":{"start":1759833373567,"stop":1759833421994,"duration":48427}},{"uid":"e8a61922f041ccfd","status":"broken","statusDetails":"selenium.common.exceptions.TimeoutException: Message: \nStacktrace:\n\tGetHandleVerifier [0x0xd2c333+65459]\n\tGetHandleVerifier [0x0xd2c374+65524]\n\t(No symbol) [0x0xb4d973]\n\t(No symbol) [0x0xb976e7]\n\t(No symbol) [0x0xb97a8b]\n\t(No symbol) [0x0xbddea2]\n\t(No symbol) [0x0xbb9e44]\n\t(No symbol) [0x0xbdb606]\n\t(No symbol) [0x0xbb9bf6]\n\t(No symbol) [0x0xb8b38e]\n\t(No symbol) [0x0xb8c274]\n\tGetHandleVerifier [0x0xfaeda3+2697763]\n\tGetHandleVerifier [0x0xfa9ec7+2677575]\n\tGetHandleVerifier [0x0xd54194+228884]\n\tGetHandleVerifier [0x0xd449f8+165496]\n\tGetHandleVerifier [0x0xd4b18d+192013]\n\tGetHandleVerifier [0x0xd347d8+99416]\n\tGetHandleVerifier [0x0xd34972+99826]\n\tGetHandleVerifier [0x0xd1ebea+10346]\n\tBaseThreadInitThunk [0x0x76307ba9+25]\n\tRtlInitializeExceptionChain [0x0x7788c2eb+107]\n\tRtlClearBits [0x0x7788c26f+191]","time":{"start":1759832693839,"stop":1759832759422,"duration":65583}},{"uid":"ee7bab12fe66668","status":"broken","statusDetails":"selenium.common.exceptions.TimeoutException: Message: \nStacktrace:\n\tGetHandleVerifier [0x0x90c333+65459]\n\tGetHandleVerifier [0x0x90c374+65524]\n\t(No symbol) [0x0x72d973]\n\t(No symbol) [0x0x7776e7]\n\t(No symbol) [0x0x777a8b]\n\t(No symbol) [0x0x7bdea2]\n\t(No symbol) [0x0x799e44]\n\t(No symbol) [0x0x7bb606]\n\t(No symbol) [0x0x799bf6]\n\t(No symbol) [0x0x76b38e]\n\t(No symbol) [0x0x76c274]\n\tGetHandleVerifier [0x0xb8eda3+2697763]\n\tGetHandleVerifier [0x0xb89ec7+2677575]\n\tGetHandleVerifier [0x0x934194+228884]\n\tGetHandleVerifier [0x0x9249f8+165496]\n\tGetHandleVerifier [0x0x92b18d+192013]\n\tGetHandleVerifier [0x0x9147d8+99416]\n\tGetHandleVerifier [0x0x914972+99826]\n\tGetHandleVerifier [0x0x8febea+10346]\n\tBaseThreadInitThunk [0x0x76307ba9+25]\n\tRtlInitializeExceptionChain [0x0x7788c2eb+107]\n\tRtlClearBits [0x0x7788c26f+191]","time":{"start":1759831093465,"stop":1759831130004,"duration":36539}},{"uid":"e5c69adb24d8f6a1","status":"broken","statusDetails":"selenium.common.exceptions.TimeoutException: Message: \nStacktrace:\n\tGetHandleVerifier [0x0x115c333+65459]\n\tGetHandleVerifier [0x0x115c374+65524]\n\t(No symbol) [0x0xf7d973]\n\t(No symbol) [0x0xfc76e7]\n\t(No symbol) [0x0xfc7a8b]\n\t(No symbol) [0x0x100dea2]\n\t(No symbol) [0x0xfe9e44]\n\t(No symbol) [0x0x100b606]\n\t(No symbol) [0x0xfe9bf6]\n\t(No symbol) [0x0xfbb38e]\n\t(No symbol) [0x0xfbc274]\n\tGetHandleVerifier [0x0x13deda3+2697763]\n\tGetHandleVerifier [0x0x13d9ec7+2677575]\n\tGetHandleVerifier [0x0x1184194+228884]\n\tGetHandleVerifier [0x0x11749f8+165496]\n\tGetHandleVerifier [0x0x117b18d+192013]\n\tGetHandleVerifier [0x0x11647d8+99416]\n\tGetHandleVerifier [0x0x1164972+99826]\n\tGetHandleVerifier [0x0x114ebea+10346]\n\tBaseThreadInitThunk [0x0x76307ba9+25]\n\tRtlInitializeExceptionChain [0x0x7788c2eb+107]\n\tRtlClearBits [0x0x7788c26f+191]","time":{"start":1759830752407,"stop":1759830795200,"duration":42793}},{"uid":"699cb7692cde1106","status":"broken","statusDetails":"selenium.common.exceptions.TimeoutException: Message: \nStacktrace:\n\tGetHandleVerifier [0x0x46c333+65459]\n\tGetHandleVerifier [0x0x46c374+65524]\n\t(No symbol) [0x0x28d973]\n\t(No symbol) [0x0x2d76e7]\n\t(No symbol) [0x0x2d7a8b]\n\t(No symbol) [0x0x31dea2]\n\t(No symbol) [0x0x2f9e44]\n\t(No symbol) [0x0x31b606]\n\t(No symbol) [0x0x2f9bf6]\n\t(No symbol) [0x0x2cb38e]\n\t(No symbol) [0x0x2cc274]\n\tGetHandleVerifier [0x0x6eeda3+2697763]\n\tGetHandleVerifier [0x0x6e9ec7+2677575]\n\tGetHandleVerifier [0x0x494194+228884]\n\tGetHandleVerifier [0x0x4849f8+165496]\n\tGetHandleVerifier [0x0x48b18d+192013]\n\tGetHandleVerifier [0x0x4747d8+99416]\n\tGetHandleVerifier [0x0x474972+99826]\n\tGetHandleVerifier [0x0x45ebea+10346]\n\tBaseThreadInitThunk [0x0x76307ba9+25]\n\tRtlInitializeExceptionChain [0x0x7788c2eb+107]\n\tRtlClearBits [0x0x7788c26f+191]","time":{"start":1759830325374,"stop":1759830364313,"duration":38939}},{"uid":"cced36b5f0ee5f95","status":"failed","statusDetails":"AssertionError: ⚠ Login failed\nassert False\n +  where False = is_dashboard_displayed()\n +    where is_dashboard_displayed = <pages.dashboard_page.DashboardPage object at 0x00000275098E2000>.is_dashboard_displayed","time":{"start":1759784589914,"stop":1759784602382,"duration":12468}}],"categories":[{"name":"Test defects","matchedStatuses":[]}],"tags":[]},"source":"5ae79bc509fbbbeb.json","parameterValues":[]}