{"uid":"c24f456b53069d13","name":"test_create_leave_type_and_assign_entitlement","fullName":"tests.Leave.test_admin_create_leave.TestAdminLeave#test_create_leave_type_and_assign_entitlement","historyId":"cb758ddbdf2cb78ddee60a0dbaffb300","time":{"start":1759784304882,"stop":1759784320149,"duration":15267},"status":"broken","statusMessage":"selenium.common.exceptions.TimeoutException: Message: \nStacktrace:\n\tGetHandleVerifier [0x0x126c333+65459]\n\tGetHandleVerifier [0x0x126c374+65524]\n\t(No symbol) [0x0x108d973]\n\t(No symbol) [0x0x10d76e7]\n\t(No symbol) [0x0x10d7a8b]\n\t(No symbol) [0x0x111dea2]\n\t(No symbol) [0x0x10f9e44]\n\t(No symbol) [0x0x111b606]\n\t(No symbol) [0x0x10f9bf6]\n\t(No symbol) [0x0x10cb38e]\n\t(No symbol) [0x0x10cc274]\n\tGetHandleVerifier [0x0x14eeda3+2697763]\n\tGetHandleVerifier [0x0x14e9ec7+2677575]\n\tGetHandleVerifier [0x0x1294194+228884]\n\tGetHandleVerifier [0x0x12849f8+165496]\n\tGetHandleVerifier [0x0x128b18d+192013]\n\tGetHandleVerifier [0x0x12747d8+99416]\n\tGetHandleVerifier [0x0x1274972+99826]\n\tGetHandleVerifier [0x0x125ebea+10346]\n\tBaseThreadInitThunk [0x0x76307ba9+25]\n\tRtlInitializeExceptionChain [0x0x7788c2eb+107]\n\tRtlClearBits [0x0x7788c26f+191]","statusTrace":"self = <tests.Leave.test_admin_create_leave.TestAdminLeave object at 0x000002750934BD90>\ndriver = <selenium.webdriver.chrome.webdriver.WebDriver (session=\"7a6f2d61cde534c28806640c30e3cbfb\")>\n\n    def test_create_leave_type_and_assign_entitlement(self, driver):\n        login = LoginPage(driver)\n        leave_admin = LeaveAdminPage(driver)\n    \n        # Step 1: Login as Admin\n        logger.info(\"Starting test: Create Leave Type and Assign Entitlement\")\n        logger.info(f\"Logging in as Admin: {Config.USERNAME}\")\n        login.login(Config.USERNAME, Config.PASSWORD)\n        logger.info(\"Login successful.\")\n    \n        # Step 2: Navigate & Add Leave Type\n        logger.info(\"Navigating to Leave Types page.\")\n>       leave_admin.navigate_to_leave_types()\n\ntests\\Leave\\test_admin_create_leave.py:26: \n_ _ _ _ _ _ _ _ _ _ _ _ _ _ _ _ _ _ _ _ _ _ _ _ _ _ _ _ _ _ _ _ _ _ _ _ _ _ _ _ _ _ _ _ _ _ _ _ _ _ _ _ _ _ _ _ _ _ _ _ _ _ _ _ _ _ _ _ _ _ _ _ _ _\npages\\leave_admin_page.py:45: in navigate_to_leave_types\n    self.wait.until(EC.element_to_be_clickable(self.LEAVE_TYPES)).click()\n    ^^^^^^^^^^^^^^^^^^^^^^^^^^^^^^^^^^^^^^^^^^^^^^^^^^^^^^^^^^^^^\n_ _ _ _ _ _ _ _ _ _ _ _ _ _ _ _ _ _ _ _ _ _ _ _ _ _ _ _ _ _ _ _ _ _ _ _ _ _ _ _ _ _ _ _ _ _ _ _ _ _ _ _ _ _ _ _ _ _ _ _ _ _ _ _ _ _ _ _ _ _ _ _ _ _\n\nself = <selenium.webdriver.support.wait.WebDriverWait (session=\"7a6f2d61cde534c28806640c30e3cbfb\")>\nmethod = <function element_to_be_clickable.<locals>._predicate at 0x000002750949EA20>, message = ''\n\n    def until(self, method: Callable[[D], Union[Literal[False], T]], message: str = \"\") -> T:\n        \"\"\"Wait until the method returns a value that is not False.\n    \n        Calls the method provided with the driver as an argument until the\n        return value does not evaluate to ``False``.\n    \n        Parameters:\n        -----------\n        method: callable(WebDriver)\n            - A callable object that takes a WebDriver instance as an argument.\n    \n        message: str\n            - Optional message for :exc:`TimeoutException`\n    \n        Return:\n        -------\n        object: T\n            - The result of the last call to `method`\n    \n        Raises:\n        -------\n        TimeoutException\n            - If 'method' does not return a truthy value within the WebDriverWait\n            object's timeout\n    \n        Example:\n        --------\n        >>> from selenium.webdriver.common.by import By\n        >>> from selenium.webdriver.support.ui import WebDriverWait\n        >>> from selenium.webdriver.support import expected_conditions as EC\n    \n        # Wait until an element is visible on the page\n        >>> wait = WebDriverWait(driver, 10)\n        >>> element = wait.until(EC.visibility_of_element_located((By.ID, \"exampleId\")))\n        >>> print(element.text)\n        \"\"\"\n        screen = None\n        stacktrace = None\n    \n        end_time = time.monotonic() + self._timeout\n        while True:\n            try:\n                value = method(self._driver)\n                if value:\n                    return value\n            except self._ignored_exceptions as exc:\n                screen = getattr(exc, \"screen\", None)\n                stacktrace = getattr(exc, \"stacktrace\", None)\n            if time.monotonic() > end_time:\n                break\n            time.sleep(self._poll)\n>       raise TimeoutException(message, screen, stacktrace)\nE       selenium.common.exceptions.TimeoutException: Message: \nE       Stacktrace:\nE       \tGetHandleVerifier [0x0x126c333+65459]\nE       \tGetHandleVerifier [0x0x126c374+65524]\nE       \t(No symbol) [0x0x108d973]\nE       \t(No symbol) [0x0x10d76e7]\nE       \t(No symbol) [0x0x10d7a8b]\nE       \t(No symbol) [0x0x111dea2]\nE       \t(No symbol) [0x0x10f9e44]\nE       \t(No symbol) [0x0x111b606]\nE       \t(No symbol) [0x0x10f9bf6]\nE       \t(No symbol) [0x0x10cb38e]\nE       \t(No symbol) [0x0x10cc274]\nE       \tGetHandleVerifier [0x0x14eeda3+2697763]\nE       \tGetHandleVerifier [0x0x14e9ec7+2677575]\nE       \tGetHandleVerifier [0x0x1294194+228884]\nE       \tGetHandleVerifier [0x0x12849f8+165496]\nE       \tGetHandleVerifier [0x0x128b18d+192013]\nE       \tGetHandleVerifier [0x0x12747d8+99416]\nE       \tGetHandleVerifier [0x0x1274972+99826]\nE       \tGetHandleVerifier [0x0x125ebea+10346]\nE       \tBaseThreadInitThunk [0x0x76307ba9+25]\nE       \tRtlInitializeExceptionChain [0x0x7788c2eb+107]\nE       \tRtlClearBits [0x0x7788c26f+191]\n\n.venv\\Lib\\site-packages\\selenium\\webdriver\\support\\wait.py:138: TimeoutException","flaky":false,"newFailed":false,"newBroken":false,"newPassed":false,"retriesCount":0,"retriesStatusChange":false,"beforeStages":[{"name":"driver_setup","time":{"start":1759784138532,"stop":1759784149747,"duration":11215},"status":"passed","steps":[],"attachments":[],"parameters":[],"attachmentsCount":0,"shouldDisplayMessage":false,"hasContent":false,"attachmentStep":false,"stepsCount":0},{"name":"driver","time":{"start":1759784303150,"stop":1759784304880,"duration":1730},"status":"passed","steps":[],"attachments":[],"parameters":[],"attachmentsCount":0,"shouldDisplayMessage":false,"hasContent":false,"attachmentStep":false,"stepsCount":0}],"testStage":{"status":"broken","statusMessage":"selenium.common.exceptions.TimeoutException: Message: \nStacktrace:\n\tGetHandleVerifier [0x0x126c333+65459]\n\tGetHandleVerifier [0x0x126c374+65524]\n\t(No symbol) [0x0x108d973]\n\t(No symbol) [0x0x10d76e7]\n\t(No symbol) [0x0x10d7a8b]\n\t(No symbol) [0x0x111dea2]\n\t(No symbol) [0x0x10f9e44]\n\t(No symbol) [0x0x111b606]\n\t(No symbol) [0x0x10f9bf6]\n\t(No symbol) [0x0x10cb38e]\n\t(No symbol) [0x0x10cc274]\n\tGetHandleVerifier [0x0x14eeda3+2697763]\n\tGetHandleVerifier [0x0x14e9ec7+2677575]\n\tGetHandleVerifier [0x0x1294194+228884]\n\tGetHandleVerifier [0x0x12849f8+165496]\n\tGetHandleVerifier [0x0x128b18d+192013]\n\tGetHandleVerifier [0x0x12747d8+99416]\n\tGetHandleVerifier [0x0x1274972+99826]\n\tGetHandleVerifier [0x0x125ebea+10346]\n\tBaseThreadInitThunk [0x0x76307ba9+25]\n\tRtlInitializeExceptionChain [0x0x7788c2eb+107]\n\tRtlClearBits [0x0x7788c26f+191]","statusTrace":"self = <tests.Leave.test_admin_create_leave.TestAdminLeave object at 0x000002750934BD90>\ndriver = <selenium.webdriver.chrome.webdriver.WebDriver (session=\"7a6f2d61cde534c28806640c30e3cbfb\")>\n\n    def test_create_leave_type_and_assign_entitlement(self, driver):\n        login = LoginPage(driver)\n        leave_admin = LeaveAdminPage(driver)\n    \n        # Step 1: Login as Admin\n        logger.info(\"Starting test: Create Leave Type and Assign Entitlement\")\n        logger.info(f\"Logging in as Admin: {Config.USERNAME}\")\n        login.login(Config.USERNAME, Config.PASSWORD)\n        logger.info(\"Login successful.\")\n    \n        # Step 2: Navigate & Add Leave Type\n        logger.info(\"Navigating to Leave Types page.\")\n>       leave_admin.navigate_to_leave_types()\n\ntests\\Leave\\test_admin_create_leave.py:26: \n_ _ _ _ _ _ _ _ _ _ _ _ _ _ _ _ _ _ _ _ _ _ _ _ _ _ _ _ _ _ _ _ _ _ _ _ _ _ _ _ _ _ _ _ _ _ _ _ _ _ _ _ _ _ _ _ _ _ _ _ _ _ _ _ _ _ _ _ _ _ _ _ _ _\npages\\leave_admin_page.py:45: in navigate_to_leave_types\n    self.wait.until(EC.element_to_be_clickable(self.LEAVE_TYPES)).click()\n    ^^^^^^^^^^^^^^^^^^^^^^^^^^^^^^^^^^^^^^^^^^^^^^^^^^^^^^^^^^^^^\n_ _ _ _ _ _ _ _ _ _ _ _ _ _ _ _ _ _ _ _ _ _ _ _ _ _ _ _ _ _ _ _ _ _ _ _ _ _ _ _ _ _ _ _ _ _ _ _ _ _ _ _ _ _ _ _ _ _ _ _ _ _ _ _ _ _ _ _ _ _ _ _ _ _\n\nself = <selenium.webdriver.support.wait.WebDriverWait (session=\"7a6f2d61cde534c28806640c30e3cbfb\")>\nmethod = <function element_to_be_clickable.<locals>._predicate at 0x000002750949EA20>, message = ''\n\n    def until(self, method: Callable[[D], Union[Literal[False], T]], message: str = \"\") -> T:\n        \"\"\"Wait until the method returns a value that is not False.\n    \n        Calls the method provided with the driver as an argument until the\n        return value does not evaluate to ``False``.\n    \n        Parameters:\n        -----------\n        method: callable(WebDriver)\n            - A callable object that takes a WebDriver instance as an argument.\n    \n        message: str\n            - Optional message for :exc:`TimeoutException`\n    \n        Return:\n        -------\n        object: T\n            - The result of the last call to `method`\n    \n        Raises:\n        -------\n        TimeoutException\n            - If 'method' does not return a truthy value within the WebDriverWait\n            object's timeout\n    \n        Example:\n        --------\n        >>> from selenium.webdriver.common.by import By\n        >>> from selenium.webdriver.support.ui import WebDriverWait\n        >>> from selenium.webdriver.support import expected_conditions as EC\n    \n        # Wait until an element is visible on the page\n        >>> wait = WebDriverWait(driver, 10)\n        >>> element = wait.until(EC.visibility_of_element_located((By.ID, \"exampleId\")))\n        >>> print(element.text)\n        \"\"\"\n        screen = None\n        stacktrace = None\n    \n        end_time = time.monotonic() + self._timeout\n        while True:\n            try:\n                value = method(self._driver)\n                if value:\n                    return value\n            except self._ignored_exceptions as exc:\n                screen = getattr(exc, \"screen\", None)\n                stacktrace = getattr(exc, \"stacktrace\", None)\n            if time.monotonic() > end_time:\n                break\n            time.sleep(self._poll)\n>       raise TimeoutException(message, screen, stacktrace)\nE       selenium.common.exceptions.TimeoutException: Message: \nE       Stacktrace:\nE       \tGetHandleVerifier [0x0x126c333+65459]\nE       \tGetHandleVerifier [0x0x126c374+65524]\nE       \t(No symbol) [0x0x108d973]\nE       \t(No symbol) [0x0x10d76e7]\nE       \t(No symbol) [0x0x10d7a8b]\nE       \t(No symbol) [0x0x111dea2]\nE       \t(No symbol) [0x0x10f9e44]\nE       \t(No symbol) [0x0x111b606]\nE       \t(No symbol) [0x0x10f9bf6]\nE       \t(No symbol) [0x0x10cb38e]\nE       \t(No symbol) [0x0x10cc274]\nE       \tGetHandleVerifier [0x0x14eeda3+2697763]\nE       \tGetHandleVerifier [0x0x14e9ec7+2677575]\nE       \tGetHandleVerifier [0x0x1294194+228884]\nE       \tGetHandleVerifier [0x0x12849f8+165496]\nE       \tGetHandleVerifier [0x0x128b18d+192013]\nE       \tGetHandleVerifier [0x0x12747d8+99416]\nE       \tGetHandleVerifier [0x0x1274972+99826]\nE       \tGetHandleVerifier [0x0x125ebea+10346]\nE       \tBaseThreadInitThunk [0x0x76307ba9+25]\nE       \tRtlInitializeExceptionChain [0x0x7788c2eb+107]\nE       \tRtlClearBits [0x0x7788c26f+191]\n\n.venv\\Lib\\site-packages\\selenium\\webdriver\\support\\wait.py:138: TimeoutException","steps":[],"attachments":[{"uid":"e17fee1731c7654","name":"log","source":"e17fee1731c7654.txt","type":"text/plain","size":1247}],"parameters":[],"attachmentsCount":1,"shouldDisplayMessage":true,"hasContent":true,"attachmentStep":false,"stepsCount":0},"afterStages":[{"name":"driver::0","time":{"start":1759784320979,"stop":1759784321063,"duration":84},"status":"passed","steps":[],"attachments":[],"parameters":[],"attachmentsCount":0,"shouldDisplayMessage":false,"hasContent":false,"attachmentStep":false,"stepsCount":0},{"name":"driver_setup::0","time":{"start":1759784726226,"stop":1759784730479,"duration":4253},"status":"passed","steps":[],"attachments":[],"parameters":[],"attachmentsCount":0,"shouldDisplayMessage":false,"hasContent":false,"attachmentStep":false,"stepsCount":0}],"labels":[{"name":"parentSuite","value":"tests.Leave"},{"name":"suite","value":"test_admin_create_leave"},{"name":"subSuite","value":"TestAdminLeave"},{"name":"host","value":"LAPTOP-AQ7JHBIL"},{"name":"thread","value":"10232-MainThread"},{"name":"framework","value":"pytest"},{"name":"language","value":"cpython3"},{"name":"package","value":"tests.Leave.test_admin_create_leave"},{"name":"resultFormat","value":"allure2"}],"parameters":[],"links":[],"hidden":true,"retry":true,"extra":{"categories":[],"tags":[]},"source":"c24f456b53069d13.json","parameterValues":[]}