{"uid":"e5c69adb24d8f6a1","name":"test_auto_generated_employee_id","fullName":"tests.PIM.test_auto_generated_employee_id.TestEmployeeAddition#test_auto_generated_employee_id","historyId":"f8a8d723d1590adf729953841ec0d890","time":{"start":1759830752407,"stop":1759830795200,"duration":42793},"status":"broken","statusMessage":"selenium.common.exceptions.TimeoutException: Message: \nStacktrace:\n\tGetHandleVerifier [0x0x115c333+65459]\n\tGetHandleVerifier [0x0x115c374+65524]\n\t(No symbol) [0x0xf7d973]\n\t(No symbol) [0x0xfc76e7]\n\t(No symbol) [0x0xfc7a8b]\n\t(No symbol) [0x0x100dea2]\n\t(No symbol) [0x0xfe9e44]\n\t(No symbol) [0x0x100b606]\n\t(No symbol) [0x0xfe9bf6]\n\t(No symbol) [0x0xfbb38e]\n\t(No symbol) [0x0xfbc274]\n\tGetHandleVerifier [0x0x13deda3+2697763]\n\tGetHandleVerifier [0x0x13d9ec7+2677575]\n\tGetHandleVerifier [0x0x1184194+228884]\n\tGetHandleVerifier [0x0x11749f8+165496]\n\tGetHandleVerifier [0x0x117b18d+192013]\n\tGetHandleVerifier [0x0x11647d8+99416]\n\tGetHandleVerifier [0x0x1164972+99826]\n\tGetHandleVerifier [0x0x114ebea+10346]\n\tBaseThreadInitThunk [0x0x76307ba9+25]\n\tRtlInitializeExceptionChain [0x0x7788c2eb+107]\n\tRtlClearBits [0x0x7788c26f+191]","statusTrace":"self = <tests.PIM.test_auto_generated_employee_id.TestEmployeeAddition object at 0x0000020A0224B750>\ndriver = <selenium.webdriver.chrome.webdriver.WebDriver (session=\"a2628360795c46ab338bb17f7edb5df2\")>\n\n    def test_auto_generated_employee_id(self, driver):\n        print(\"\\n>>> Test: Verify Auto-Generated Employee ID\")\n        login_page = LoginPage(driver)\n        dashboard_page = DashboardPage(driver)\n        pim_page = PIMPage(driver)\n        add_employee_page = AddEmployeePage(driver)\n    \n        login_page.login(Config.USERNAME, Config.PASSWORD)\n        assert dashboard_page.is_dashboard_displayed(), \"⚠ Login failed\"\n        dashboard_page.navigate_to_pim()\n        assert pim_page.is_pim_page(), \"⚠ Failed to navigate to PIM\"\n        pim_page.navigate_to_add_employee()\n        assert add_employee_page.is_add_employee_page(), \"⚠ Failed to navigate to Add Employee\"\n    \n        first_name = TestDataGenerator.generate_random_string(6)\n        last_name = TestDataGenerator.generate_random_string(8)\n        add_employee_page.fill_basic_employee_details(first_name, last_name)\n    \n        WebDriverWait(driver, 5).until(lambda d: add_employee_page.get_employee_id() != \"\")\n        employee_id_before_save = add_employee_page.get_employee_id()\n        print(f\">>> Employee ID before save: {employee_id_before_save}\")\n    \n        add_employee_page.save_employee()\n>       employee_id_after_save = add_employee_page.get_employee_id()\n                                 ^^^^^^^^^^^^^^^^^^^^^^^^^^^^^^^^^^^\n\ntests\\PIM\\test_auto_generated_employee_id.py:40: \n_ _ _ _ _ _ _ _ _ _ _ _ _ _ _ _ _ _ _ _ _ _ _ _ _ _ _ _ _ _ _ _ _ _ _ _ _ _ _ _ _ _ _ _ _ _ _ _ _ _ _ _ _ _ _ _ _ _ _ _ _ _ _ _ _ _ _ _ _ _ _ _ _ _\npages\\add_employee_page.py:77: in get_employee_id\n    element = self.find_element(self.EMPLOYEE_ID_INPUT)\n              ^^^^^^^^^^^^^^^^^^^^^^^^^^^^^^^^^^^^^^^^^\npages\\base_page.py:16: in find_element\n    return self.wait.until(EC.presence_of_element_located(locator))\n           ^^^^^^^^^^^^^^^^^^^^^^^^^^^^^^^^^^^^^^^^^^^^^^^^^^^^^^^^\n_ _ _ _ _ _ _ _ _ _ _ _ _ _ _ _ _ _ _ _ _ _ _ _ _ _ _ _ _ _ _ _ _ _ _ _ _ _ _ _ _ _ _ _ _ _ _ _ _ _ _ _ _ _ _ _ _ _ _ _ _ _ _ _ _ _ _ _ _ _ _ _ _ _\n\nself = <selenium.webdriver.support.wait.WebDriverWait (session=\"a2628360795c46ab338bb17f7edb5df2\")>\nmethod = <function presence_of_element_located.<locals>._predicate at 0x0000020A022E1A80>, message = ''\n\n    def until(self, method: Callable[[D], Union[Literal[False], T]], message: str = \"\") -> T:\n        \"\"\"Wait until the method returns a value that is not False.\n    \n        Calls the method provided with the driver as an argument until the\n        return value does not evaluate to ``False``.\n    \n        Parameters:\n        -----------\n        method: callable(WebDriver)\n            - A callable object that takes a WebDriver instance as an argument.\n    \n        message: str\n            - Optional message for :exc:`TimeoutException`\n    \n        Return:\n        -------\n        object: T\n            - The result of the last call to `method`\n    \n        Raises:\n        -------\n        TimeoutException\n            - If 'method' does not return a truthy value within the WebDriverWait\n            object's timeout\n    \n        Example:\n        --------\n        >>> from selenium.webdriver.common.by import By\n        >>> from selenium.webdriver.support.ui import WebDriverWait\n        >>> from selenium.webdriver.support import expected_conditions as EC\n    \n        # Wait until an element is visible on the page\n        >>> wait = WebDriverWait(driver, 10)\n        >>> element = wait.until(EC.visibility_of_element_located((By.ID, \"exampleId\")))\n        >>> print(element.text)\n        \"\"\"\n        screen = None\n        stacktrace = None\n    \n        end_time = time.monotonic() + self._timeout\n        while True:\n            try:\n                value = method(self._driver)\n                if value:\n                    return value\n            except self._ignored_exceptions as exc:\n                screen = getattr(exc, \"screen\", None)\n                stacktrace = getattr(exc, \"stacktrace\", None)\n            if time.monotonic() > end_time:\n                break\n            time.sleep(self._poll)\n>       raise TimeoutException(message, screen, stacktrace)\nE       selenium.common.exceptions.TimeoutException: Message: \nE       Stacktrace:\nE       \tGetHandleVerifier [0x0x115c333+65459]\nE       \tGetHandleVerifier [0x0x115c374+65524]\nE       \t(No symbol) [0x0xf7d973]\nE       \t(No symbol) [0x0xfc76e7]\nE       \t(No symbol) [0x0xfc7a8b]\nE       \t(No symbol) [0x0x100dea2]\nE       \t(No symbol) [0x0xfe9e44]\nE       \t(No symbol) [0x0x100b606]\nE       \t(No symbol) [0x0xfe9bf6]\nE       \t(No symbol) [0x0xfbb38e]\nE       \t(No symbol) [0x0xfbc274]\nE       \tGetHandleVerifier [0x0x13deda3+2697763]\nE       \tGetHandleVerifier [0x0x13d9ec7+2677575]\nE       \tGetHandleVerifier [0x0x1184194+228884]\nE       \tGetHandleVerifier [0x0x11749f8+165496]\nE       \tGetHandleVerifier [0x0x117b18d+192013]\nE       \tGetHandleVerifier [0x0x11647d8+99416]\nE       \tGetHandleVerifier [0x0x1164972+99826]\nE       \tGetHandleVerifier [0x0x114ebea+10346]\nE       \tBaseThreadInitThunk [0x0x76307ba9+25]\nE       \tRtlInitializeExceptionChain [0x0x7788c2eb+107]\nE       \tRtlClearBits [0x0x7788c26f+191]\n\n.venv\\Lib\\site-packages\\selenium\\webdriver\\support\\wait.py:138: TimeoutException","flaky":false,"newFailed":false,"newBroken":false,"newPassed":false,"retriesCount":0,"retriesStatusChange":false,"beforeStages":[{"name":"driver_setup","time":{"start":1759830726101,"stop":1759830750188,"duration":24087},"status":"passed","steps":[],"attachments":[],"parameters":[],"attachmentsCount":0,"shouldDisplayMessage":false,"hasContent":false,"attachmentStep":false,"stepsCount":0},{"name":"driver","time":{"start":1759830750188,"stop":1759830752390,"duration":2202},"status":"passed","steps":[],"attachments":[],"parameters":[],"attachmentsCount":0,"shouldDisplayMessage":false,"hasContent":false,"attachmentStep":false,"stepsCount":0}],"testStage":{"status":"broken","statusMessage":"selenium.common.exceptions.TimeoutException: Message: \nStacktrace:\n\tGetHandleVerifier [0x0x115c333+65459]\n\tGetHandleVerifier [0x0x115c374+65524]\n\t(No symbol) [0x0xf7d973]\n\t(No symbol) [0x0xfc76e7]\n\t(No symbol) [0x0xfc7a8b]\n\t(No symbol) [0x0x100dea2]\n\t(No symbol) [0x0xfe9e44]\n\t(No symbol) [0x0x100b606]\n\t(No symbol) [0x0xfe9bf6]\n\t(No symbol) [0x0xfbb38e]\n\t(No symbol) [0x0xfbc274]\n\tGetHandleVerifier [0x0x13deda3+2697763]\n\tGetHandleVerifier [0x0x13d9ec7+2677575]\n\tGetHandleVerifier [0x0x1184194+228884]\n\tGetHandleVerifier [0x0x11749f8+165496]\n\tGetHandleVerifier [0x0x117b18d+192013]\n\tGetHandleVerifier [0x0x11647d8+99416]\n\tGetHandleVerifier [0x0x1164972+99826]\n\tGetHandleVerifier [0x0x114ebea+10346]\n\tBaseThreadInitThunk [0x0x76307ba9+25]\n\tRtlInitializeExceptionChain [0x0x7788c2eb+107]\n\tRtlClearBits [0x0x7788c26f+191]","statusTrace":"self = <tests.PIM.test_auto_generated_employee_id.TestEmployeeAddition object at 0x0000020A0224B750>\ndriver = <selenium.webdriver.chrome.webdriver.WebDriver (session=\"a2628360795c46ab338bb17f7edb5df2\")>\n\n    def test_auto_generated_employee_id(self, driver):\n        print(\"\\n>>> Test: Verify Auto-Generated Employee ID\")\n        login_page = LoginPage(driver)\n        dashboard_page = DashboardPage(driver)\n        pim_page = PIMPage(driver)\n        add_employee_page = AddEmployeePage(driver)\n    \n        login_page.login(Config.USERNAME, Config.PASSWORD)\n        assert dashboard_page.is_dashboard_displayed(), \"⚠ Login failed\"\n        dashboard_page.navigate_to_pim()\n        assert pim_page.is_pim_page(), \"⚠ Failed to navigate to PIM\"\n        pim_page.navigate_to_add_employee()\n        assert add_employee_page.is_add_employee_page(), \"⚠ Failed to navigate to Add Employee\"\n    \n        first_name = TestDataGenerator.generate_random_string(6)\n        last_name = TestDataGenerator.generate_random_string(8)\n        add_employee_page.fill_basic_employee_details(first_name, last_name)\n    \n        WebDriverWait(driver, 5).until(lambda d: add_employee_page.get_employee_id() != \"\")\n        employee_id_before_save = add_employee_page.get_employee_id()\n        print(f\">>> Employee ID before save: {employee_id_before_save}\")\n    \n        add_employee_page.save_employee()\n>       employee_id_after_save = add_employee_page.get_employee_id()\n                                 ^^^^^^^^^^^^^^^^^^^^^^^^^^^^^^^^^^^\n\ntests\\PIM\\test_auto_generated_employee_id.py:40: \n_ _ _ _ _ _ _ _ _ _ _ _ _ _ _ _ _ _ _ _ _ _ _ _ _ _ _ _ _ _ _ _ _ _ _ _ _ _ _ _ _ _ _ _ _ _ _ _ _ _ _ _ _ _ _ _ _ _ _ _ _ _ _ _ _ _ _ _ _ _ _ _ _ _\npages\\add_employee_page.py:77: in get_employee_id\n    element = self.find_element(self.EMPLOYEE_ID_INPUT)\n              ^^^^^^^^^^^^^^^^^^^^^^^^^^^^^^^^^^^^^^^^^\npages\\base_page.py:16: in find_element\n    return self.wait.until(EC.presence_of_element_located(locator))\n           ^^^^^^^^^^^^^^^^^^^^^^^^^^^^^^^^^^^^^^^^^^^^^^^^^^^^^^^^\n_ _ _ _ _ _ _ _ _ _ _ _ _ _ _ _ _ _ _ _ _ _ _ _ _ _ _ _ _ _ _ _ _ _ _ _ _ _ _ _ _ _ _ _ _ _ _ _ _ _ _ _ _ _ _ _ _ _ _ _ _ _ _ _ _ _ _ _ _ _ _ _ _ _\n\nself = <selenium.webdriver.support.wait.WebDriverWait (session=\"a2628360795c46ab338bb17f7edb5df2\")>\nmethod = <function presence_of_element_located.<locals>._predicate at 0x0000020A022E1A80>, message = ''\n\n    def until(self, method: Callable[[D], Union[Literal[False], T]], message: str = \"\") -> T:\n        \"\"\"Wait until the method returns a value that is not False.\n    \n        Calls the method provided with the driver as an argument until the\n        return value does not evaluate to ``False``.\n    \n        Parameters:\n        -----------\n        method: callable(WebDriver)\n            - A callable object that takes a WebDriver instance as an argument.\n    \n        message: str\n            - Optional message for :exc:`TimeoutException`\n    \n        Return:\n        -------\n        object: T\n            - The result of the last call to `method`\n    \n        Raises:\n        -------\n        TimeoutException\n            - If 'method' does not return a truthy value within the WebDriverWait\n            object's timeout\n    \n        Example:\n        --------\n        >>> from selenium.webdriver.common.by import By\n        >>> from selenium.webdriver.support.ui import WebDriverWait\n        >>> from selenium.webdriver.support import expected_conditions as EC\n    \n        # Wait until an element is visible on the page\n        >>> wait = WebDriverWait(driver, 10)\n        >>> element = wait.until(EC.visibility_of_element_located((By.ID, \"exampleId\")))\n        >>> print(element.text)\n        \"\"\"\n        screen = None\n        stacktrace = None\n    \n        end_time = time.monotonic() + self._timeout\n        while True:\n            try:\n                value = method(self._driver)\n                if value:\n                    return value\n            except self._ignored_exceptions as exc:\n                screen = getattr(exc, \"screen\", None)\n                stacktrace = getattr(exc, \"stacktrace\", None)\n            if time.monotonic() > end_time:\n                break\n            time.sleep(self._poll)\n>       raise TimeoutException(message, screen, stacktrace)\nE       selenium.common.exceptions.TimeoutException: Message: \nE       Stacktrace:\nE       \tGetHandleVerifier [0x0x115c333+65459]\nE       \tGetHandleVerifier [0x0x115c374+65524]\nE       \t(No symbol) [0x0xf7d973]\nE       \t(No symbol) [0x0xfc76e7]\nE       \t(No symbol) [0x0xfc7a8b]\nE       \t(No symbol) [0x0x100dea2]\nE       \t(No symbol) [0x0xfe9e44]\nE       \t(No symbol) [0x0x100b606]\nE       \t(No symbol) [0x0xfe9bf6]\nE       \t(No symbol) [0x0xfbb38e]\nE       \t(No symbol) [0x0xfbc274]\nE       \tGetHandleVerifier [0x0x13deda3+2697763]\nE       \tGetHandleVerifier [0x0x13d9ec7+2677575]\nE       \tGetHandleVerifier [0x0x1184194+228884]\nE       \tGetHandleVerifier [0x0x11749f8+165496]\nE       \tGetHandleVerifier [0x0x117b18d+192013]\nE       \tGetHandleVerifier [0x0x11647d8+99416]\nE       \tGetHandleVerifier [0x0x1164972+99826]\nE       \tGetHandleVerifier [0x0x114ebea+10346]\nE       \tBaseThreadInitThunk [0x0x76307ba9+25]\nE       \tRtlInitializeExceptionChain [0x0x7788c2eb+107]\nE       \tRtlClearBits [0x0x7788c26f+191]\n\n.venv\\Lib\\site-packages\\selenium\\webdriver\\support\\wait.py:138: TimeoutException","steps":[],"attachments":[{"uid":"43e8d98d3d4bdb5d","name":"log","source":"43e8d98d3d4bdb5d.txt","type":"text/plain","size":1321},{"uid":"c6b5c7634a127866","name":"stdout","source":"c6b5c7634a127866.txt","type":"text/plain","size":603}],"parameters":[],"attachmentsCount":2,"shouldDisplayMessage":true,"hasContent":true,"attachmentStep":false,"stepsCount":0},"afterStages":[{"name":"driver::0","time":{"start":1759830796174,"stop":1759830796247,"duration":73},"status":"passed","steps":[],"attachments":[],"parameters":[],"attachmentsCount":0,"shouldDisplayMessage":false,"hasContent":false,"attachmentStep":false,"stepsCount":0},{"name":"driver_setup::0","time":{"start":1759830831801,"stop":1759830843733,"duration":11932},"status":"passed","steps":[],"attachments":[],"parameters":[],"attachmentsCount":0,"shouldDisplayMessage":false,"hasContent":false,"attachmentStep":false,"stepsCount":0}],"labels":[{"name":"parentSuite","value":"tests.PIM"},{"name":"suite","value":"test_auto_generated_employee_id"},{"name":"subSuite","value":"TestEmployeeAddition"},{"name":"host","value":"LAPTOP-AQ7JHBIL"},{"name":"thread","value":"10808-MainThread"},{"name":"framework","value":"pytest"},{"name":"language","value":"cpython3"},{"name":"package","value":"tests.PIM.test_auto_generated_employee_id"},{"name":"resultFormat","value":"allure2"}],"parameters":[],"links":[],"hidden":true,"retry":true,"extra":{"categories":[],"tags":[]},"source":"e5c69adb24d8f6a1.json","parameterValues":[]}