{"uid":"e6cd583611b736c2","name":"test_add_vacancy","fullName":"tests.Recruitment.test_vacancy#test_add_vacancy","historyId":"2958f09b4f2b97223f008fdc5f610099","time":{"start":1759831131244,"stop":1759831131244,"duration":0},"status":"broken","statusMessage":"selenium.common.exceptions.TimeoutException: Message: \nStacktrace:\n\tGetHandleVerifier [0x0x90c333+65459]\n\tGetHandleVerifier [0x0x90c374+65524]\n\t(No symbol) [0x0x72d973]\n\t(No symbol) [0x0x7776e7]\n\t(No symbol) [0x0x777a8b]\n\t(No symbol) [0x0x7bdea2]\n\t(No symbol) [0x0x799e44]\n\t(No symbol) [0x0x7bb606]\n\t(No symbol) [0x0x799bf6]\n\t(No symbol) [0x0x76b38e]\n\t(No symbol) [0x0x76c274]\n\tGetHandleVerifier [0x0xb8eda3+2697763]\n\tGetHandleVerifier [0x0xb89ec7+2677575]\n\tGetHandleVerifier [0x0x934194+228884]\n\tGetHandleVerifier [0x0x9249f8+165496]\n\tGetHandleVerifier [0x0x92b18d+192013]\n\tGetHandleVerifier [0x0x9147d8+99416]\n\tGetHandleVerifier [0x0x914972+99826]\n\tGetHandleVerifier [0x0x8febea+10346]\n\tBaseThreadInitThunk [0x0x76307ba9+25]\n\tRtlInitializeExceptionChain [0x0x7788c2eb+107]\n\tRtlClearBits [0x0x7788c26f+191]","statusTrace":"driver = <selenium.webdriver.chrome.webdriver.WebDriver (session=\"828ee0707c353c94172d53db21917976\")>\n\n    @pytest.fixture\n    def login_valid(driver):\n        \"\"\"Log in before running tests\"\"\"\n        print(\">>> Starting login fixture\")\n        login_page = LoginPage(driver)\n>       login_page.login(\"Admin\", \"admin123\")  # use correct creds\n        ^^^^^^^^^^^^^^^^^^^^^^^^^^^^^^^^^^^^^\n\ntests\\Recruitment\\test_vacancy.py:12: \n_ _ _ _ _ _ _ _ _ _ _ _ _ _ _ _ _ _ _ _ _ _ _ _ _ _ _ _ _ _ _ _ _ _ _ _ _ _ _ _ _ _ _ _ _ _ _ _ _ _ _ _ _ _ _ _ _ _ _ _ _ _ _ _ _ _ _ _ _ _ _ _ _ _\npages\\login_page.py:26: in login\n    self.enter_text(self.USERNAME_INPUT, username)\npages\\base_page.py:30: in enter_text\n    element = self.find_element(locator)\n              ^^^^^^^^^^^^^^^^^^^^^^^^^^\npages\\base_page.py:16: in find_element\n    return self.wait.until(EC.presence_of_element_located(locator))\n           ^^^^^^^^^^^^^^^^^^^^^^^^^^^^^^^^^^^^^^^^^^^^^^^^^^^^^^^^\n_ _ _ _ _ _ _ _ _ _ _ _ _ _ _ _ _ _ _ _ _ _ _ _ _ _ _ _ _ _ _ _ _ _ _ _ _ _ _ _ _ _ _ _ _ _ _ _ _ _ _ _ _ _ _ _ _ _ _ _ _ _ _ _ _ _ _ _ _ _ _ _ _ _\n\nself = <selenium.webdriver.support.wait.WebDriverWait (session=\"828ee0707c353c94172d53db21917976\")>\nmethod = <function presence_of_element_located.<locals>._predicate at 0x000001AAB1B549A0>, message = ''\n\n    def until(self, method: Callable[[D], Union[Literal[False], T]], message: str = \"\") -> T:\n        \"\"\"Wait until the method returns a value that is not False.\n    \n        Calls the method provided with the driver as an argument until the\n        return value does not evaluate to ``False``.\n    \n        Parameters:\n        -----------\n        method: callable(WebDriver)\n            - A callable object that takes a WebDriver instance as an argument.\n    \n        message: str\n            - Optional message for :exc:`TimeoutException`\n    \n        Return:\n        -------\n        object: T\n            - The result of the last call to `method`\n    \n        Raises:\n        -------\n        TimeoutException\n            - If 'method' does not return a truthy value within the WebDriverWait\n            object's timeout\n    \n        Example:\n        --------\n        >>> from selenium.webdriver.common.by import By\n        >>> from selenium.webdriver.support.ui import WebDriverWait\n        >>> from selenium.webdriver.support import expected_conditions as EC\n    \n        # Wait until an element is visible on the page\n        >>> wait = WebDriverWait(driver, 10)\n        >>> element = wait.until(EC.visibility_of_element_located((By.ID, \"exampleId\")))\n        >>> print(element.text)\n        \"\"\"\n        screen = None\n        stacktrace = None\n    \n        end_time = time.monotonic() + self._timeout\n        while True:\n            try:\n                value = method(self._driver)\n                if value:\n                    return value\n            except self._ignored_exceptions as exc:\n                screen = getattr(exc, \"screen\", None)\n                stacktrace = getattr(exc, \"stacktrace\", None)\n            if time.monotonic() > end_time:\n                break\n            time.sleep(self._poll)\n>       raise TimeoutException(message, screen, stacktrace)\nE       selenium.common.exceptions.TimeoutException: Message: \nE       Stacktrace:\nE       \tGetHandleVerifier [0x0x90c333+65459]\nE       \tGetHandleVerifier [0x0x90c374+65524]\nE       \t(No symbol) [0x0x72d973]\nE       \t(No symbol) [0x0x7776e7]\nE       \t(No symbol) [0x0x777a8b]\nE       \t(No symbol) [0x0x7bdea2]\nE       \t(No symbol) [0x0x799e44]\nE       \t(No symbol) [0x0x7bb606]\nE       \t(No symbol) [0x0x799bf6]\nE       \t(No symbol) [0x0x76b38e]\nE       \t(No symbol) [0x0x76c274]\nE       \tGetHandleVerifier [0x0xb8eda3+2697763]\nE       \tGetHandleVerifier [0x0xb89ec7+2677575]\nE       \tGetHandleVerifier [0x0x934194+228884]\nE       \tGetHandleVerifier [0x0x9249f8+165496]\nE       \tGetHandleVerifier [0x0x92b18d+192013]\nE       \tGetHandleVerifier [0x0x9147d8+99416]\nE       \tGetHandleVerifier [0x0x914972+99826]\nE       \tGetHandleVerifier [0x0x8febea+10346]\nE       \tBaseThreadInitThunk [0x0x76307ba9+25]\nE       \tRtlInitializeExceptionChain [0x0x7788c2eb+107]\nE       \tRtlClearBits [0x0x7788c26f+191]\n\n.venv\\Lib\\site-packages\\selenium\\webdriver\\support\\wait.py:138: TimeoutException","flaky":false,"newFailed":false,"newBroken":false,"newPassed":false,"retriesCount":0,"retriesStatusChange":false,"beforeStages":[{"name":"driver_setup","time":{"start":1759831072107,"stop":1759831085200,"duration":13093},"status":"passed","steps":[],"attachments":[],"parameters":[],"attachmentsCount":0,"shouldDisplayMessage":false,"hasContent":false,"attachmentStep":false,"stepsCount":0},{"name":"driver","time":{"start":1759831131258,"stop":1759831150613,"duration":19355},"status":"passed","steps":[],"attachments":[],"parameters":[],"attachmentsCount":0,"shouldDisplayMessage":false,"hasContent":false,"attachmentStep":false,"stepsCount":0},{"name":"login_valid","time":{"start":1759831150613,"stop":1759831171185,"duration":20572},"status":"broken","statusMessage":"selenium.common.exceptions.TimeoutException: Message: \nStacktrace:\n\tGetHandleVerifier [0x0x90c333+65459]\n\tGetHandleVerifier [0x0x90c374+65524]\n\t(No symbol) [0x0x72d973]\n\t(No symbol) [0x0x7776e7]\n\t(No symbol) [0x0x777a8b]\n\t(No symbol) [0x0x7bdea2]\n\t(No symbol) [0x0x799e44]\n\t(No symbol) [0x0x7bb606]\n\t(No symbol) [0x0x799bf6]\n\t(No symbol) [0x0x76b38e]\n\t(No symbol) [0x0x76c274]\n\tGetHandleVerifier [0x0xb8eda3+2697763]\n\tGetHandleVerifier [0x0xb89ec7+2677575]\n\tGetHandleVerifier [0x0x934194+228884]\n\tGetHandleVerifier [0x0x9249f8+165496]\n\tGetHandleVerifier [0x0x92b18d+192013]\n\tGetHandleVerifier [0x0x9147d8+99416]\n\tGetHandleVerifier [0x0x914972+99826]\n\tGetHandleVerifier [0x0x8febea+10346]\n\tBaseThreadInitThunk [0x0x76307ba9+25]\n\tRtlInitializeExceptionChain [0x0x7788c2eb+107]\n\tRtlClearBits [0x0x7788c26f+191]\n\n","statusTrace":"  File \"C:\\Users\\shahn\\AppData\\Local\\Programs\\Python\\Python313\\Lib\\site-packages\\pluggy\\_callers.py\", line 38, in run_old_style_hookwrapper\n    res = yield\n          ^^^^^\n  File \"C:\\Users\\shahn\\AppData\\Local\\Programs\\Python\\Python313\\Lib\\site-packages\\pluggy\\_callers.py\", line 139, in _multicall\n    teardown.throw(exception)\n    ~~~~~~~~~~~~~~^^^^^^^^^^^\n  File \"C:\\Users\\shahn\\orangeHRM_project\\.venv\\Lib\\site-packages\\_pytest\\setuponly.py\", line 36, in pytest_fixture_setup\n    return (yield)\n            ^^^^^\n  File \"C:\\Users\\shahn\\AppData\\Local\\Programs\\Python\\Python313\\Lib\\site-packages\\pluggy\\_callers.py\", line 121, in _multicall\n    res = hook_impl.function(*args)\n  File \"C:\\Users\\shahn\\orangeHRM_project\\.venv\\Lib\\site-packages\\_pytest\\fixtures.py\", line 1196, in pytest_fixture_setup\n    result = call_fixture_func(fixturefunc, request, kwargs)\n  File \"C:\\Users\\shahn\\orangeHRM_project\\.venv\\Lib\\site-packages\\_pytest\\fixtures.py\", line 923, in call_fixture_func\n    fixture_result = next(generator)\n  File \"C:\\Users\\shahn\\orangeHRM_project\\tests\\Recruitment\\test_vacancy.py\", line 12, in login_valid\n    login_page.login(\"Admin\", \"admin123\")  # use correct creds\n    ~~~~~~~~~~~~~~~~^^^^^^^^^^^^^^^^^^^^^\n  File \"C:\\Users\\shahn\\orangeHRM_project\\pages\\login_page.py\", line 26, in login\n    self.enter_text(self.USERNAME_INPUT, username)\n    ~~~~~~~~~~~~~~~^^^^^^^^^^^^^^^^^^^^^^^^^^^^^^^\n  File \"C:\\Users\\shahn\\orangeHRM_project\\pages\\base_page.py\", line 30, in enter_text\n    element = self.find_element(locator)\n  File \"C:\\Users\\shahn\\orangeHRM_project\\pages\\base_page.py\", line 16, in find_element\n    return self.wait.until(EC.presence_of_element_located(locator))\n           ~~~~~~~~~~~~~~~^^^^^^^^^^^^^^^^^^^^^^^^^^^^^^^^^^^^^^^^^\n  File \"C:\\Users\\shahn\\orangeHRM_project\\.venv\\Lib\\site-packages\\selenium\\webdriver\\support\\wait.py\", line 138, in until\n    raise TimeoutException(message, screen, stacktrace)\n","steps":[],"attachments":[],"parameters":[],"attachmentsCount":0,"shouldDisplayMessage":true,"hasContent":true,"attachmentStep":false,"stepsCount":0}],"testStage":{"status":"broken","statusMessage":"selenium.common.exceptions.TimeoutException: Message: \nStacktrace:\n\tGetHandleVerifier [0x0x90c333+65459]\n\tGetHandleVerifier [0x0x90c374+65524]\n\t(No symbol) [0x0x72d973]\n\t(No symbol) [0x0x7776e7]\n\t(No symbol) [0x0x777a8b]\n\t(No symbol) [0x0x7bdea2]\n\t(No symbol) [0x0x799e44]\n\t(No symbol) [0x0x7bb606]\n\t(No symbol) [0x0x799bf6]\n\t(No symbol) [0x0x76b38e]\n\t(No symbol) [0x0x76c274]\n\tGetHandleVerifier [0x0xb8eda3+2697763]\n\tGetHandleVerifier [0x0xb89ec7+2677575]\n\tGetHandleVerifier [0x0x934194+228884]\n\tGetHandleVerifier [0x0x9249f8+165496]\n\tGetHandleVerifier [0x0x92b18d+192013]\n\tGetHandleVerifier [0x0x9147d8+99416]\n\tGetHandleVerifier [0x0x914972+99826]\n\tGetHandleVerifier [0x0x8febea+10346]\n\tBaseThreadInitThunk [0x0x76307ba9+25]\n\tRtlInitializeExceptionChain [0x0x7788c2eb+107]\n\tRtlClearBits [0x0x7788c26f+191]","statusTrace":"driver = <selenium.webdriver.chrome.webdriver.WebDriver (session=\"828ee0707c353c94172d53db21917976\")>\n\n    @pytest.fixture\n    def login_valid(driver):\n        \"\"\"Log in before running tests\"\"\"\n        print(\">>> Starting login fixture\")\n        login_page = LoginPage(driver)\n>       login_page.login(\"Admin\", \"admin123\")  # use correct creds\n        ^^^^^^^^^^^^^^^^^^^^^^^^^^^^^^^^^^^^^\n\ntests\\Recruitment\\test_vacancy.py:12: \n_ _ _ _ _ _ _ _ _ _ _ _ _ _ _ _ _ _ _ _ _ _ _ _ _ _ _ _ _ _ _ _ _ _ _ _ _ _ _ _ _ _ _ _ _ _ _ _ _ _ _ _ _ _ _ _ _ _ _ _ _ _ _ _ _ _ _ _ _ _ _ _ _ _\npages\\login_page.py:26: in login\n    self.enter_text(self.USERNAME_INPUT, username)\npages\\base_page.py:30: in enter_text\n    element = self.find_element(locator)\n              ^^^^^^^^^^^^^^^^^^^^^^^^^^\npages\\base_page.py:16: in find_element\n    return self.wait.until(EC.presence_of_element_located(locator))\n           ^^^^^^^^^^^^^^^^^^^^^^^^^^^^^^^^^^^^^^^^^^^^^^^^^^^^^^^^\n_ _ _ _ _ _ _ _ _ _ _ _ _ _ _ _ _ _ _ _ _ _ _ _ _ _ _ _ _ _ _ _ _ _ _ _ _ _ _ _ _ _ _ _ _ _ _ _ _ _ _ _ _ _ _ _ _ _ _ _ _ _ _ _ _ _ _ _ _ _ _ _ _ _\n\nself = <selenium.webdriver.support.wait.WebDriverWait (session=\"828ee0707c353c94172d53db21917976\")>\nmethod = <function presence_of_element_located.<locals>._predicate at 0x000001AAB1B549A0>, message = ''\n\n    def until(self, method: Callable[[D], Union[Literal[False], T]], message: str = \"\") -> T:\n        \"\"\"Wait until the method returns a value that is not False.\n    \n        Calls the method provided with the driver as an argument until the\n        return value does not evaluate to ``False``.\n    \n        Parameters:\n        -----------\n        method: callable(WebDriver)\n            - A callable object that takes a WebDriver instance as an argument.\n    \n        message: str\n            - Optional message for :exc:`TimeoutException`\n    \n        Return:\n        -------\n        object: T\n            - The result of the last call to `method`\n    \n        Raises:\n        -------\n        TimeoutException\n            - If 'method' does not return a truthy value within the WebDriverWait\n            object's timeout\n    \n        Example:\n        --------\n        >>> from selenium.webdriver.common.by import By\n        >>> from selenium.webdriver.support.ui import WebDriverWait\n        >>> from selenium.webdriver.support import expected_conditions as EC\n    \n        # Wait until an element is visible on the page\n        >>> wait = WebDriverWait(driver, 10)\n        >>> element = wait.until(EC.visibility_of_element_located((By.ID, \"exampleId\")))\n        >>> print(element.text)\n        \"\"\"\n        screen = None\n        stacktrace = None\n    \n        end_time = time.monotonic() + self._timeout\n        while True:\n            try:\n                value = method(self._driver)\n                if value:\n                    return value\n            except self._ignored_exceptions as exc:\n                screen = getattr(exc, \"screen\", None)\n                stacktrace = getattr(exc, \"stacktrace\", None)\n            if time.monotonic() > end_time:\n                break\n            time.sleep(self._poll)\n>       raise TimeoutException(message, screen, stacktrace)\nE       selenium.common.exceptions.TimeoutException: Message: \nE       Stacktrace:\nE       \tGetHandleVerifier [0x0x90c333+65459]\nE       \tGetHandleVerifier [0x0x90c374+65524]\nE       \t(No symbol) [0x0x72d973]\nE       \t(No symbol) [0x0x7776e7]\nE       \t(No symbol) [0x0x777a8b]\nE       \t(No symbol) [0x0x7bdea2]\nE       \t(No symbol) [0x0x799e44]\nE       \t(No symbol) [0x0x7bb606]\nE       \t(No symbol) [0x0x799bf6]\nE       \t(No symbol) [0x0x76b38e]\nE       \t(No symbol) [0x0x76c274]\nE       \tGetHandleVerifier [0x0xb8eda3+2697763]\nE       \tGetHandleVerifier [0x0xb89ec7+2677575]\nE       \tGetHandleVerifier [0x0x934194+228884]\nE       \tGetHandleVerifier [0x0x9249f8+165496]\nE       \tGetHandleVerifier [0x0x92b18d+192013]\nE       \tGetHandleVerifier [0x0x9147d8+99416]\nE       \tGetHandleVerifier [0x0x914972+99826]\nE       \tGetHandleVerifier [0x0x8febea+10346]\nE       \tBaseThreadInitThunk [0x0x76307ba9+25]\nE       \tRtlInitializeExceptionChain [0x0x7788c2eb+107]\nE       \tRtlClearBits [0x0x7788c26f+191]\n\n.venv\\Lib\\site-packages\\selenium\\webdriver\\support\\wait.py:138: TimeoutException","steps":[],"attachments":[{"uid":"a4f5e62813011a88","name":"log","source":"a4f5e62813011a88.txt","type":"text/plain","size":410},{"uid":"77a4dae5fad59a9f","name":"stdout","source":"77a4dae5fad59a9f.txt","type":"text/plain","size":27}],"parameters":[],"attachmentsCount":2,"shouldDisplayMessage":true,"hasContent":true,"attachmentStep":false,"stepsCount":0},"afterStages":[{"name":"driver::0","time":{"start":1759831171275,"stop":1759831171335,"duration":60},"status":"passed","steps":[],"attachments":[],"parameters":[],"attachmentsCount":0,"shouldDisplayMessage":false,"hasContent":false,"attachmentStep":false,"stepsCount":0},{"name":"driver_setup::0","time":{"start":1759831171339,"stop":1759831178166,"duration":6827},"status":"passed","steps":[],"attachments":[],"parameters":[],"attachmentsCount":0,"shouldDisplayMessage":false,"hasContent":false,"attachmentStep":false,"stepsCount":0}],"labels":[{"name":"parentSuite","value":"tests.Recruitment"},{"name":"suite","value":"test_vacancy"},{"name":"host","value":"LAPTOP-AQ7JHBIL"},{"name":"thread","value":"6700-MainThread"},{"name":"framework","value":"pytest"},{"name":"language","value":"cpython3"},{"name":"package","value":"tests.Recruitment.test_vacancy"},{"name":"resultFormat","value":"allure2"}],"parameters":[],"links":[],"hidden":true,"retry":true,"extra":{"categories":[],"tags":[]},"source":"e6cd583611b736c2.json","parameterValues":[]}