<!DOCTYPE html>
<html>
  <head>
    <meta charset="utf-8"/>
    <title id="head-title">report.html</title>
      <style type="text/css">body {
  font-family: Helvetica, Arial, sans-serif;
  font-size: 12px;
  /* do not increase min-width as some may use split screens */
  min-width: 800px;
  color: #999;
}

h1 {
  font-size: 24px;
  color: black;
}

h2 {
  font-size: 16px;
  color: black;
}

p {
  color: black;
}

a {
  color: #999;
}

table {
  border-collapse: collapse;
}

/******************************
 * SUMMARY INFORMATION
 ******************************/
#environment td {
  padding: 5px;
  border: 1px solid #e6e6e6;
  vertical-align: top;
}
#environment tr:nth-child(odd) {
  background-color: #f6f6f6;
}
#environment ul {
  margin: 0;
  padding: 0 20px;
}

/******************************
 * TEST RESULT COLORS
 ******************************/
span.passed,
.passed .col-result {
  color: green;
}

span.skipped,
span.xfailed,
span.rerun,
.skipped .col-result,
.xfailed .col-result,
.rerun .col-result {
  color: orange;
}

span.error,
span.failed,
span.xpassed,
.error .col-result,
.failed .col-result,
.xpassed .col-result {
  color: red;
}

.col-links__extra {
  margin-right: 3px;
}

/******************************
 * RESULTS TABLE
 *
 * 1. Table Layout
 * 2. Extra
 * 3. Sorting items
 *
 ******************************/
/*------------------
 * 1. Table Layout
 *------------------*/
#results-table {
  border: 1px solid #e6e6e6;
  color: #999;
  font-size: 12px;
  width: 100%;
}
#results-table th,
#results-table td {
  padding: 5px;
  border: 1px solid #e6e6e6;
  text-align: left;
}
#results-table th {
  font-weight: bold;
}

/*------------------
 * 2. Extra
 *------------------*/
.logwrapper {
  max-height: 230px;
  overflow-y: scroll;
  background-color: #e6e6e6;
}
.logwrapper.expanded {
  max-height: none;
}
.logwrapper.expanded .logexpander:after {
  content: "collapse [-]";
}
.logwrapper .logexpander {
  z-index: 1;
  position: sticky;
  top: 10px;
  width: max-content;
  border: 1px solid;
  border-radius: 3px;
  padding: 5px 7px;
  margin: 10px 0 10px calc(100% - 80px);
  cursor: pointer;
  background-color: #e6e6e6;
}
.logwrapper .logexpander:after {
  content: "expand [+]";
}
.logwrapper .logexpander:hover {
  color: #000;
  border-color: #000;
}
.logwrapper .log {
  min-height: 40px;
  position: relative;
  top: -50px;
  height: calc(100% + 50px);
  border: 1px solid #e6e6e6;
  color: black;
  display: block;
  font-family: "Courier New", Courier, monospace;
  padding: 5px;
  padding-right: 80px;
  white-space: pre-wrap;
}

div.media {
  border: 1px solid #e6e6e6;
  float: right;
  height: 240px;
  margin: 0 5px;
  overflow: hidden;
  width: 320px;
}

.media-container {
  display: grid;
  grid-template-columns: 25px auto 25px;
  align-items: center;
  flex: 1 1;
  overflow: hidden;
  height: 200px;
}

.media-container--fullscreen {
  grid-template-columns: 0px auto 0px;
}

.media-container__nav--right,
.media-container__nav--left {
  text-align: center;
  cursor: pointer;
}

.media-container__viewport {
  cursor: pointer;
  text-align: center;
  height: inherit;
}
.media-container__viewport img,
.media-container__viewport video {
  object-fit: cover;
  width: 100%;
  max-height: 100%;
}

.media__name,
.media__counter {
  display: flex;
  flex-direction: row;
  justify-content: space-around;
  flex: 0 0 25px;
  align-items: center;
}

.collapsible td:not(.col-links) {
  cursor: pointer;
}
.collapsible td:not(.col-links):hover::after {
  color: #bbb;
  font-style: italic;
  cursor: pointer;
}

.col-result {
  width: 130px;
}
.col-result:hover::after {
  content: " (hide details)";
}

.col-result.collapsed:hover::after {
  content: " (show details)";
}

#environment-header h2:hover::after {
  content: " (hide details)";
  color: #bbb;
  font-style: italic;
  cursor: pointer;
  font-size: 12px;
}

#environment-header.collapsed h2:hover::after {
  content: " (show details)";
  color: #bbb;
  font-style: italic;
  cursor: pointer;
  font-size: 12px;
}

/*------------------
 * 3. Sorting items
 *------------------*/
.sortable {
  cursor: pointer;
}
.sortable.desc:after {
  content: " ";
  position: relative;
  left: 5px;
  bottom: -12.5px;
  border: 10px solid #4caf50;
  border-bottom: 0;
  border-left-color: transparent;
  border-right-color: transparent;
}
.sortable.asc:after {
  content: " ";
  position: relative;
  left: 5px;
  bottom: 12.5px;
  border: 10px solid #4caf50;
  border-top: 0;
  border-left-color: transparent;
  border-right-color: transparent;
}

.hidden, .summary__reload__button.hidden {
  display: none;
}

.summary__data {
  flex: 0 0 550px;
}
.summary__reload {
  flex: 1 1;
  display: flex;
  justify-content: center;
}
.summary__reload__button {
  flex: 0 0 300px;
  display: flex;
  color: white;
  font-weight: bold;
  background-color: #4caf50;
  text-align: center;
  justify-content: center;
  align-items: center;
  border-radius: 3px;
  cursor: pointer;
}
.summary__reload__button:hover {
  background-color: #46a049;
}
.summary__spacer {
  flex: 0 0 550px;
}

.controls {
  display: flex;
  justify-content: space-between;
}

.filters,
.collapse {
  display: flex;
  align-items: center;
}
.filters button,
.collapse button {
  color: #999;
  border: none;
  background: none;
  cursor: pointer;
  text-decoration: underline;
}
.filters button:hover,
.collapse button:hover {
  color: #ccc;
}

.filter__label {
  margin-right: 10px;
}

      </style>
    
  </head>
  <body>
    <h1 id="title">report.html</h1>
    <p>Report generated on 10-Oct-2025 at 12:50:40 by <a href="https://pypi.python.org/pypi/pytest-html">pytest-html</a>
        v4.1.1</p>
    <div id="environment-header">
      <h2>Environment</h2>
    </div>
    <table id="environment"></table>
    <!-- TEMPLATES -->
      <template id="template_environment_row">
      <tr>
        <td></td>
        <td></td>
      </tr>
    </template>
    <template id="template_results-table__body--empty">
      <tbody class="results-table-row">
        <tr id="not-found-message">
          <td colspan="4">No results found. Check the filters.</th>
        </tr>
    </template>
    <template id="template_results-table__tbody">
      <tbody class="results-table-row">
        <tr class="collapsible">
        </tr>
        <tr class="extras-row">
          <td class="extra" colspan="4">
            <div class="extraHTML"></div>
            <div class="media">
              <div class="media-container">
                  <div class="media-container__nav--left"><</div>
                  <div class="media-container__viewport">
                    <img src="" />
                    <video controls>
                      <source src="" type="video/mp4">
                    </video>
                  </div>
                  <div class="media-container__nav--right">></div>
                </div>
                <div class="media__name"></div>
                <div class="media__counter"></div>
            </div>
            <div class="logwrapper">
              <div class="logexpander"></div>
              <div class="log"></div>
            </div>
          </td>
        </tr>
      </tbody>
    </template>
    <!-- END TEMPLATES -->
    <div class="summary">
      <div class="summary__data">
        <h2>Summary</h2>
        <div class="additional-summary prefix">
        </div>
        <p class="run-count">25 tests took 00:10:29.</p>
        <p class="filter">(Un)check the boxes to filter the results.</p>
        <div class="summary__reload">
          <div class="summary__reload__button hidden" onclick="location.reload()">
            <div>There are still tests running. <br />Reload this page to get the latest results!</div>
          </div>
        </div>
        <div class="summary__spacer"></div>
        <div class="controls">
          <div class="filters">
            <input checked="true" class="filter" name="filter_checkbox" type="checkbox" data-test-result="failed" />
            <span class="failed">4 Failed,</span>
            <input checked="true" class="filter" name="filter_checkbox" type="checkbox" data-test-result="passed" />
            <span class="passed">21 Passed,</span>
            <input checked="true" class="filter" name="filter_checkbox" type="checkbox" data-test-result="skipped" disabled/>
            <span class="skipped">0 Skipped,</span>
            <input checked="true" class="filter" name="filter_checkbox" type="checkbox" data-test-result="xfailed" disabled/>
            <span class="xfailed">0 Expected failures,</span>
            <input checked="true" class="filter" name="filter_checkbox" type="checkbox" data-test-result="xpassed" disabled/>
            <span class="xpassed">0 Unexpected passes,</span>
            <input checked="true" class="filter" name="filter_checkbox" type="checkbox" data-test-result="error" disabled/>
            <span class="error">0 Errors,</span>
            <input checked="true" class="filter" name="filter_checkbox" type="checkbox" data-test-result="rerun" disabled/>
            <span class="rerun">0 Reruns</span>
          </div>
          <div class="collapse">
            <button id="show_all_details">Show all details</button>&nbsp;/&nbsp;<button id="hide_all_details">Hide all details</button>
          </div>
        </div>
      </div>
      <div class="additional-summary summary">
      </div>
      <div class="additional-summary postfix">
      </div>
    </div>
    <table id="results-table">
      <thead id="results-table-head">
        <tr>
          <th class="sortable" data-column-type="result">Result</th>
          <th class="sortable" data-column-type="testId">Test</th>
          <th class="sortable" data-column-type="duration">Duration</th>
          <th>Links</th>
        </tr>
      </thead>
    </table>
  </body>
  <footer>
    <div id="data-container" data-jsonblob="{&#34;environment&#34;: {&#34;Python&#34;: &#34;3.13.7&#34;, &#34;Platform&#34;: &#34;Windows-11-10.0.22631-SP0&#34;, &#34;Packages&#34;: {&#34;pytest&#34;: &#34;8.4.2&#34;, &#34;pluggy&#34;: &#34;1.6.0&#34;}, &#34;Plugins&#34;: {&#34;allure-pytest&#34;: &#34;2.15.0&#34;, &#34;html&#34;: &#34;4.1.1&#34;, &#34;metadata&#34;: &#34;3.1.1&#34;}, &#34;JAVA_HOME&#34;: &#34;C:\\Users\\shahn\\scoop\\apps\\temurin17-jdk\\current&#34;}, &#34;tests&#34;: {&#34;tests/Admin/test_add_user.py::test_add_user&#34;: [{&#34;extras&#34;: [], &#34;result&#34;: &#34;Passed&#34;, &#34;testId&#34;: &#34;tests/Admin/test_add_user.py::test_add_user&#34;, &#34;duration&#34;: &#34;00:00:52&#34;, &#34;resultsTableRow&#34;: [&#34;&lt;td class=\&#34;col-result\&#34;&gt;Passed&lt;/td&gt;&#34;, &#34;&lt;td class=\&#34;col-testId\&#34;&gt;tests/Admin/test_add_user.py::test_add_user&lt;/td&gt;&#34;, &#34;&lt;td class=\&#34;col-duration\&#34;&gt;00:00:52&lt;/td&gt;&#34;, &#34;&lt;td class=\&#34;col-links\&#34;&gt;&lt;/td&gt;&#34;], &#34;log&#34;: &#34;------------------------------ Captured log setup ------------------------------\nINFO     root:conftest.py:40 Initializing WebDriver for browser: chrome\nINFO     WDM:logger.py:11 ====== WebDriver manager ======\nINFO     WDM:logger.py:11 Get LATEST chromedriver version for google-chrome\nINFO     WDM:logger.py:11 Get LATEST chromedriver version for google-chrome\nINFO     WDM:logger.py:11 Driver [C:\\Users\\shahn\\.wdm\\drivers\\chromedriver\\win64\\140.0.7339.207\\chromedriver-win32/chromedriver.exe] found in cache\nINFO     root:conftest.py:61 Chrome WebDriver launched successfully.\nINFO     root:conftest.py:73 Driver configured with implicit wait and maximized window.\nINFO     root:conftest.py:87 Opening base URL: https://opensource-demo.orangehrmlive.com/\nINFO     pages.login_page:login_page.py:21 LoginPage initialized\nINFO     pages.login_page:login_page.py:25 Attempting login with username: &amp;#x27;Admin&amp;#x27;\nINFO     pages.login_page:login_page.py:29 Login button clicked\n---------------------------- Captured log teardown -----------------------------\nINFO     root:conftest.py:91 Clearing cookies and storage after test.&#34;}], &#34;tests/Dashboard/test_dashboard_header.py::test_dashboard_header&#34;: [{&#34;extras&#34;: [], &#34;result&#34;: &#34;Passed&#34;, &#34;testId&#34;: &#34;tests/Dashboard/test_dashboard_header.py::test_dashboard_header&#34;, &#34;duration&#34;: &#34;00:00:23&#34;, &#34;resultsTableRow&#34;: [&#34;&lt;td class=\&#34;col-result\&#34;&gt;Passed&lt;/td&gt;&#34;, &#34;&lt;td class=\&#34;col-testId\&#34;&gt;tests/Dashboard/test_dashboard_header.py::test_dashboard_header&lt;/td&gt;&#34;, &#34;&lt;td class=\&#34;col-duration\&#34;&gt;00:00:23&lt;/td&gt;&#34;, &#34;&lt;td class=\&#34;col-links\&#34;&gt;&lt;/td&gt;&#34;], &#34;log&#34;: &#34;------------------------------ Captured log setup ------------------------------\nINFO     tests.Dashboard.test_dashboard_header:test_dashboard_header.py:27 \ud83d\ude80 Starting browser for login fixture...\nINFO     WDM:logger.py:11 ====== WebDriver manager ======\nINFO     WDM:logger.py:11 Get LATEST chromedriver version for google-chrome\nINFO     WDM:logger.py:11 Get LATEST chromedriver version for google-chrome\nINFO     WDM:logger.py:11 Driver [C:\\Users\\shahn\\.wdm\\drivers\\chromedriver\\win64\\140.0.7339.207\\chromedriver-win32/chromedriver.exe] found in cache\nINFO     tests.Dashboard.test_dashboard_header:test_dashboard_header.py:34 \ud83c\udf0d Navigating to URL: https://opensource-demo.orangehrmlive.com/\nINFO     tests.Dashboard.test_dashboard_header:test_dashboard_header.py:38 \ud83d\udd11 Entering login credentials...\nINFO     tests.Dashboard.test_dashboard_header:test_dashboard_header.py:46 \u23f3 Waiting for Dashboard page to load...\nINFO     tests.Dashboard.test_dashboard_header:test_dashboard_header.py:50 \u2705 Successfully logged in and Dashboard loaded.\n\n------------------------------ Captured log call -------------------------------\nINFO     tests.Dashboard.test_dashboard_header:test_dashboard_header.py:61 ===== START: test_dashboard_header =====\nINFO     pages.dashboard_page:dashboard_page.py:27 DashboardPage initialized\nINFO     pages.dashboard_page:dashboard_page.py:32 Dashboard displayed: True\nINFO     tests.Dashboard.test_dashboard_header:test_dashboard_header.py:66 \u2705 Dashboard header is visible.\nINFO     tests.Dashboard.test_dashboard_header:test_dashboard_header.py:67 ===== END: test_dashboard_header =====\n\n---------------------------- Captured log teardown -----------------------------\nINFO     tests.Dashboard.test_dashboard_header:test_dashboard_header.py:54 \ud83d\uded1 Closing browser after test execution.&#34;}], &#34;tests/Dashboard/test_employee_distribution_graph_is_displayed.py::test_employee_distribution_graph_is_displayed&#34;: [{&#34;extras&#34;: [], &#34;result&#34;: &#34;Passed&#34;, &#34;testId&#34;: &#34;tests/Dashboard/test_employee_distribution_graph_is_displayed.py::test_employee_distribution_graph_is_displayed&#34;, &#34;duration&#34;: &#34;00:00:28&#34;, &#34;resultsTableRow&#34;: [&#34;&lt;td class=\&#34;col-result\&#34;&gt;Passed&lt;/td&gt;&#34;, &#34;&lt;td class=\&#34;col-testId\&#34;&gt;tests/Dashboard/test_employee_distribution_graph_is_displayed.py::test_employee_distribution_graph_is_displayed&lt;/td&gt;&#34;, &#34;&lt;td class=\&#34;col-duration\&#34;&gt;00:00:28&lt;/td&gt;&#34;, &#34;&lt;td class=\&#34;col-links\&#34;&gt;&lt;/td&gt;&#34;], &#34;log&#34;: &#34;------------------------------ Captured log setup ------------------------------\nINFO     tests.Dashboard.test_employee_distribution_graph_is_displayed:test_employee_distribution_graph_is_displayed.py:27 \ud83d\ude80 Starting browser for login fixture...\nINFO     WDM:logger.py:11 ====== WebDriver manager ======\nINFO     WDM:logger.py:11 Get LATEST chromedriver version for google-chrome\nINFO     WDM:logger.py:11 Get LATEST chromedriver version for google-chrome\nINFO     WDM:logger.py:11 Driver [C:\\Users\\shahn\\.wdm\\drivers\\chromedriver\\win64\\140.0.7339.207\\chromedriver-win32/chromedriver.exe] found in cache\nINFO     tests.Dashboard.test_employee_distribution_graph_is_displayed:test_employee_distribution_graph_is_displayed.py:34 \ud83c\udf0d Navigating to URL: https://opensource-demo.orangehrmlive.com/\nINFO     tests.Dashboard.test_employee_distribution_graph_is_displayed:test_employee_distribution_graph_is_displayed.py:38 \ud83d\udd11 Entering login credentials...\nINFO     tests.Dashboard.test_employee_distribution_graph_is_displayed:test_employee_distribution_graph_is_displayed.py:46 \u23f3 Waiting for Dashboard page to load...\nINFO     tests.Dashboard.test_employee_distribution_graph_is_displayed:test_employee_distribution_graph_is_displayed.py:50 \u2705 Successfully logged in and Dashboard loaded.\n\n------------------------------ Captured log call -------------------------------\nINFO     tests.Dashboard.test_employee_distribution_graph_is_displayed:test_employee_distribution_graph_is_displayed.py:61 ===== START: test_employee_distribution_graph_is_displayed =====\nINFO     pages.dashboard_page:dashboard_page.py:27 DashboardPage initialized\nINFO     pages.dashboard_page:dashboard_page.py:49 Employee graph is displayed\nINFO     tests.Dashboard.test_employee_distribution_graph_is_displayed:test_employee_distribution_graph_is_displayed.py:66 \u2705 Employee Distribution graph is displayed.\nINFO     tests.Dashboard.test_employee_distribution_graph_is_displayed:test_employee_distribution_graph_is_displayed.py:67 ===== END: test_employee_distribution_graph_is_displayed =====\n\n---------------------------- Captured log teardown -----------------------------\nINFO     tests.Dashboard.test_employee_distribution_graph_is_displayed:test_employee_distribution_graph_is_displayed.py:54 \ud83d\uded1 Closing browser after test execution.&#34;}], &#34;tests/Dashboard/test_logout_option_available.py::test_logout_option_available&#34;: [{&#34;extras&#34;: [], &#34;result&#34;: &#34;Passed&#34;, &#34;testId&#34;: &#34;tests/Dashboard/test_logout_option_available.py::test_logout_option_available&#34;, &#34;duration&#34;: &#34;00:00:22&#34;, &#34;resultsTableRow&#34;: [&#34;&lt;td class=\&#34;col-result\&#34;&gt;Passed&lt;/td&gt;&#34;, &#34;&lt;td class=\&#34;col-testId\&#34;&gt;tests/Dashboard/test_logout_option_available.py::test_logout_option_available&lt;/td&gt;&#34;, &#34;&lt;td class=\&#34;col-duration\&#34;&gt;00:00:22&lt;/td&gt;&#34;, &#34;&lt;td class=\&#34;col-links\&#34;&gt;&lt;/td&gt;&#34;], &#34;log&#34;: &#34;------------------------------ Captured log setup ------------------------------\nINFO     tests.Dashboard.test_logout_option_available:test_logout_option_available.py:27 \ud83d\ude80 Starting browser for login fixture...\nINFO     WDM:logger.py:11 ====== WebDriver manager ======\nINFO     WDM:logger.py:11 Get LATEST chromedriver version for google-chrome\nINFO     WDM:logger.py:11 Get LATEST chromedriver version for google-chrome\nINFO     WDM:logger.py:11 Driver [C:\\Users\\shahn\\.wdm\\drivers\\chromedriver\\win64\\140.0.7339.207\\chromedriver-win32/chromedriver.exe] found in cache\nINFO     tests.Dashboard.test_logout_option_available:test_logout_option_available.py:34 \ud83c\udf0d Navigating to URL: https://opensource-demo.orangehrmlive.com/\nINFO     tests.Dashboard.test_logout_option_available:test_logout_option_available.py:38 \ud83d\udd11 Entering login credentials...\nINFO     tests.Dashboard.test_logout_option_available:test_logout_option_available.py:46 \u23f3 Waiting for Dashboard page to load...\nINFO     tests.Dashboard.test_logout_option_available:test_logout_option_available.py:50 \u2705 Successfully logged in and Dashboard loaded.\n\n------------------------------ Captured log call -------------------------------\nINFO     tests.Dashboard.test_logout_option_available:test_logout_option_available.py:61 ===== START: test_logout_option_available =====\nINFO     pages.dashboard_page:dashboard_page.py:27 DashboardPage initialized\nINFO     tests.Dashboard.test_logout_option_available:test_logout_option_available.py:65 \ud83d\udd0e Opening profile menu to verify logout option...\nINFO     pages.dashboard_page:dashboard_page.py:62 Opening profile menu\nINFO     pages.dashboard_page:dashboard_page.py:68 Logout option available: True\nINFO     tests.Dashboard.test_logout_option_available:test_logout_option_available.py:70 \u2705 Logout option is available.\nINFO     tests.Dashboard.test_logout_option_available:test_logout_option_available.py:71 ===== END: test_logout_option_available =====\n\n---------------------------- Captured log teardown -----------------------------\nINFO     tests.Dashboard.test_logout_option_available:test_logout_option_available.py:54 \ud83d\uded1 Closing browser after test execution.&#34;}], &#34;tests/Dashboard/test_profile_name_displayed.py::test_profile_name_displayed&#34;: [{&#34;extras&#34;: [], &#34;result&#34;: &#34;Passed&#34;, &#34;testId&#34;: &#34;tests/Dashboard/test_profile_name_displayed.py::test_profile_name_displayed&#34;, &#34;duration&#34;: &#34;00:00:18&#34;, &#34;resultsTableRow&#34;: [&#34;&lt;td class=\&#34;col-result\&#34;&gt;Passed&lt;/td&gt;&#34;, &#34;&lt;td class=\&#34;col-testId\&#34;&gt;tests/Dashboard/test_profile_name_displayed.py::test_profile_name_displayed&lt;/td&gt;&#34;, &#34;&lt;td class=\&#34;col-duration\&#34;&gt;00:00:18&lt;/td&gt;&#34;, &#34;&lt;td class=\&#34;col-links\&#34;&gt;&lt;/td&gt;&#34;], &#34;log&#34;: &#34;------------------------------ Captured log setup ------------------------------\nINFO     tests.Dashboard.test_profile_name_displayed:test_profile_name_displayed.py:27 \ud83d\ude80 Starting browser for login fixture...\nINFO     WDM:logger.py:11 ====== WebDriver manager ======\nINFO     WDM:logger.py:11 Get LATEST chromedriver version for google-chrome\nINFO     WDM:logger.py:11 Get LATEST chromedriver version for google-chrome\nINFO     WDM:logger.py:11 Driver [C:\\Users\\shahn\\.wdm\\drivers\\chromedriver\\win64\\140.0.7339.207\\chromedriver-win32/chromedriver.exe] found in cache\nINFO     tests.Dashboard.test_profile_name_displayed:test_profile_name_displayed.py:34 \ud83c\udf0d Navigating to URL: https://opensource-demo.orangehrmlive.com/\nINFO     tests.Dashboard.test_profile_name_displayed:test_profile_name_displayed.py:38 \ud83d\udd11 Entering login credentials...\nINFO     tests.Dashboard.test_profile_name_displayed:test_profile_name_displayed.py:46 \u23f3 Waiting for Dashboard page to load...\nINFO     tests.Dashboard.test_profile_name_displayed:test_profile_name_displayed.py:50 \u2705 Successfully logged in and Dashboard loaded.\n\n------------------------------ Captured log call -------------------------------\nINFO     tests.Dashboard.test_profile_name_displayed:test_profile_name_displayed.py:61 ===== START: test_profile_name_displayed =====\nINFO     pages.dashboard_page:dashboard_page.py:27 DashboardPage initialized\nINFO     pages.dashboard_page:dashboard_page.py:58 Profile name: John weak\nINFO     tests.Dashboard.test_profile_name_displayed:test_profile_name_displayed.py:66 \ud83d\udd0e Profile name displayed: John weak\nINFO     tests.Dashboard.test_profile_name_displayed:test_profile_name_displayed.py:70 \u2705 Profile name validated successfully.\nINFO     tests.Dashboard.test_profile_name_displayed:test_profile_name_displayed.py:71 ===== END: test_profile_name_displayed =====\n\n---------------------------- Captured log teardown -----------------------------\nINFO     tests.Dashboard.test_profile_name_displayed:test_profile_name_displayed.py:54 \ud83d\uded1 Closing browser after test execution.&#34;}], &#34;tests/Dashboard/test_quick_launch_items.py::test_quick_launch_items&#34;: [{&#34;extras&#34;: [], &#34;result&#34;: &#34;Passed&#34;, &#34;testId&#34;: &#34;tests/Dashboard/test_quick_launch_items.py::test_quick_launch_items&#34;, &#34;duration&#34;: &#34;00:00:22&#34;, &#34;resultsTableRow&#34;: [&#34;&lt;td class=\&#34;col-result\&#34;&gt;Passed&lt;/td&gt;&#34;, &#34;&lt;td class=\&#34;col-testId\&#34;&gt;tests/Dashboard/test_quick_launch_items.py::test_quick_launch_items&lt;/td&gt;&#34;, &#34;&lt;td class=\&#34;col-duration\&#34;&gt;00:00:22&lt;/td&gt;&#34;, &#34;&lt;td class=\&#34;col-links\&#34;&gt;&lt;/td&gt;&#34;], &#34;log&#34;: &#34;------------------------------ Captured log setup ------------------------------\nINFO     tests.Dashboard.test_quick_launch_items:test_quick_launch_items.py:27 \ud83d\ude80 Starting browser for login fixture...\nINFO     WDM:logger.py:11 ====== WebDriver manager ======\nINFO     WDM:logger.py:11 Get LATEST chromedriver version for google-chrome\nINFO     WDM:logger.py:11 Get LATEST chromedriver version for google-chrome\nINFO     WDM:logger.py:11 Driver [C:\\Users\\shahn\\.wdm\\drivers\\chromedriver\\win64\\140.0.7339.207\\chromedriver-win32/chromedriver.exe] found in cache\nINFO     tests.Dashboard.test_quick_launch_items:test_quick_launch_items.py:34 \ud83c\udf0d Navigating to URL: https://opensource-demo.orangehrmlive.com/\nINFO     tests.Dashboard.test_quick_launch_items:test_quick_launch_items.py:38 \ud83d\udd11 Entering login credentials...\nINFO     tests.Dashboard.test_quick_launch_items:test_quick_launch_items.py:46 \u23f3 Waiting for Dashboard page to load...\nINFO     tests.Dashboard.test_quick_launch_items:test_quick_launch_items.py:50 \u2705 Successfully logged in and Dashboard loaded.\n\n------------------------------ Captured log call -------------------------------\nINFO     tests.Dashboard.test_quick_launch_items:test_quick_launch_items.py:60 ===== START: test_quick_launch_items =====\nINFO     pages.dashboard_page:dashboard_page.py:27 DashboardPage initialized\nINFO     pages.dashboard_page:dashboard_page.py:38 Quick launch items found: [&amp;#x27;Assign Leave&amp;#x27;]\nINFO     tests.Dashboard.test_quick_launch_items:test_quick_launch_items.py:65 \ud83d\udd0e Quick Launch items found: [&amp;#x27;Assign Leave&amp;#x27;]\nINFO     tests.Dashboard.test_quick_launch_items:test_quick_launch_items.py:70 \u2705 Quick Launch items validated successfully.\nINFO     tests.Dashboard.test_quick_launch_items:test_quick_launch_items.py:71 ===== END: test_quick_launch_items =====\n\n---------------------------- Captured log teardown -----------------------------\nINFO     tests.Dashboard.test_quick_launch_items:test_quick_launch_items.py:54 \ud83d\uded1 Closing browser after test execution.&#34;}], &#34;tests/Leave/test_admin_create_leave.py::TestAdminLeave::test_create_leave_type_and_assign_entitlement&#34;: [{&#34;extras&#34;: [], &#34;result&#34;: &#34;Failed&#34;, &#34;testId&#34;: &#34;tests/Leave/test_admin_create_leave.py::TestAdminLeave::test_create_leave_type_and_assign_entitlement&#34;, &#34;duration&#34;: &#34;00:00:27&#34;, &#34;resultsTableRow&#34;: [&#34;&lt;td class=\&#34;col-result\&#34;&gt;Failed&lt;/td&gt;&#34;, &#34;&lt;td class=\&#34;col-testId\&#34;&gt;tests/Leave/test_admin_create_leave.py::TestAdminLeave::test_create_leave_type_and_assign_entitlement&lt;/td&gt;&#34;, &#34;&lt;td class=\&#34;col-duration\&#34;&gt;00:00:27&lt;/td&gt;&#34;, &#34;&lt;td class=\&#34;col-links\&#34;&gt;&lt;/td&gt;&#34;], &#34;log&#34;: &#34;self = &amp;lt;tests.Leave.test_admin_create_leave.TestAdminLeave object at 0x000001DFE43CF110&amp;gt;\ndriver = &amp;lt;selenium.webdriver.chrome.webdriver.WebDriver (session=&amp;quot;ee669a10d6599cb127295eda5e9afcd3&amp;quot;)&amp;gt;\n\n    def test_create_leave_type_and_assign_entitlement(self, driver):\n        login = LoginPage(driver)\n        leave_admin = LeaveAdminPage(driver)\n    \n        # Step 1: Login as Admin\n        logger.info(&amp;quot;Starting test: Create Leave Type and Assign Entitlement&amp;quot;)\n        logger.info(f&amp;quot;Logging in as Admin: {Config.USERNAME}&amp;quot;)\n        login.login(Config.USERNAME, Config.PASSWORD)\n        logger.info(&amp;quot;Login successful.&amp;quot;)\n    \n        # Step 2: Navigate &amp;amp; Add Leave Type\n        logger.info(&amp;quot;Navigating to Leave Types page.&amp;quot;)\n        leave_admin.navigate_to_leave_types()\n        logger.info(&amp;quot;Adding new leave type: &amp;#x27;happy Leave&amp;#x27;&amp;quot;)\n        toast_message = leave_admin.add_leave_type(&amp;quot;happy Leave&amp;quot;)\n        logger.info(f&amp;quot;Leave type creation toast message: &amp;#x27;{toast_message}&amp;#x27;&amp;quot;)\n        assert &amp;quot;Successfully Saved&amp;quot; in toast_message or &amp;quot;successfully&amp;quot; in toast_message.lower()\n        logger.info(&amp;quot;Leave type added successfully.&amp;quot;)\n    \n        # Step 3: Assign Entitlement to Employee\n        logger.info(&amp;quot;Assigning entitlement to employee &amp;#x27;John A doe&amp;#x27;.&amp;quot;)\n&amp;gt;       entitlement_msg = leave_admin.add_entitlement(&amp;quot;John A Doe&amp;quot;, &amp;quot;happy Leave&amp;quot;, 10)\n                          ^^^^^^^^^^^^^^^^^^^^^^^^^^^^^^^^^^^^^^^^^^^^^^^^^^^^^^^^^^^^\n\ntests\\Leave\\test_admin_create_leave.py:35: \n_ _ _ _ _ _ _ _ _ _ _ _ _ _ _ _ _ _ _ _ _ _ _ _ _ _ _ _ _ _ _ _ _ _ _ _ _ _ _ _ _ _ _ _ _ _ _ _ _ _ _ _ _ _ _ _ _ _ _ _ _ _ _ _ _ _ _ _ _ _ _ _ _ _\npages\\leave_admin_page.py:84: in add_entitlement\n    self.wait.until(EC.element_to_be_clickable(self.EMPLOYEE_OPTION)).click()\n    ^^^^^^^^^^^^^^^^^^^^^^^^^^^^^^^^^^^^^^^^^^^^^^^^^^^^^^^^^^^^^^^^^\n_ _ _ _ _ _ _ _ _ _ _ _ _ _ _ _ _ _ _ _ _ _ _ _ _ _ _ _ _ _ _ _ _ _ _ _ _ _ _ _ _ _ _ _ _ _ _ _ _ _ _ _ _ _ _ _ _ _ _ _ _ _ _ _ _ _ _ _ _ _ _ _ _ _\n\nself = &amp;lt;selenium.webdriver.support.wait.WebDriverWait (session=&amp;quot;ee669a10d6599cb127295eda5e9afcd3&amp;quot;)&amp;gt;\nmethod = &amp;lt;function element_to_be_clickable.&amp;lt;locals&amp;gt;._predicate at 0x000001DFE4463C40&amp;gt;, message = &amp;#x27;&amp;#x27;\n\n    def until(self, method: Callable[[D], Union[Literal[False], T]], message: str = &amp;quot;&amp;quot;) -&amp;gt; T:\n        &amp;quot;&amp;quot;&amp;quot;Wait until the method returns a value that is not False.\n    \n        Calls the method provided with the driver as an argument until the\n        return value does not evaluate to ``False``.\n    \n        Parameters:\n        -----------\n        method: callable(WebDriver)\n            - A callable object that takes a WebDriver instance as an argument.\n    \n        message: str\n            - Optional message for :exc:`TimeoutException`\n    \n        Return:\n        -------\n        object: T\n            - The result of the last call to `method`\n    \n        Raises:\n        -------\n        TimeoutException\n            - If &amp;#x27;method&amp;#x27; does not return a truthy value within the WebDriverWait\n            object&amp;#x27;s timeout\n    \n        Example:\n        --------\n        &amp;gt;&amp;gt;&amp;gt; from selenium.webdriver.common.by import By\n        &amp;gt;&amp;gt;&amp;gt; from selenium.webdriver.support.ui import WebDriverWait\n        &amp;gt;&amp;gt;&amp;gt; from selenium.webdriver.support import expected_conditions as EC\n    \n        # Wait until an element is visible on the page\n        &amp;gt;&amp;gt;&amp;gt; wait = WebDriverWait(driver, 10)\n        &amp;gt;&amp;gt;&amp;gt; element = wait.until(EC.visibility_of_element_located((By.ID, &amp;quot;exampleId&amp;quot;)))\n        &amp;gt;&amp;gt;&amp;gt; print(element.text)\n        &amp;quot;&amp;quot;&amp;quot;\n        screen = None\n        stacktrace = None\n    \n        end_time = time.monotonic() + self._timeout\n        while True:\n            try:\n                value = method(self._driver)\n                if value:\n                    return value\n            except self._ignored_exceptions as exc:\n                screen = getattr(exc, &amp;quot;screen&amp;quot;, None)\n                stacktrace = getattr(exc, &amp;quot;stacktrace&amp;quot;, None)\n            if time.monotonic() &amp;gt; end_time:\n                break\n            time.sleep(self._poll)\n&amp;gt;       raise TimeoutException(message, screen, stacktrace)\nE       selenium.common.exceptions.TimeoutException: Message: \nE       Stacktrace:\nE       \tGetHandleVerifier [0x0x9ec333+65459]\nE       \tGetHandleVerifier [0x0x9ec374+65524]\nE       \t(No symbol) [0x0x80d973]\nE       \t(No symbol) [0x0x8576e7]\nE       \t(No symbol) [0x0x857a8b]\nE       \t(No symbol) [0x0x89dea2]\nE       \t(No symbol) [0x0x879e44]\nE       \t(No symbol) [0x0x89b606]\nE       \t(No symbol) [0x0x879bf6]\nE       \t(No symbol) [0x0x84b38e]\nE       \t(No symbol) [0x0x84c274]\nE       \tGetHandleVerifier [0x0xc6eda3+2697763]\nE       \tGetHandleVerifier [0x0xc69ec7+2677575]\nE       \tGetHandleVerifier [0x0xa14194+228884]\nE       \tGetHandleVerifier [0x0xa049f8+165496]\nE       \tGetHandleVerifier [0x0xa0b18d+192013]\nE       \tGetHandleVerifier [0x0x9f47d8+99416]\nE       \tGetHandleVerifier [0x0x9f4972+99826]\nE       \tGetHandleVerifier [0x0x9debea+10346]\nE       \tBaseThreadInitThunk [0x0x76307ba9+25]\nE       \tRtlInitializeExceptionChain [0x0x7788c2eb+107]\nE       \tRtlClearBits [0x0x7788c26f+191]\n\n.venv\\Lib\\site-packages\\selenium\\webdriver\\support\\wait.py:138: TimeoutException\n\n------------------------------ Captured log setup ------------------------------\nINFO     root:conftest.py:87 Opening base URL: https://opensource-demo.orangehrmlive.com/\n\n------------------------------ Captured log call -------------------------------\nINFO     pages.login_page:login_page.py:21 LoginPage initialized\nINFO     pages.leave_admin_page:leave_admin_page.py:15 LeaveAdminPage initialized.\nINFO     tests.Leave.test_admin_create_leave:test_admin_create_leave.py:19 Starting test: Create Leave Type and Assign Entitlement\nINFO     tests.Leave.test_admin_create_leave:test_admin_create_leave.py:20 Logging in as Admin: Admin\nINFO     pages.login_page:login_page.py:25 Attempting login with username: &amp;#x27;Admin&amp;#x27;\nINFO     pages.login_page:login_page.py:29 Login button clicked\nINFO     tests.Leave.test_admin_create_leave:test_admin_create_leave.py:22 Login successful.\nINFO     tests.Leave.test_admin_create_leave:test_admin_create_leave.py:25 Navigating to Leave Types page.\nINFO     pages.leave_admin_page:leave_admin_page.py:40 Navigating to Leave Types page...\nINFO     pages.leave_admin_page:leave_admin_page.py:42 Clicked Leave menu.\nINFO     pages.leave_admin_page:leave_admin_page.py:44 Clicked Configure menu.\nINFO     pages.leave_admin_page:leave_admin_page.py:46 Clicked Leave Types.\nINFO     tests.Leave.test_admin_create_leave:test_admin_create_leave.py:27 Adding new leave type: &amp;#x27;happy Leave&amp;#x27;\nINFO     pages.leave_admin_page:leave_admin_page.py:49 Adding new leave type: happy Leave\nINFO     pages.leave_admin_page:leave_admin_page.py:51 Clicked Add button.\nINFO     pages.leave_admin_page:leave_admin_page.py:55 Add Leave Type popup appeared.\nINFO     pages.leave_admin_page:leave_admin_page.py:59 Cleared leave type name input.\nINFO     pages.leave_admin_page:leave_admin_page.py:61 Entered leave type name: happy Leave\nINFO     pages.leave_admin_page:leave_admin_page.py:64 Clicked Save button for leave type.\nINFO     pages.leave_admin_page:leave_admin_page.py:67 Leave type added successfully. Toast message: &amp;#x27;Success\nSuccessfully Saved&amp;#x27;\nINFO     tests.Leave.test_admin_create_leave:test_admin_create_leave.py:29 Leave type creation toast message: &amp;#x27;Success\nSuccessfully Saved&amp;#x27;\nINFO     tests.Leave.test_admin_create_leave:test_admin_create_leave.py:31 Leave type added successfully.\nINFO     tests.Leave.test_admin_create_leave:test_admin_create_leave.py:34 Assigning entitlement to employee &amp;#x27;John A doe&amp;#x27;.\nINFO     pages.leave_admin_page:leave_admin_page.py:71 Adding entitlement for employee &amp;#x27;John A Doe&amp;#x27;, leave type &amp;#x27;happy Leave&amp;#x27;, days &amp;#x27;10&amp;#x27;\nINFO     pages.leave_admin_page:leave_admin_page.py:73 Clicked Leave menu.\nINFO     pages.leave_admin_page:leave_admin_page.py:75 Clicked Entitlements menu.\nINFO     pages.leave_admin_page:leave_admin_page.py:77 Clicked Add Entitlements.\nINFO     pages.leave_admin_page:leave_admin_page.py:83 Entered employee name: John A Doe\n\n---------------------------- Captured log teardown -----------------------------\nINFO     root:conftest.py:91 Clearing cookies and storage after test.&#34;}], &#34;tests/Login/test_login.py::test_login[Admin-admin123-valid]&#34;: [{&#34;extras&#34;: [], &#34;result&#34;: &#34;Passed&#34;, &#34;testId&#34;: &#34;tests/Login/test_login.py::test_login[Admin-admin123-valid]&#34;, &#34;duration&#34;: &#34;00:00:04&#34;, &#34;resultsTableRow&#34;: [&#34;&lt;td class=\&#34;col-result\&#34;&gt;Passed&lt;/td&gt;&#34;, &#34;&lt;td class=\&#34;col-testId\&#34;&gt;tests/Login/test_login.py::test_login[Admin-admin123-valid]&lt;/td&gt;&#34;, &#34;&lt;td class=\&#34;col-duration\&#34;&gt;00:00:04&lt;/td&gt;&#34;, &#34;&lt;td class=\&#34;col-links\&#34;&gt;&lt;/td&gt;&#34;], &#34;log&#34;: &#34;------------------------------ Captured log setup ------------------------------\nINFO     root:conftest.py:87 Opening base URL: https://opensource-demo.orangehrmlive.com/\n\n------------------------------ Captured log call -------------------------------\nINFO     tests.Login.test_login:test_login.py:27 ===== START: test_login with username=&amp;#x27;Admin&amp;#x27; and password=&amp;#x27;admin123&amp;#x27; =====\nINFO     pages.login_page:login_page.py:21 LoginPage initialized\nINFO     tests.Login.test_login:test_login.py:32 Performing login with username=&amp;#x27;Admin&amp;#x27; and password=&amp;#x27;admin123&amp;#x27;\nINFO     pages.login_page:login_page.py:25 Attempting login with username: &amp;#x27;Admin&amp;#x27;\nINFO     pages.login_page:login_page.py:29 Login button clicked\nINFO     tests.Login.test_login:test_login.py:36 Expecting a successful login\nINFO     tests.Login.test_login:test_login.py:43 \u2705 Login successful, Dashboard header displayed and URL verified\nINFO     tests.Login.test_login:test_login.py:57 ===== END: test_login with username=&amp;#x27;Admin&amp;#x27; =====\n\n---------------------------- Captured log teardown -----------------------------\nINFO     root:conftest.py:91 Clearing cookies and storage after test.&#34;}], &#34;tests/Login/test_login.py::test_login[Admin-wrongPass-invalid]&#34;: [{&#34;extras&#34;: [], &#34;result&#34;: &#34;Passed&#34;, &#34;testId&#34;: &#34;tests/Login/test_login.py::test_login[Admin-wrongPass-invalid]&#34;, &#34;duration&#34;: &#34;00:00:05&#34;, &#34;resultsTableRow&#34;: [&#34;&lt;td class=\&#34;col-result\&#34;&gt;Passed&lt;/td&gt;&#34;, &#34;&lt;td class=\&#34;col-testId\&#34;&gt;tests/Login/test_login.py::test_login[Admin-wrongPass-invalid]&lt;/td&gt;&#34;, &#34;&lt;td class=\&#34;col-duration\&#34;&gt;00:00:05&lt;/td&gt;&#34;, &#34;&lt;td class=\&#34;col-links\&#34;&gt;&lt;/td&gt;&#34;], &#34;log&#34;: &#34;------------------------------ Captured log setup ------------------------------\nINFO     root:conftest.py:87 Opening base URL: https://opensource-demo.orangehrmlive.com/\n\n------------------------------ Captured log call -------------------------------\nINFO     tests.Login.test_login:test_login.py:27 ===== START: test_login with username=&amp;#x27;Admin&amp;#x27; and password=&amp;#x27;wrongPass&amp;#x27; =====\nINFO     pages.login_page:login_page.py:21 LoginPage initialized\nINFO     tests.Login.test_login:test_login.py:32 Performing login with username=&amp;#x27;Admin&amp;#x27; and password=&amp;#x27;wrongPass&amp;#x27;\nINFO     pages.login_page:login_page.py:25 Attempting login with username: &amp;#x27;Admin&amp;#x27;\nINFO     pages.login_page:login_page.py:29 Login button clicked\nINFO     tests.Login.test_login:test_login.py:45 Expecting login to fail\nWARNING  pages.login_page:login_page.py:35 Login error message displayed: Invalid credentials\nWARNING  tests.Login.test_login:test_login.py:49 Login failed as expected with error message: &amp;#x27;Invalid credentials&amp;#x27;\nINFO     tests.Login.test_login:test_login.py:57 ===== END: test_login with username=&amp;#x27;Admin&amp;#x27; =====\n\n---------------------------- Captured log teardown -----------------------------\nINFO     root:conftest.py:91 Clearing cookies and storage after test.&#34;}], &#34;tests/Login/test_login.py::test_login[wrongUser-admin123-invalid]&#34;: [{&#34;extras&#34;: [], &#34;result&#34;: &#34;Passed&#34;, &#34;testId&#34;: &#34;tests/Login/test_login.py::test_login[wrongUser-admin123-invalid]&#34;, &#34;duration&#34;: &#34;00:00:04&#34;, &#34;resultsTableRow&#34;: [&#34;&lt;td class=\&#34;col-result\&#34;&gt;Passed&lt;/td&gt;&#34;, &#34;&lt;td class=\&#34;col-testId\&#34;&gt;tests/Login/test_login.py::test_login[wrongUser-admin123-invalid]&lt;/td&gt;&#34;, &#34;&lt;td class=\&#34;col-duration\&#34;&gt;00:00:04&lt;/td&gt;&#34;, &#34;&lt;td class=\&#34;col-links\&#34;&gt;&lt;/td&gt;&#34;], &#34;log&#34;: &#34;------------------------------ Captured log setup ------------------------------\nINFO     root:conftest.py:87 Opening base URL: https://opensource-demo.orangehrmlive.com/\n\n------------------------------ Captured log call -------------------------------\nINFO     tests.Login.test_login:test_login.py:27 ===== START: test_login with username=&amp;#x27;wrongUser&amp;#x27; and password=&amp;#x27;admin123&amp;#x27; =====\nINFO     pages.login_page:login_page.py:21 LoginPage initialized\nINFO     tests.Login.test_login:test_login.py:32 Performing login with username=&amp;#x27;wrongUser&amp;#x27; and password=&amp;#x27;admin123&amp;#x27;\nINFO     pages.login_page:login_page.py:25 Attempting login with username: &amp;#x27;wrongUser&amp;#x27;\nINFO     pages.login_page:login_page.py:29 Login button clicked\nINFO     tests.Login.test_login:test_login.py:45 Expecting login to fail\nWARNING  pages.login_page:login_page.py:35 Login error message displayed: Invalid credentials\nWARNING  tests.Login.test_login:test_login.py:49 Login failed as expected with error message: &amp;#x27;Invalid credentials&amp;#x27;\nINFO     tests.Login.test_login:test_login.py:57 ===== END: test_login with username=&amp;#x27;wrongUser&amp;#x27; =====\n\n---------------------------- Captured log teardown -----------------------------\nINFO     root:conftest.py:91 Clearing cookies and storage after test.&#34;}], &#34;tests/Login/test_login.py::test_login[-admin123-invalid]&#34;: [{&#34;extras&#34;: [], &#34;result&#34;: &#34;Passed&#34;, &#34;testId&#34;: &#34;tests/Login/test_login.py::test_login[-admin123-invalid]&#34;, &#34;duration&#34;: &#34;00:00:12&#34;, &#34;resultsTableRow&#34;: [&#34;&lt;td class=\&#34;col-result\&#34;&gt;Passed&lt;/td&gt;&#34;, &#34;&lt;td class=\&#34;col-testId\&#34;&gt;tests/Login/test_login.py::test_login[-admin123-invalid]&lt;/td&gt;&#34;, &#34;&lt;td class=\&#34;col-duration\&#34;&gt;00:00:12&lt;/td&gt;&#34;, &#34;&lt;td class=\&#34;col-links\&#34;&gt;&lt;/td&gt;&#34;], &#34;log&#34;: &#34;------------------------------ Captured log setup ------------------------------\nINFO     root:conftest.py:87 Opening base URL: https://opensource-demo.orangehrmlive.com/\n\n------------------------------ Captured log call -------------------------------\nINFO     tests.Login.test_login:test_login.py:27 ===== START: test_login with username=&amp;#x27;&amp;#x27; and password=&amp;#x27;admin123&amp;#x27; =====\nINFO     pages.login_page:login_page.py:21 LoginPage initialized\nINFO     tests.Login.test_login:test_login.py:32 Performing login with username=&amp;#x27;&amp;#x27; and password=&amp;#x27;admin123&amp;#x27;\nINFO     pages.login_page:login_page.py:25 Attempting login with username: &amp;#x27;&amp;#x27;\nINFO     pages.login_page:login_page.py:29 Login button clicked\nINFO     tests.Login.test_login:test_login.py:45 Expecting login to fail\nINFO     pages.login_page:login_page.py:37 No login error message displayed\nINFO     tests.Login.test_login:test_login.py:55 \u2705 Login failed as expected, required field message displayed\nINFO     tests.Login.test_login:test_login.py:57 ===== END: test_login with username=&amp;#x27;&amp;#x27; =====\n\n---------------------------- Captured log teardown -----------------------------\nINFO     root:conftest.py:91 Clearing cookies and storage after test.&#34;}], &#34;tests/Login/test_login.py::test_login[Admin--invalid]&#34;: [{&#34;extras&#34;: [], &#34;result&#34;: &#34;Passed&#34;, &#34;testId&#34;: &#34;tests/Login/test_login.py::test_login[Admin--invalid]&#34;, &#34;duration&#34;: &#34;00:00:12&#34;, &#34;resultsTableRow&#34;: [&#34;&lt;td class=\&#34;col-result\&#34;&gt;Passed&lt;/td&gt;&#34;, &#34;&lt;td class=\&#34;col-testId\&#34;&gt;tests/Login/test_login.py::test_login[Admin--invalid]&lt;/td&gt;&#34;, &#34;&lt;td class=\&#34;col-duration\&#34;&gt;00:00:12&lt;/td&gt;&#34;, &#34;&lt;td class=\&#34;col-links\&#34;&gt;&lt;/td&gt;&#34;], &#34;log&#34;: &#34;------------------------------ Captured log setup ------------------------------\nINFO     root:conftest.py:87 Opening base URL: https://opensource-demo.orangehrmlive.com/\n\n------------------------------ Captured log call -------------------------------\nINFO     tests.Login.test_login:test_login.py:27 ===== START: test_login with username=&amp;#x27;Admin&amp;#x27; and password=&amp;#x27;&amp;#x27; =====\nINFO     pages.login_page:login_page.py:21 LoginPage initialized\nINFO     tests.Login.test_login:test_login.py:32 Performing login with username=&amp;#x27;Admin&amp;#x27; and password=&amp;#x27;&amp;#x27;\nINFO     pages.login_page:login_page.py:25 Attempting login with username: &amp;#x27;Admin&amp;#x27;\nINFO     pages.login_page:login_page.py:29 Login button clicked\nINFO     tests.Login.test_login:test_login.py:45 Expecting login to fail\nINFO     pages.login_page:login_page.py:37 No login error message displayed\nINFO     tests.Login.test_login:test_login.py:55 \u2705 Login failed as expected, required field message displayed\nINFO     tests.Login.test_login:test_login.py:57 ===== END: test_login with username=&amp;#x27;Admin&amp;#x27; =====\n\n---------------------------- Captured log teardown -----------------------------\nINFO     root:conftest.py:91 Clearing cookies and storage after test.&#34;}], &#34;tests/PIM/test_add_employee_basic_details_only.py::TestEmployeeAddition::test_add_employee_basic_details_only&#34;: [{&#34;extras&#34;: [], &#34;result&#34;: &#34;Passed&#34;, &#34;testId&#34;: &#34;tests/PIM/test_add_employee_basic_details_only.py::TestEmployeeAddition::test_add_employee_basic_details_only&#34;, &#34;duration&#34;: &#34;00:00:15&#34;, &#34;resultsTableRow&#34;: [&#34;&lt;td class=\&#34;col-result\&#34;&gt;Passed&lt;/td&gt;&#34;, &#34;&lt;td class=\&#34;col-testId\&#34;&gt;tests/PIM/test_add_employee_basic_details_only.py::TestEmployeeAddition::test_add_employee_basic_details_only&lt;/td&gt;&#34;, &#34;&lt;td class=\&#34;col-duration\&#34;&gt;00:00:15&lt;/td&gt;&#34;, &#34;&lt;td class=\&#34;col-links\&#34;&gt;&lt;/td&gt;&#34;], &#34;log&#34;: &#34;------------------------------ Captured log setup ------------------------------\nINFO     root:conftest.py:87 Opening base URL: https://opensource-demo.orangehrmlive.com/\n\n------------------------------ Captured log call -------------------------------\nINFO     pages.login_page:login_page.py:21 LoginPage initialized\nINFO     pages.dashboard_page:dashboard_page.py:27 DashboardPage initialized\nINFO     pages.login_page:login_page.py:25 Attempting login with username: &amp;#x27;Admin&amp;#x27;\nINFO     pages.login_page:login_page.py:29 Login button clicked\nINFO     pages.dashboard_page:dashboard_page.py:32 Dashboard displayed: True\nINFO     pages.dashboard_page:dashboard_page.py:77 Navigating to PIM page\n\n---------------------------- Captured log teardown -----------------------------\nINFO     root:conftest.py:91 Clearing cookies and storage after test.&#34;}], &#34;tests/PIM/test_add_employee_validation_errors.py::TestEmployeeAddition::test_add_employee_validation_errors&#34;: [{&#34;extras&#34;: [], &#34;result&#34;: &#34;Passed&#34;, &#34;testId&#34;: &#34;tests/PIM/test_add_employee_validation_errors.py::TestEmployeeAddition::test_add_employee_validation_errors&#34;, &#34;duration&#34;: &#34;00:00:10&#34;, &#34;resultsTableRow&#34;: [&#34;&lt;td class=\&#34;col-result\&#34;&gt;Passed&lt;/td&gt;&#34;, &#34;&lt;td class=\&#34;col-testId\&#34;&gt;tests/PIM/test_add_employee_validation_errors.py::TestEmployeeAddition::test_add_employee_validation_errors&lt;/td&gt;&#34;, &#34;&lt;td class=\&#34;col-duration\&#34;&gt;00:00:10&lt;/td&gt;&#34;, &#34;&lt;td class=\&#34;col-links\&#34;&gt;&lt;/td&gt;&#34;], &#34;log&#34;: &#34;------------------------------ Captured log setup ------------------------------\nINFO     root:conftest.py:87 Opening base URL: https://opensource-demo.orangehrmlive.com/\n\n------------------------------ Captured log call -------------------------------\nINFO     pages.login_page:login_page.py:21 LoginPage initialized\nINFO     pages.dashboard_page:dashboard_page.py:27 DashboardPage initialized\nINFO     pages.login_page:login_page.py:25 Attempting login with username: &amp;#x27;Admin&amp;#x27;\nINFO     pages.login_page:login_page.py:29 Login button clicked\nINFO     pages.dashboard_page:dashboard_page.py:77 Navigating to PIM page\n\n---------------------------- Captured log teardown -----------------------------\nINFO     root:conftest.py:91 Clearing cookies and storage after test.&#34;}], &#34;tests/PIM/test_add_employee_with_login_credentials.py::TestEmployeeAddition::test_add_employee_with_login_credentials&#34;: [{&#34;extras&#34;: [], &#34;result&#34;: &#34;Passed&#34;, &#34;testId&#34;: &#34;tests/PIM/test_add_employee_with_login_credentials.py::TestEmployeeAddition::test_add_employee_with_login_credentials&#34;, &#34;duration&#34;: &#34;00:00:21&#34;, &#34;resultsTableRow&#34;: [&#34;&lt;td class=\&#34;col-result\&#34;&gt;Passed&lt;/td&gt;&#34;, &#34;&lt;td class=\&#34;col-testId\&#34;&gt;tests/PIM/test_add_employee_with_login_credentials.py::TestEmployeeAddition::test_add_employee_with_login_credentials&lt;/td&gt;&#34;, &#34;&lt;td class=\&#34;col-duration\&#34;&gt;00:00:21&lt;/td&gt;&#34;, &#34;&lt;td class=\&#34;col-links\&#34;&gt;&lt;/td&gt;&#34;], &#34;log&#34;: &#34;------------------------------ Captured log setup ------------------------------\nINFO     root:conftest.py:87 Opening base URL: https://opensource-demo.orangehrmlive.com/\n\n------------------------------ Captured log call -------------------------------\nINFO     pages.login_page:login_page.py:21 LoginPage initialized\nINFO     pages.dashboard_page:dashboard_page.py:27 DashboardPage initialized\nINFO     pages.login_page:login_page.py:25 Attempting login with username: &amp;#x27;Admin&amp;#x27;\nINFO     pages.login_page:login_page.py:29 Login button clicked\nINFO     pages.dashboard_page:dashboard_page.py:77 Navigating to PIM page\n\n---------------------------- Captured log teardown -----------------------------\nINFO     root:conftest.py:91 Clearing cookies and storage after test.&#34;}], &#34;tests/PIM/test_add_employee_with_middle_name_and_custom_id.py::TestEmployeeAddition::test_add_employee_with_middle_name_and_custom_id&#34;: [{&#34;extras&#34;: [], &#34;result&#34;: &#34;Passed&#34;, &#34;testId&#34;: &#34;tests/PIM/test_add_employee_with_middle_name_and_custom_id.py::TestEmployeeAddition::test_add_employee_with_middle_name_and_custom_id&#34;, &#34;duration&#34;: &#34;00:00:11&#34;, &#34;resultsTableRow&#34;: [&#34;&lt;td class=\&#34;col-result\&#34;&gt;Passed&lt;/td&gt;&#34;, &#34;&lt;td class=\&#34;col-testId\&#34;&gt;tests/PIM/test_add_employee_with_middle_name_and_custom_id.py::TestEmployeeAddition::test_add_employee_with_middle_name_and_custom_id&lt;/td&gt;&#34;, &#34;&lt;td class=\&#34;col-duration\&#34;&gt;00:00:11&lt;/td&gt;&#34;, &#34;&lt;td class=\&#34;col-links\&#34;&gt;&lt;/td&gt;&#34;], &#34;log&#34;: &#34;------------------------------ Captured log setup ------------------------------\nINFO     root:conftest.py:87 Opening base URL: https://opensource-demo.orangehrmlive.com/\n\n------------------------------ Captured log call -------------------------------\nINFO     pages.login_page:login_page.py:21 LoginPage initialized\nINFO     pages.dashboard_page:dashboard_page.py:27 DashboardPage initialized\nINFO     pages.login_page:login_page.py:25 Attempting login with username: &amp;#x27;Admin&amp;#x27;\nINFO     pages.login_page:login_page.py:29 Login button clicked\nINFO     pages.dashboard_page:dashboard_page.py:77 Navigating to PIM page\n\n---------------------------- Captured log teardown -----------------------------\nINFO     root:conftest.py:91 Clearing cookies and storage after test.&#34;}], &#34;tests/PIM/test_add_multiple_employees_with_different_data.py::TestEmployeeAddition::test_add_multiple_employees_with_different_data[Alice-Johnson-False]&#34;: [{&#34;extras&#34;: [], &#34;result&#34;: &#34;Passed&#34;, &#34;testId&#34;: &#34;tests/PIM/test_add_multiple_employees_with_different_data.py::TestEmployeeAddition::test_add_multiple_employees_with_different_data[Alice-Johnson-False]&#34;, &#34;duration&#34;: &#34;00:00:32&#34;, &#34;resultsTableRow&#34;: [&#34;&lt;td class=\&#34;col-result\&#34;&gt;Passed&lt;/td&gt;&#34;, &#34;&lt;td class=\&#34;col-testId\&#34;&gt;tests/PIM/test_add_multiple_employees_with_different_data.py::TestEmployeeAddition::test_add_multiple_employees_with_different_data[Alice-Johnson-False]&lt;/td&gt;&#34;, &#34;&lt;td class=\&#34;col-duration\&#34;&gt;00:00:32&lt;/td&gt;&#34;, &#34;&lt;td class=\&#34;col-links\&#34;&gt;&lt;/td&gt;&#34;], &#34;log&#34;: &#34;------------------------------ Captured log setup ------------------------------\nINFO     WDM:logger.py:11 ====== WebDriver manager ======\nINFO     WDM:logger.py:11 Get LATEST chromedriver version for google-chrome\nINFO     WDM:logger.py:11 Get LATEST chromedriver version for google-chrome\nINFO     WDM:logger.py:11 Driver [C:\\Users\\shahn\\.wdm\\drivers\\chromedriver\\win64\\140.0.7339.207\\chromedriver-win32/chromedriver.exe] found in cache\n\n------------------------------ Captured log call -------------------------------\nINFO     pages.login_page:login_page.py:21 LoginPage initialized\nINFO     pages.dashboard_page:dashboard_page.py:27 DashboardPage initialized\nINFO     pages.login_page:login_page.py:25 Attempting login with username: &amp;#x27;Admin&amp;#x27;\nINFO     pages.login_page:login_page.py:29 Login button clicked\nINFO     pages.dashboard_page:dashboard_page.py:77 Navigating to PIM page\n\n&#34;}], &#34;tests/PIM/test_add_multiple_employees_with_different_data.py::TestEmployeeAddition::test_add_multiple_employees_with_different_data[Bob-Smith-True]&#34;: [{&#34;extras&#34;: [], &#34;result&#34;: &#34;Passed&#34;, &#34;testId&#34;: &#34;tests/PIM/test_add_multiple_employees_with_different_data.py::TestEmployeeAddition::test_add_multiple_employees_with_different_data[Bob-Smith-True]&#34;, &#34;duration&#34;: &#34;00:00:30&#34;, &#34;resultsTableRow&#34;: [&#34;&lt;td class=\&#34;col-result\&#34;&gt;Passed&lt;/td&gt;&#34;, &#34;&lt;td class=\&#34;col-testId\&#34;&gt;tests/PIM/test_add_multiple_employees_with_different_data.py::TestEmployeeAddition::test_add_multiple_employees_with_different_data[Bob-Smith-True]&lt;/td&gt;&#34;, &#34;&lt;td class=\&#34;col-duration\&#34;&gt;00:00:30&lt;/td&gt;&#34;, &#34;&lt;td class=\&#34;col-links\&#34;&gt;&lt;/td&gt;&#34;], &#34;log&#34;: &#34;------------------------------ Captured log setup ------------------------------\nINFO     WDM:logger.py:11 ====== WebDriver manager ======\nINFO     WDM:logger.py:11 Get LATEST chromedriver version for google-chrome\nINFO     WDM:logger.py:11 Get LATEST chromedriver version for google-chrome\nINFO     WDM:logger.py:11 Driver [C:\\Users\\shahn\\.wdm\\drivers\\chromedriver\\win64\\140.0.7339.207\\chromedriver-win32/chromedriver.exe] found in cache\n\n------------------------------ Captured log call -------------------------------\nINFO     pages.login_page:login_page.py:21 LoginPage initialized\nINFO     pages.dashboard_page:dashboard_page.py:27 DashboardPage initialized\nINFO     pages.login_page:login_page.py:25 Attempting login with username: &amp;#x27;Admin&amp;#x27;\nINFO     pages.login_page:login_page.py:29 Login button clicked\nINFO     pages.dashboard_page:dashboard_page.py:77 Navigating to PIM page\n\n&#34;}], &#34;tests/PIM/test_add_multiple_employees_with_different_data.py::TestEmployeeAddition::test_add_multiple_employees_with_different_data[Carol-Davis-False]&#34;: [{&#34;extras&#34;: [], &#34;result&#34;: &#34;Passed&#34;, &#34;testId&#34;: &#34;tests/PIM/test_add_multiple_employees_with_different_data.py::TestEmployeeAddition::test_add_multiple_employees_with_different_data[Carol-Davis-False]&#34;, &#34;duration&#34;: &#34;00:00:29&#34;, &#34;resultsTableRow&#34;: [&#34;&lt;td class=\&#34;col-result\&#34;&gt;Passed&lt;/td&gt;&#34;, &#34;&lt;td class=\&#34;col-testId\&#34;&gt;tests/PIM/test_add_multiple_employees_with_different_data.py::TestEmployeeAddition::test_add_multiple_employees_with_different_data[Carol-Davis-False]&lt;/td&gt;&#34;, &#34;&lt;td class=\&#34;col-duration\&#34;&gt;00:00:29&lt;/td&gt;&#34;, &#34;&lt;td class=\&#34;col-links\&#34;&gt;&lt;/td&gt;&#34;], &#34;log&#34;: &#34;------------------------------ Captured log setup ------------------------------\nINFO     WDM:logger.py:11 ====== WebDriver manager ======\nINFO     WDM:logger.py:11 Get LATEST chromedriver version for google-chrome\nINFO     WDM:logger.py:11 Get LATEST chromedriver version for google-chrome\nINFO     WDM:logger.py:11 Driver [C:\\Users\\shahn\\.wdm\\drivers\\chromedriver\\win64\\140.0.7339.207\\chromedriver-win32/chromedriver.exe] found in cache\n\n------------------------------ Captured log call -------------------------------\nINFO     pages.login_page:login_page.py:21 LoginPage initialized\nINFO     pages.dashboard_page:dashboard_page.py:27 DashboardPage initialized\nINFO     pages.login_page:login_page.py:25 Attempting login with username: &amp;#x27;Admin&amp;#x27;\nINFO     pages.login_page:login_page.py:29 Login button clicked\nINFO     pages.dashboard_page:dashboard_page.py:77 Navigating to PIM page\n\n&#34;}], &#34;tests/PIM/test_add_multiple_employees_with_different_data.py::TestEmployeeAddition::test_add_multiple_employees_with_different_data[David-Wilson-True]&#34;: [{&#34;extras&#34;: [], &#34;result&#34;: &#34;Failed&#34;, &#34;testId&#34;: &#34;tests/PIM/test_add_multiple_employees_with_different_data.py::TestEmployeeAddition::test_add_multiple_employees_with_different_data[David-Wilson-True]&#34;, &#34;duration&#34;: &#34;00:00:41&#34;, &#34;resultsTableRow&#34;: [&#34;&lt;td class=\&#34;col-result\&#34;&gt;Failed&lt;/td&gt;&#34;, &#34;&lt;td class=\&#34;col-testId\&#34;&gt;tests/PIM/test_add_multiple_employees_with_different_data.py::TestEmployeeAddition::test_add_multiple_employees_with_different_data[David-Wilson-True]&lt;/td&gt;&#34;, &#34;&lt;td class=\&#34;col-duration\&#34;&gt;00:00:41&lt;/td&gt;&#34;, &#34;&lt;td class=\&#34;col-links\&#34;&gt;&lt;/td&gt;&#34;], &#34;log&#34;: &#34;self = &amp;lt;tests.PIM.test_add_multiple_employees_with_different_data.TestEmployeeAddition object at 0x000001DFE4438640&amp;gt;\nfresh_driver = &amp;lt;selenium.webdriver.chrome.webdriver.WebDriver (session=&amp;quot;0e0f58600c7653a673f3433ace244327&amp;quot;)&amp;gt;, first_name = &amp;#x27;David&amp;#x27;\nlast_name = &amp;#x27;Wilson&amp;#x27;, has_middle_name = True\n\n    @pytest.mark.parametrize(&amp;quot;first_name,last_name,has_middle_name&amp;quot;, [\n        (&amp;quot;Alice&amp;quot;, &amp;quot;Johnson&amp;quot;, False),\n        (&amp;quot;Bob&amp;quot;, &amp;quot;Smith&amp;quot;, True),\n        (&amp;quot;Carol&amp;quot;, &amp;quot;Davis&amp;quot;, False),\n        (&amp;quot;David&amp;quot;, &amp;quot;Wilson&amp;quot;, True),\n        (&amp;quot;Emma&amp;quot;, &amp;quot;Brown&amp;quot;, False)\n    ])\n    def test_add_multiple_employees_with_different_data(self, fresh_driver, first_name, last_name, has_middle_name):\n        driver = fresh_driver  # Use fresh browser session\n    \n        print(f&amp;quot;\\n&amp;gt;&amp;gt;&amp;gt; Test: Add Employee - {first_name} {last_name}&amp;quot;)\n    \n        # Initialize page objects\n        login_page = LoginPage(driver)\n        dashboard_page = DashboardPage(driver)\n        pim_page = PIMPage(driver)\n        add_employee_page = AddEmployeePage(driver)\n    \n        # Step 1: Login\n        login_page.login(Config.USERNAME, Config.PASSWORD)\n    \n        # Step 2: Navigate to Add Employee\n        dashboard_page.navigate_to_pim()\n        pim_page.navigate_to_add_employee()\n    \n        # Step 3: Fill Employee Data\n        middle_name = TestDataGenerator.generate_random_string(6) if has_middle_name else &amp;quot;&amp;quot;\n        print(f&amp;quot;&amp;gt;&amp;gt;&amp;gt; Creating employee: {first_name} {middle_name} {last_name}&amp;quot;)\n    \n        add_employee_page.fill_basic_employee_details(first_name, last_name)\n        if middle_name:\n            add_employee_page.fill_middle_name(middle_name)\n    \n        # Step 4: Save Employee\n        employee_id = add_employee_page.get_employee_id()\n        add_employee_page.save_employee()\n    \n        # Step 5: Assert employee was created\n&amp;gt;       assert add_employee_page.is_employee_saved_successfully(), f&amp;quot;\u274c Failed to create employee: {first_name} {last_name}&amp;quot;\nE       AssertionError: \u274c Failed to create employee: David Wilson\nE       assert False\nE        +  where False = is_employee_saved_successfully()\nE        +    where is_employee_saved_successfully = &amp;lt;pages.add_employee_page.AddEmployeePage object at 0x000001DFE448C380&amp;gt;.is_employee_saved_successfully\n\ntests\\PIM\\test_add_multiple_employees_with_different_data.py:76: AssertionError\n\n------------------------------ Captured log setup ------------------------------\nINFO     WDM:logger.py:11 ====== WebDriver manager ======\nINFO     WDM:logger.py:11 Get LATEST chromedriver version for google-chrome\nINFO     WDM:logger.py:11 Get LATEST chromedriver version for google-chrome\nINFO     WDM:logger.py:11 Driver [C:\\Users\\shahn\\.wdm\\drivers\\chromedriver\\win64\\140.0.7339.207\\chromedriver-win32/chromedriver.exe] found in cache\n\n------------------------------ Captured log call -------------------------------\nINFO     pages.login_page:login_page.py:21 LoginPage initialized\nINFO     pages.dashboard_page:dashboard_page.py:27 DashboardPage initialized\nINFO     pages.login_page:login_page.py:25 Attempting login with username: &amp;#x27;Admin&amp;#x27;\nINFO     pages.login_page:login_page.py:29 Login button clicked\nINFO     pages.dashboard_page:dashboard_page.py:77 Navigating to PIM page\n\n&#34;}], &#34;tests/PIM/test_add_multiple_employees_with_different_data.py::TestEmployeeAddition::test_add_multiple_employees_with_different_data[Emma-Brown-False]&#34;: [{&#34;extras&#34;: [], &#34;result&#34;: &#34;Passed&#34;, &#34;testId&#34;: &#34;tests/PIM/test_add_multiple_employees_with_different_data.py::TestEmployeeAddition::test_add_multiple_employees_with_different_data[Emma-Brown-False]&#34;, &#34;duration&#34;: &#34;00:00:30&#34;, &#34;resultsTableRow&#34;: [&#34;&lt;td class=\&#34;col-result\&#34;&gt;Passed&lt;/td&gt;&#34;, &#34;&lt;td class=\&#34;col-testId\&#34;&gt;tests/PIM/test_add_multiple_employees_with_different_data.py::TestEmployeeAddition::test_add_multiple_employees_with_different_data[Emma-Brown-False]&lt;/td&gt;&#34;, &#34;&lt;td class=\&#34;col-duration\&#34;&gt;00:00:30&lt;/td&gt;&#34;, &#34;&lt;td class=\&#34;col-links\&#34;&gt;&lt;/td&gt;&#34;], &#34;log&#34;: &#34;------------------------------ Captured log setup ------------------------------\nINFO     WDM:logger.py:11 ====== WebDriver manager ======\nINFO     WDM:logger.py:11 Get LATEST chromedriver version for google-chrome\nINFO     WDM:logger.py:11 Get LATEST chromedriver version for google-chrome\nINFO     WDM:logger.py:11 Driver [C:\\Users\\shahn\\.wdm\\drivers\\chromedriver\\win64\\140.0.7339.207\\chromedriver-win32/chromedriver.exe] found in cache\n\n------------------------------ Captured log call -------------------------------\nINFO     pages.login_page:login_page.py:21 LoginPage initialized\nINFO     pages.dashboard_page:dashboard_page.py:27 DashboardPage initialized\nINFO     pages.login_page:login_page.py:25 Attempting login with username: &amp;#x27;Admin&amp;#x27;\nINFO     pages.login_page:login_page.py:29 Login button clicked\nINFO     pages.dashboard_page:dashboard_page.py:77 Navigating to PIM page\n\n&#34;}], &#34;tests/PIM/test_auto_generated_employee_id.py::test_auto_generated_employee_id&#34;: [{&#34;extras&#34;: [], &#34;result&#34;: &#34;Passed&#34;, &#34;testId&#34;: &#34;tests/PIM/test_auto_generated_employee_id.py::test_auto_generated_employee_id&#34;, &#34;duration&#34;: &#34;00:00:14&#34;, &#34;resultsTableRow&#34;: [&#34;&lt;td class=\&#34;col-result\&#34;&gt;Passed&lt;/td&gt;&#34;, &#34;&lt;td class=\&#34;col-testId\&#34;&gt;tests/PIM/test_auto_generated_employee_id.py::test_auto_generated_employee_id&lt;/td&gt;&#34;, &#34;&lt;td class=\&#34;col-duration\&#34;&gt;00:00:14&lt;/td&gt;&#34;, &#34;&lt;td class=\&#34;col-links\&#34;&gt;&lt;/td&gt;&#34;], &#34;log&#34;: &#34;------------------------------ Captured log setup ------------------------------\nINFO     root:conftest.py:87 Opening base URL: https://opensource-demo.orangehrmlive.com/\nINFO     pages.login_page:login_page.py:21 LoginPage initialized\nINFO     pages.login_page:login_page.py:25 Attempting login with username: &amp;#x27;Admin&amp;#x27;\nINFO     pages.login_page:login_page.py:29 Login button clicked\nINFO     pages.dashboard_page:dashboard_page.py:27 DashboardPage initialized\nINFO     pages.dashboard_page:dashboard_page.py:77 Navigating to PIM page\n---------------------------- Captured log teardown -----------------------------\nINFO     root:conftest.py:91 Clearing cookies and storage after test.&#34;}], &#34;tests/PIM/test_search_created_employee.py::TestEmployeeAddition::test_search_created_employee&#34;: [{&#34;extras&#34;: [], &#34;result&#34;: &#34;Failed&#34;, &#34;testId&#34;: &#34;tests/PIM/test_search_created_employee.py::TestEmployeeAddition::test_search_created_employee&#34;, &#34;duration&#34;: &#34;00:01:12&#34;, &#34;resultsTableRow&#34;: [&#34;&lt;td class=\&#34;col-result\&#34;&gt;Failed&lt;/td&gt;&#34;, &#34;&lt;td class=\&#34;col-testId\&#34;&gt;tests/PIM/test_search_created_employee.py::TestEmployeeAddition::test_search_created_employee&lt;/td&gt;&#34;, &#34;&lt;td class=\&#34;col-duration\&#34;&gt;00:01:12&lt;/td&gt;&#34;, &#34;&lt;td class=\&#34;col-links\&#34;&gt;&lt;/td&gt;&#34;], &#34;log&#34;: &#34;self = &amp;lt;tests.PIM.test_search_created_employee.TestEmployeeAddition object at 0x000001DFE43CEE90&amp;gt;\ndriver = &amp;lt;selenium.webdriver.chrome.webdriver.WebDriver (session=&amp;quot;ee669a10d6599cb127295eda5e9afcd3&amp;quot;)&amp;gt;\n\n    def test_search_created_employee(self, driver):\n        print(&amp;quot;\\n&amp;gt;&amp;gt;&amp;gt; Test: Search for Created Employee&amp;quot;)\n        login_page = LoginPage(driver)\n        dashboard_page = DashboardPage(driver)\n        pim_page = PIMPage(driver)\n        add_employee_page = AddEmployeePage(driver)\n        employee_list_page = EmployeeListPage(driver)\n    \n        login_page.login(Config.USERNAME, Config.PASSWORD)\n        dashboard_page.navigate_to_pim()\n        pim_page.navigate_to_add_employee()\n    \n        first_name, last_name = &amp;quot;SearchTest&amp;quot;, &amp;quot;Employee&amp;quot;\n        print(f&amp;quot;&amp;gt;&amp;gt;&amp;gt; Creating employee for search test: {first_name} {last_name}&amp;quot;)\n        add_employee_page.fill_basic_employee_details(first_name, last_name)\n        employee_id = add_employee_page.get_employee_id()\n        add_employee_page.save_employee()\n    \n        pim_page.navigate_to_employee_list()\n&amp;gt;       employee_list_page.search_employee_by_name(first_name, last_name)\n\ntests\\PIM\\test_search_created_employee.py:36: \n_ _ _ _ _ _ _ _ _ _ _ _ _ _ _ _ _ _ _ _ _ _ _ _ _ _ _ _ _ _ _ _ _ _ _ _ _ _ _ _ _ _ _ _ _ _ _ _ _ _ _ _ _ _ _ _ _ _ _ _ _ _ _ _ _ _ _ _ _ _ _ _ _ _\npages\\employee_list_page.py:78: in search_employee_by_name\n    WebDriverWait(self.driver, 15).until(\n_ _ _ _ _ _ _ _ _ _ _ _ _ _ _ _ _ _ _ _ _ _ _ _ _ _ _ _ _ _ _ _ _ _ _ _ _ _ _ _ _ _ _ _ _ _ _ _ _ _ _ _ _ _ _ _ _ _ _ _ _ _ _ _ _ _ _ _ _ _ _ _ _ _\n\nself = &amp;lt;selenium.webdriver.support.wait.WebDriverWait (session=&amp;quot;ee669a10d6599cb127295eda5e9afcd3&amp;quot;)&amp;gt;\nmethod = &amp;lt;function presence_of_element_located.&amp;lt;locals&amp;gt;._predicate at 0x000001DFE44A68E0&amp;gt;, message = &amp;#x27;&amp;#x27;\n\n    def until(self, method: Callable[[D], Union[Literal[False], T]], message: str = &amp;quot;&amp;quot;) -&amp;gt; T:\n        &amp;quot;&amp;quot;&amp;quot;Wait until the method returns a value that is not False.\n    \n        Calls the method provided with the driver as an argument until the\n        return value does not evaluate to ``False``.\n    \n        Parameters:\n        -----------\n        method: callable(WebDriver)\n            - A callable object that takes a WebDriver instance as an argument.\n    \n        message: str\n            - Optional message for :exc:`TimeoutException`\n    \n        Return:\n        -------\n        object: T\n            - The result of the last call to `method`\n    \n        Raises:\n        -------\n        TimeoutException\n            - If &amp;#x27;method&amp;#x27; does not return a truthy value within the WebDriverWait\n            object&amp;#x27;s timeout\n    \n        Example:\n        --------\n        &amp;gt;&amp;gt;&amp;gt; from selenium.webdriver.common.by import By\n        &amp;gt;&amp;gt;&amp;gt; from selenium.webdriver.support.ui import WebDriverWait\n        &amp;gt;&amp;gt;&amp;gt; from selenium.webdriver.support import expected_conditions as EC\n    \n        # Wait until an element is visible on the page\n        &amp;gt;&amp;gt;&amp;gt; wait = WebDriverWait(driver, 10)\n        &amp;gt;&amp;gt;&amp;gt; element = wait.until(EC.visibility_of_element_located((By.ID, &amp;quot;exampleId&amp;quot;)))\n        &amp;gt;&amp;gt;&amp;gt; print(element.text)\n        &amp;quot;&amp;quot;&amp;quot;\n        screen = None\n        stacktrace = None\n    \n        end_time = time.monotonic() + self._timeout\n        while True:\n            try:\n                value = method(self._driver)\n                if value:\n                    return value\n            except self._ignored_exceptions as exc:\n                screen = getattr(exc, &amp;quot;screen&amp;quot;, None)\n                stacktrace = getattr(exc, &amp;quot;stacktrace&amp;quot;, None)\n            if time.monotonic() &amp;gt; end_time:\n                break\n            time.sleep(self._poll)\n&amp;gt;       raise TimeoutException(message, screen, stacktrace)\nE       selenium.common.exceptions.TimeoutException: Message: \nE       Stacktrace:\nE       \tGetHandleVerifier [0x0x9ec333+65459]\nE       \tGetHandleVerifier [0x0x9ec374+65524]\nE       \t(No symbol) [0x0x80d973]\nE       \t(No symbol) [0x0x8576e7]\nE       \t(No symbol) [0x0x857a8b]\nE       \t(No symbol) [0x0x89dea2]\nE       \t(No symbol) [0x0x879e44]\nE       \t(No symbol) [0x0x89b606]\nE       \t(No symbol) [0x0x879bf6]\nE       \t(No symbol) [0x0x84b38e]\nE       \t(No symbol) [0x0x84c274]\nE       \tGetHandleVerifier [0x0xc6eda3+2697763]\nE       \tGetHandleVerifier [0x0xc69ec7+2677575]\nE       \tGetHandleVerifier [0x0xa14194+228884]\nE       \tGetHandleVerifier [0x0xa049f8+165496]\nE       \tGetHandleVerifier [0x0xa0b18d+192013]\nE       \tGetHandleVerifier [0x0x9f47d8+99416]\nE       \tGetHandleVerifier [0x0x9f4972+99826]\nE       \tGetHandleVerifier [0x0x9debea+10346]\nE       \tBaseThreadInitThunk [0x0x76307ba9+25]\nE       \tRtlInitializeExceptionChain [0x0x7788c2eb+107]\nE       \tRtlClearBits [0x0x7788c26f+191]\n\n.venv\\Lib\\site-packages\\selenium\\webdriver\\support\\wait.py:138: TimeoutException\n\n------------------------------ Captured log setup ------------------------------\nINFO     root:conftest.py:87 Opening base URL: https://opensource-demo.orangehrmlive.com/\n\n------------------------------ Captured log call -------------------------------\nINFO     pages.login_page:login_page.py:21 LoginPage initialized\nINFO     pages.dashboard_page:dashboard_page.py:27 DashboardPage initialized\nINFO     pages.login_page:login_page.py:25 Attempting login with username: &amp;#x27;Admin&amp;#x27;\nINFO     pages.login_page:login_page.py:29 Login button clicked\nINFO     pages.dashboard_page:dashboard_page.py:77 Navigating to PIM page\n\n---------------------------- Captured log teardown -----------------------------\nINFO     root:conftest.py:91 Clearing cookies and storage after test.&#34;}], &#34;tests/Recruitment/test_vacancy.py::test_fill_vacancy_form&#34;: [{&#34;extras&#34;: [], &#34;result&#34;: &#34;Passed&#34;, &#34;testId&#34;: &#34;tests/Recruitment/test_vacancy.py::test_fill_vacancy_form&#34;, &#34;duration&#34;: &#34;00:00:34&#34;, &#34;resultsTableRow&#34;: [&#34;&lt;td class=\&#34;col-result\&#34;&gt;Passed&lt;/td&gt;&#34;, &#34;&lt;td class=\&#34;col-testId\&#34;&gt;tests/Recruitment/test_vacancy.py::test_fill_vacancy_form&lt;/td&gt;&#34;, &#34;&lt;td class=\&#34;col-duration\&#34;&gt;00:00:34&lt;/td&gt;&#34;, &#34;&lt;td class=\&#34;col-links\&#34;&gt;&lt;/td&gt;&#34;], &#34;log&#34;: &#34;------------------------------ Captured log setup ------------------------------\nINFO     root:conftest.py:87 Opening base URL: https://opensource-demo.orangehrmlive.com/\nINFO     pages.login_page:login_page.py:21 LoginPage initialized\nINFO     pages.login_page:login_page.py:25 Attempting login with username: &amp;#x27;Admin&amp;#x27;\nINFO     pages.login_page:login_page.py:29 Login button clicked\n---------------------------- Captured log teardown -----------------------------\nINFO     root:conftest.py:91 Clearing cookies and storage after test.&#34;}], &#34;tests/Time/test_attendance.py::TestAttendance::test_punch_in_out_and_view_records&#34;: [{&#34;extras&#34;: [], &#34;result&#34;: &#34;Failed&#34;, &#34;testId&#34;: &#34;tests/Time/test_attendance.py::TestAttendance::test_punch_in_out_and_view_records&#34;, &#34;duration&#34;: &#34;00:00:58&#34;, &#34;resultsTableRow&#34;: [&#34;&lt;td class=\&#34;col-result\&#34;&gt;Failed&lt;/td&gt;&#34;, &#34;&lt;td class=\&#34;col-testId\&#34;&gt;tests/Time/test_attendance.py::TestAttendance::test_punch_in_out_and_view_records&lt;/td&gt;&#34;, &#34;&lt;td class=\&#34;col-duration\&#34;&gt;00:00:58&lt;/td&gt;&#34;, &#34;&lt;td class=\&#34;col-links\&#34;&gt;&lt;/td&gt;&#34;], &#34;log&#34;: &#34;self = &amp;lt;tests.Time.test_attendance.TestAttendance object at 0x000001DFE43CFD90&amp;gt;\ndriver = &amp;lt;selenium.webdriver.chrome.webdriver.WebDriver (session=&amp;quot;ee669a10d6599cb127295eda5e9afcd3&amp;quot;)&amp;gt;\n\n    def test_punch_in_out_and_view_records(self, driver):\n        print(&amp;quot;&amp;gt;&amp;gt;&amp;gt; Test: Attendance Punch In/Out and View Records started&amp;quot;)\n    \n        # ---------- Login ----------\n        print(&amp;quot;&amp;gt;&amp;gt;&amp;gt; Logging in with Admin credentials&amp;quot;)\n        login_page = LoginPage(driver)\n        login_page.login(username=&amp;quot;Admin&amp;quot;, password=&amp;quot;admin123&amp;quot;)  # replace with valid creds\n        print(&amp;quot;\u2705 Login successful&amp;quot;)\n    \n        # ---------- Dashboard ----------\n        print(&amp;quot;&amp;gt;&amp;gt;&amp;gt; Navigating to Time module from Dashboard&amp;quot;)\n        dashboard = DashboardPage(driver)\n        dashboard.navigate_to_time()\n        print(&amp;quot;\u2705 Navigation to Time module successful&amp;quot;)\n    \n        # ---------- Attendance ----------\n        attendance = AttendancePage(driver)\n    \n        # Punch In\n        print(&amp;quot;&amp;gt;&amp;gt;&amp;gt; Punching In&amp;quot;)\n&amp;gt;       punch_in_success = attendance.punch_in(note=&amp;quot;Starting work for the day&amp;quot;)\n                           ^^^^^^^^^^^^^^^^^^^^^^^^^^^^^^^^^^^^^^^^^^^^^^^^^^^^^\n\ntests\\Time\\test_attendance.py:31: \n_ _ _ _ _ _ _ _ _ _ _ _ _ _ _ _ _ _ _ _ _ _ _ _ _ _ _ _ _ _ _ _ _ _ _ _ _ _ _ _ _ _ _ _ _ _ _ _ _ _ _ _ _ _ _ _ _ _ _ _ _ _ _ _ _ _ _ _ _ _ _ _ _ _\npages\\attendance_page.py:56: in punch_in\n    return self._punch_action(note, action=&amp;quot;in&amp;quot;)\n           ^^^^^^^^^^^^^^^^^^^^^^^^^^^^^^^^^^^^^\npages\\attendance_page.py:64: in _punch_action\n    self.navigate_to_punch_in_out()\npages\\attendance_page.py:42: in navigate_to_punch_in_out\n    option = self.wait.until(EC.element_to_be_clickable(self.punch_in_out_option))\n             ^^^^^^^^^^^^^^^^^^^^^^^^^^^^^^^^^^^^^^^^^^^^^^^^^^^^^^^^^^^^^^^^^^^^^\n_ _ _ _ _ _ _ _ _ _ _ _ _ _ _ _ _ _ _ _ _ _ _ _ _ _ _ _ _ _ _ _ _ _ _ _ _ _ _ _ _ _ _ _ _ _ _ _ _ _ _ _ _ _ _ _ _ _ _ _ _ _ _ _ _ _ _ _ _ _ _ _ _ _\n\nself = &amp;lt;selenium.webdriver.support.wait.WebDriverWait (session=&amp;quot;ee669a10d6599cb127295eda5e9afcd3&amp;quot;)&amp;gt;\nmethod = &amp;lt;function element_to_be_clickable.&amp;lt;locals&amp;gt;._predicate at 0x000001DFE454D260&amp;gt;, message = &amp;#x27;&amp;#x27;\n\n    def until(self, method: Callable[[D], Union[Literal[False], T]], message: str = &amp;quot;&amp;quot;) -&amp;gt; T:\n        &amp;quot;&amp;quot;&amp;quot;Wait until the method returns a value that is not False.\n    \n        Calls the method provided with the driver as an argument until the\n        return value does not evaluate to ``False``.\n    \n        Parameters:\n        -----------\n        method: callable(WebDriver)\n            - A callable object that takes a WebDriver instance as an argument.\n    \n        message: str\n            - Optional message for :exc:`TimeoutException`\n    \n        Return:\n        -------\n        object: T\n            - The result of the last call to `method`\n    \n        Raises:\n        -------\n        TimeoutException\n            - If &amp;#x27;method&amp;#x27; does not return a truthy value within the WebDriverWait\n            object&amp;#x27;s timeout\n    \n        Example:\n        --------\n        &amp;gt;&amp;gt;&amp;gt; from selenium.webdriver.common.by import By\n        &amp;gt;&amp;gt;&amp;gt; from selenium.webdriver.support.ui import WebDriverWait\n        &amp;gt;&amp;gt;&amp;gt; from selenium.webdriver.support import expected_conditions as EC\n    \n        # Wait until an element is visible on the page\n        &amp;gt;&amp;gt;&amp;gt; wait = WebDriverWait(driver, 10)\n        &amp;gt;&amp;gt;&amp;gt; element = wait.until(EC.visibility_of_element_located((By.ID, &amp;quot;exampleId&amp;quot;)))\n        &amp;gt;&amp;gt;&amp;gt; print(element.text)\n        &amp;quot;&amp;quot;&amp;quot;\n        screen = None\n        stacktrace = None\n    \n        end_time = time.monotonic() + self._timeout\n        while True:\n            try:\n                value = method(self._driver)\n                if value:\n                    return value\n            except self._ignored_exceptions as exc:\n                screen = getattr(exc, &amp;quot;screen&amp;quot;, None)\n                stacktrace = getattr(exc, &amp;quot;stacktrace&amp;quot;, None)\n            if time.monotonic() &amp;gt; end_time:\n                break\n            time.sleep(self._poll)\n&amp;gt;       raise TimeoutException(message, screen, stacktrace)\nE       selenium.common.exceptions.TimeoutException: Message:\n\n.venv\\Lib\\site-packages\\selenium\\webdriver\\support\\wait.py:138: TimeoutException\n\n------------------------------ Captured log setup ------------------------------\nINFO     root:conftest.py:87 Opening base URL: https://opensource-demo.orangehrmlive.com/\n\n------------------------------ Captured log call -------------------------------\nINFO     pages.login_page:login_page.py:21 LoginPage initialized\nINFO     pages.login_page:login_page.py:25 Attempting login with username: &amp;#x27;Admin&amp;#x27;\nINFO     pages.login_page:login_page.py:29 Login button clicked\nINFO     pages.dashboard_page:dashboard_page.py:27 DashboardPage initialized\nINFO     pages.dashboard_page:dashboard_page.py:85 Navigating to Time page\n\n---------------------------- Captured log teardown -----------------------------\nINFO     root:conftest.py:91 Clearing cookies and storage after test.\nINFO     root:conftest.py:78 Driver closed after session.&#34;}]}, &#34;renderCollapsed&#34;: [&#34;passed&#34;], &#34;initialSort&#34;: &#34;result&#34;, &#34;title&#34;: &#34;report.html&#34;}"></div>
    <script>
      (function(){function r(e,n,t){function o(i,f){if(!n[i]){if(!e[i]){var c="function"==typeof require&&require;if(!f&&c)return c(i,!0);if(u)return u(i,!0);var a=new Error("Cannot find module '"+i+"'");throw a.code="MODULE_NOT_FOUND",a}var p=n[i]={exports:{}};e[i][0].call(p.exports,function(r){var n=e[i][1][r];return o(n||r)},p,p.exports,r,e,n,t)}return n[i].exports}for(var u="function"==typeof require&&require,i=0;i<t.length;i++)o(t[i]);return o}return r})()({1:[function(require,module,exports){
const { getCollapsedCategory, setCollapsedIds } = require('./storage.js')

class DataManager {
    setManager(data) {
        const collapsedCategories = [...getCollapsedCategory(data.renderCollapsed)]
        const collapsedIds = []
        const tests = Object.values(data.tests).flat().map((test, index) => {
            const collapsed = collapsedCategories.includes(test.result.toLowerCase())
            const id = `test_${index}`
            if (collapsed) {
                collapsedIds.push(id)
            }
            return {
                ...test,
                id,
                collapsed,
            }
        })
        const dataBlob = { ...data, tests }
        this.data = { ...dataBlob }
        this.renderData = { ...dataBlob }
        setCollapsedIds(collapsedIds)
    }

    get allData() {
        return { ...this.data }
    }

    resetRender() {
        this.renderData = { ...this.data }
    }

    setRender(data) {
        this.renderData.tests = [...data]
    }

    toggleCollapsedItem(id) {
        this.renderData.tests = this.renderData.tests.map((test) =>
            test.id === id ? { ...test, collapsed: !test.collapsed } : test,
        )
    }

    set allCollapsed(collapsed) {
        this.renderData = { ...this.renderData, tests: [...this.renderData.tests.map((test) => (
            { ...test, collapsed }
        ))] }
    }

    get testSubset() {
        return [...this.renderData.tests]
    }

    get environment() {
        return this.renderData.environment
    }

    get initialSort() {
        return this.data.initialSort
    }
}

module.exports = {
    manager: new DataManager(),
}

},{"./storage.js":8}],2:[function(require,module,exports){
const mediaViewer = require('./mediaviewer.js')
const templateEnvRow = document.getElementById('template_environment_row')
const templateResult = document.getElementById('template_results-table__tbody')

function htmlToElements(html) {
    const temp = document.createElement('template')
    temp.innerHTML = html
    return temp.content.childNodes
}

const find = (selector, elem) => {
    if (!elem) {
        elem = document
    }
    return elem.querySelector(selector)
}

const findAll = (selector, elem) => {
    if (!elem) {
        elem = document
    }
    return [...elem.querySelectorAll(selector)]
}

const dom = {
    getStaticRow: (key, value) => {
        const envRow = templateEnvRow.content.cloneNode(true)
        const isObj = typeof value === 'object' && value !== null
        const values = isObj ? Object.keys(value).map((k) => `${k}: ${value[k]}`) : null

        const valuesElement = htmlToElements(
            values ? `<ul>${values.map((val) => `<li>${val}</li>`).join('')}<ul>` : `<div>${value}</div>`)[0]
        const td = findAll('td', envRow)
        td[0].textContent = key
        td[1].appendChild(valuesElement)

        return envRow
    },
    getResultTBody: ({ testId, id, log, extras, resultsTableRow, tableHtml, result, collapsed }) => {
        const resultBody = templateResult.content.cloneNode(true)
        resultBody.querySelector('tbody').classList.add(result.toLowerCase())
        resultBody.querySelector('tbody').id = testId
        resultBody.querySelector('.collapsible').dataset.id = id

        resultsTableRow.forEach((html) => {
            const t = document.createElement('template')
            t.innerHTML = html
            resultBody.querySelector('.collapsible').appendChild(t.content)
        })

        if (log) {
            // Wrap lines starting with "E" with span.error to color those lines red
            const wrappedLog = log.replace(/^E.*$/gm, (match) => `<span class="error">${match}</span>`)
            resultBody.querySelector('.log').innerHTML = wrappedLog
        } else {
            resultBody.querySelector('.log').remove()
        }

        if (collapsed) {
            resultBody.querySelector('.collapsible > td')?.classList.add('collapsed')
            resultBody.querySelector('.extras-row').classList.add('hidden')
        } else {
            resultBody.querySelector('.collapsible > td')?.classList.remove('collapsed')
        }

        const media = []
        extras?.forEach(({ name, format_type, content }) => {
            if (['image', 'video'].includes(format_type)) {
                media.push({ path: content, name, format_type })
            }

            if (format_type === 'html') {
                resultBody.querySelector('.extraHTML').insertAdjacentHTML('beforeend', `<div>${content}</div>`)
            }
        })
        mediaViewer.setup(resultBody, media)

        // Add custom html from the pytest_html_results_table_html hook
        tableHtml?.forEach((item) => {
            resultBody.querySelector('td[class="extra"]').insertAdjacentHTML('beforeend', item)
        })

        return resultBody
    },
}

module.exports = {
    dom,
    htmlToElements,
    find,
    findAll,
}

},{"./mediaviewer.js":6}],3:[function(require,module,exports){
const { manager } = require('./datamanager.js')
const { doSort } = require('./sort.js')
const storageModule = require('./storage.js')

const getFilteredSubSet = (filter) =>
    manager.allData.tests.filter(({ result }) => filter.includes(result.toLowerCase()))

const doInitFilter = () => {
    const currentFilter = storageModule.getVisible()
    const filteredSubset = getFilteredSubSet(currentFilter)
    manager.setRender(filteredSubset)
}

const doFilter = (type, show) => {
    if (show) {
        storageModule.showCategory(type)
    } else {
        storageModule.hideCategory(type)
    }

    const currentFilter = storageModule.getVisible()
    const filteredSubset = getFilteredSubSet(currentFilter)
    manager.setRender(filteredSubset)

    const sortColumn = storageModule.getSort()
    doSort(sortColumn, true)
}

module.exports = {
    doFilter,
    doInitFilter,
}

},{"./datamanager.js":1,"./sort.js":7,"./storage.js":8}],4:[function(require,module,exports){
const { redraw, bindEvents, renderStatic } = require('./main.js')
const { doInitFilter } = require('./filter.js')
const { doInitSort } = require('./sort.js')
const { manager } = require('./datamanager.js')
const data = JSON.parse(document.getElementById('data-container').dataset.jsonblob)

function init() {
    manager.setManager(data)
    doInitFilter()
    doInitSort()
    renderStatic()
    redraw()
    bindEvents()
}

init()

},{"./datamanager.js":1,"./filter.js":3,"./main.js":5,"./sort.js":7}],5:[function(require,module,exports){
const { dom, find, findAll } = require('./dom.js')
const { manager } = require('./datamanager.js')
const { doSort } = require('./sort.js')
const { doFilter } = require('./filter.js')
const {
    getVisible,
    getCollapsedIds,
    setCollapsedIds,
    getSort,
    getSortDirection,
    possibleFilters,
} = require('./storage.js')

const removeChildren = (node) => {
    while (node.firstChild) {
        node.removeChild(node.firstChild)
    }
}

const renderStatic = () => {
    const renderEnvironmentTable = () => {
        const environment = manager.environment
        const rows = Object.keys(environment).map((key) => dom.getStaticRow(key, environment[key]))
        const table = document.getElementById('environment')
        removeChildren(table)
        rows.forEach((row) => table.appendChild(row))
    }
    renderEnvironmentTable()
}

const addItemToggleListener = (elem) => {
    elem.addEventListener('click', ({ target }) => {
        const id = target.parentElement.dataset.id
        manager.toggleCollapsedItem(id)

        const collapsedIds = getCollapsedIds()
        if (collapsedIds.includes(id)) {
            const updated = collapsedIds.filter((item) => item !== id)
            setCollapsedIds(updated)
        } else {
            collapsedIds.push(id)
            setCollapsedIds(collapsedIds)
        }
        redraw()
    })
}

const renderContent = (tests) => {
    const sortAttr = getSort(manager.initialSort)
    const sortAsc = JSON.parse(getSortDirection())
    const rows = tests.map(dom.getResultTBody)
    const table = document.getElementById('results-table')
    const tableHeader = document.getElementById('results-table-head')

    const newTable = document.createElement('table')
    newTable.id = 'results-table'

    // remove all sorting classes and set the relevant
    findAll('.sortable', tableHeader).forEach((elem) => elem.classList.remove('asc', 'desc'))
    tableHeader.querySelector(`.sortable[data-column-type="${sortAttr}"]`)?.classList.add(sortAsc ? 'desc' : 'asc')
    newTable.appendChild(tableHeader)

    if (!rows.length) {
        const emptyTable = document.getElementById('template_results-table__body--empty').content.cloneNode(true)
        newTable.appendChild(emptyTable)
    } else {
        rows.forEach((row) => {
            if (!!row) {
                findAll('.collapsible td:not(.col-links', row).forEach(addItemToggleListener)
                find('.logexpander', row).addEventListener('click',
                    (evt) => evt.target.parentNode.classList.toggle('expanded'),
                )
                newTable.appendChild(row)
            }
        })
    }

    table.replaceWith(newTable)
}

const renderDerived = () => {
    const currentFilter = getVisible()
    possibleFilters.forEach((result) => {
        const input = document.querySelector(`input[data-test-result="${result}"]`)
        input.checked = currentFilter.includes(result)
    })
}

const bindEvents = () => {
    const filterColumn = (evt) => {
        const { target: element } = evt
        const { testResult } = element.dataset

        doFilter(testResult, element.checked)
        const collapsedIds = getCollapsedIds()
        const updated = manager.renderData.tests.map((test) => {
            return {
                ...test,
                collapsed: collapsedIds.includes(test.id),
            }
        })
        manager.setRender(updated)
        redraw()
    }

    const header = document.getElementById('environment-header')
    header.addEventListener('click', () => {
        const table = document.getElementById('environment')
        table.classList.toggle('hidden')
        header.classList.toggle('collapsed')
    })

    findAll('input[name="filter_checkbox"]').forEach((elem) => {
        elem.addEventListener('click', filterColumn)
    })

    findAll('.sortable').forEach((elem) => {
        elem.addEventListener('click', (evt) => {
            const { target: element } = evt
            const { columnType } = element.dataset
            doSort(columnType)
            redraw()
        })
    })

    document.getElementById('show_all_details').addEventListener('click', () => {
        manager.allCollapsed = false
        setCollapsedIds([])
        redraw()
    })
    document.getElementById('hide_all_details').addEventListener('click', () => {
        manager.allCollapsed = true
        const allIds = manager.renderData.tests.map((test) => test.id)
        setCollapsedIds(allIds)
        redraw()
    })
}

const redraw = () => {
    const { testSubset } = manager

    renderContent(testSubset)
    renderDerived()
}

module.exports = {
    redraw,
    bindEvents,
    renderStatic,
}

},{"./datamanager.js":1,"./dom.js":2,"./filter.js":3,"./sort.js":7,"./storage.js":8}],6:[function(require,module,exports){
class MediaViewer {
    constructor(assets) {
        this.assets = assets
        this.index = 0
    }

    nextActive() {
        this.index = this.index === this.assets.length - 1 ? 0 : this.index + 1
        return [this.activeFile, this.index]
    }

    prevActive() {
        this.index = this.index === 0 ? this.assets.length - 1 : this.index -1
        return [this.activeFile, this.index]
    }

    get currentIndex() {
        return this.index
    }

    get activeFile() {
        return this.assets[this.index]
    }
}


const setup = (resultBody, assets) => {
    if (!assets.length) {
        resultBody.querySelector('.media').classList.add('hidden')
        return
    }

    const mediaViewer = new MediaViewer(assets)
    const container = resultBody.querySelector('.media-container')
    const leftArrow = resultBody.querySelector('.media-container__nav--left')
    const rightArrow = resultBody.querySelector('.media-container__nav--right')
    const mediaName = resultBody.querySelector('.media__name')
    const counter = resultBody.querySelector('.media__counter')
    const imageEl = resultBody.querySelector('img')
    const sourceEl = resultBody.querySelector('source')
    const videoEl = resultBody.querySelector('video')

    const setImg = (media, index) => {
        if (media?.format_type === 'image') {
            imageEl.src = media.path

            imageEl.classList.remove('hidden')
            videoEl.classList.add('hidden')
        } else if (media?.format_type === 'video') {
            sourceEl.src = media.path

            videoEl.classList.remove('hidden')
            imageEl.classList.add('hidden')
        }

        mediaName.innerText = media?.name
        counter.innerText = `${index + 1} / ${assets.length}`
    }
    setImg(mediaViewer.activeFile, mediaViewer.currentIndex)

    const moveLeft = () => {
        const [media, index] = mediaViewer.prevActive()
        setImg(media, index)
    }
    const doRight = () => {
        const [media, index] = mediaViewer.nextActive()
        setImg(media, index)
    }
    const openImg = () => {
        window.open(mediaViewer.activeFile.path, '_blank')
    }
    if (assets.length === 1) {
        container.classList.add('media-container--fullscreen')
    } else {
        leftArrow.addEventListener('click', moveLeft)
        rightArrow.addEventListener('click', doRight)
    }
    imageEl.addEventListener('click', openImg)
}

module.exports = {
    setup,
}

},{}],7:[function(require,module,exports){
const { manager } = require('./datamanager.js')
const storageModule = require('./storage.js')

const genericSort = (list, key, ascending, customOrder) => {
    let sorted
    if (customOrder) {
        sorted = list.sort((a, b) => {
            const aValue = a.result.toLowerCase()
            const bValue = b.result.toLowerCase()

            const aIndex = customOrder.findIndex((item) => item.toLowerCase() === aValue)
            const bIndex = customOrder.findIndex((item) => item.toLowerCase() === bValue)

            // Compare the indices to determine the sort order
            return aIndex - bIndex
        })
    } else {
        sorted = list.sort((a, b) => a[key] === b[key] ? 0 : a[key] > b[key] ? 1 : -1)
    }

    if (ascending) {
        sorted.reverse()
    }
    return sorted
}

const durationSort = (list, ascending) => {
    const parseDuration = (duration) => {
        if (duration.includes(':')) {
            // If it's in the format "HH:mm:ss"
            const [hours, minutes, seconds] = duration.split(':').map(Number)
            return (hours * 3600 + minutes * 60 + seconds) * 1000
        } else {
            // If it's in the format "nnn ms"
            return parseInt(duration)
        }
    }
    const sorted = list.sort((a, b) => parseDuration(a['duration']) - parseDuration(b['duration']))
    if (ascending) {
        sorted.reverse()
    }
    return sorted
}

const doInitSort = () => {
    const type = storageModule.getSort(manager.initialSort)
    const ascending = storageModule.getSortDirection()
    const list = manager.testSubset
    const initialOrder = ['Error', 'Failed', 'Rerun', 'XFailed', 'XPassed', 'Skipped', 'Passed']

    storageModule.setSort(type)
    storageModule.setSortDirection(ascending)

    if (type?.toLowerCase() === 'original') {
        manager.setRender(list)
    } else {
        let sortedList
        switch (type) {
        case 'duration':
            sortedList = durationSort(list, ascending)
            break
        case 'result':
            sortedList = genericSort(list, type, ascending, initialOrder)
            break
        default:
            sortedList = genericSort(list, type, ascending)
            break
        }
        manager.setRender(sortedList)
    }
}

const doSort = (type, skipDirection) => {
    const newSortType = storageModule.getSort(manager.initialSort) !== type
    const currentAsc = storageModule.getSortDirection()
    let ascending
    if (skipDirection) {
        ascending = currentAsc
    } else {
        ascending = newSortType ? false : !currentAsc
    }
    storageModule.setSort(type)
    storageModule.setSortDirection(ascending)

    const list = manager.testSubset
    const sortedList = type === 'duration' ? durationSort(list, ascending) : genericSort(list, type, ascending)
    manager.setRender(sortedList)
}

module.exports = {
    doInitSort,
    doSort,
}

},{"./datamanager.js":1,"./storage.js":8}],8:[function(require,module,exports){
const possibleFilters = [
    'passed',
    'skipped',
    'failed',
    'error',
    'xfailed',
    'xpassed',
    'rerun',
]

const getVisible = () => {
    const url = new URL(window.location.href)
    const settings = new URLSearchParams(url.search).get('visible')
    const lower = (item) => {
        const lowerItem = item.toLowerCase()
        if (possibleFilters.includes(lowerItem)) {
            return lowerItem
        }
        return null
    }
    return settings === null ?
        possibleFilters :
        [...new Set(settings?.split(',').map(lower).filter((item) => item))]
}

const hideCategory = (categoryToHide) => {
    const url = new URL(window.location.href)
    const visibleParams = new URLSearchParams(url.search).get('visible')
    const currentVisible = visibleParams ? visibleParams.split(',') : [...possibleFilters]
    const settings = [...new Set(currentVisible)].filter((f) => f !== categoryToHide).join(',')

    url.searchParams.set('visible', settings)
    window.history.pushState({}, null, unescape(url.href))
}

const showCategory = (categoryToShow) => {
    if (typeof window === 'undefined') {
        return
    }
    const url = new URL(window.location.href)
    const currentVisible = new URLSearchParams(url.search).get('visible')?.split(',').filter(Boolean) ||
        [...possibleFilters]
    const settings = [...new Set([categoryToShow, ...currentVisible])]
    const noFilter = possibleFilters.length === settings.length || !settings.length

    noFilter ? url.searchParams.delete('visible') : url.searchParams.set('visible', settings.join(','))
    window.history.pushState({}, null, unescape(url.href))
}

const getSort = (initialSort) => {
    const url = new URL(window.location.href)
    let sort = new URLSearchParams(url.search).get('sort')
    if (!sort) {
        sort = initialSort || 'result'
    }
    return sort
}

const setSort = (type) => {
    const url = new URL(window.location.href)
    url.searchParams.set('sort', type)
    window.history.pushState({}, null, unescape(url.href))
}

const getCollapsedCategory = (renderCollapsed) => {
    let categories
    if (typeof window !== 'undefined') {
        const url = new URL(window.location.href)
        const collapsedItems = new URLSearchParams(url.search).get('collapsed')
        switch (true) {
        case !renderCollapsed && collapsedItems === null:
            categories = ['passed']
            break
        case collapsedItems?.length === 0 || /^["']{2}$/.test(collapsedItems):
            categories = []
            break
        case /^all$/.test(collapsedItems) || collapsedItems === null && /^all$/.test(renderCollapsed):
            categories = [...possibleFilters]
            break
        default:
            categories = collapsedItems?.split(',').map((item) => item.toLowerCase()) || renderCollapsed
            break
        }
    } else {
        categories = []
    }
    return categories
}

const getSortDirection = () => JSON.parse(sessionStorage.getItem('sortAsc')) || false
const setSortDirection = (ascending) => sessionStorage.setItem('sortAsc', ascending)

const getCollapsedIds = () => JSON.parse(sessionStorage.getItem('collapsedIds')) || []
const setCollapsedIds = (list) => sessionStorage.setItem('collapsedIds', JSON.stringify(list))

module.exports = {
    getVisible,
    hideCategory,
    showCategory,
    getCollapsedIds,
    setCollapsedIds,
    getSort,
    setSort,
    getSortDirection,
    setSortDirection,
    getCollapsedCategory,
    possibleFilters,
}

},{}]},{},[4]);
    </script>
  </footer>
</html>