{"name": "test_add_employee_with_login_credentials", "status": "failed", "statusDetails": {"message": "AssertionError: ⚠ Employee was not saved successfully\nassert False\n +  where False = is_employee_saved_successfully()\n +    where is_employee_saved_successfully = <pages.add_employee_page.AddEmployeePage object at 0x000002750943EFD0>.is_employee_saved_successfully", "trace": "self = <tests.PIM.test_add_employee_with_login_credentials.TestEmployeeAddition object at 0x000002750943C550>\ndriver = <selenium.webdriver.chrome.webdriver.WebDriver (session=\"7a6f2d61cde534c28806640c30e3cbfb\")>\n\n    def test_add_employee_with_login_credentials(self, driver):\n        print(\"\\n>>> Test: Add Employee with Login Credentials\")\n        login_page = LoginPage(driver)\n        dashboard_page = DashboardPage(driver)\n        pim_page = PIMPage(driver)\n        add_employee_page = AddEmployeePage(driver)\n    \n        login_page.login(Config.USERNAME, Config.PASSWORD)\n        dashboard_page.navigate_to_pim()\n        pim_page.navigate_to_add_employee()\n    \n        first_name = TestDataGenerator.generate_random_string(6)\n        last_name = TestDataGenerator.generate_random_string(8)\n        username = f\"user_{TestDataGenerator.generate_random_string(5)}\"\n        password = \"TestPass123!\"\n        print(f\">>> Employee details: {first_name} {last_name}, username: {username}\")\n    \n        add_employee_page.fill_basic_employee_details(first_name, last_name)\n        add_employee_page.fill_login_details(username, password, \"Enabled\")\n        employee_id = add_employee_page.get_employee_id()\n        add_employee_page.save_employee()\n    \n>       assert add_employee_page.is_employee_saved_successfully(), \"⚠ Employee was not saved successfully\"\nE       AssertionError: ⚠ Employee was not saved successfully\nE       assert False\nE        +  where False = is_employee_saved_successfully()\nE        +    where is_employee_saved_successfully = <pages.add_employee_page.AddEmployeePage object at 0x000002750943EFD0>.is_employee_saved_successfully\n\ntests\\PIM\\test_add_employee_with_login_credentials.py:39: AssertionError"}, "attachments": [{"name": "log", "source": "36d54598-75c6-4ec9-ae98-84023b0d2835-attachment.txt", "type": "text/plain"}, {"name": "stdout", "source": "a2fcd655-52c5-4e94-91a4-fe88b6da5573-attachment.txt", "type": "text/plain"}], "start": 1759784388231, "stop": 1759784407611, "uuid": "2a56ca96-601b-4f11-b14c-2ea08b18013b", "historyId": "706c1841b54fc934ef8fac3ca20caf69", "testCaseId": "706c1841b54fc934ef8fac3ca20caf69", "fullName": "tests.PIM.test_add_employee_with_login_credentials.TestEmployeeAddition#test_add_employee_with_login_credentials", "labels": [{"name": "parentSuite", "value": "tests.PIM"}, {"name": "suite", "value": "test_add_employee_with_login_credentials"}, {"name": "subSuite", "value": "TestEmployeeAddition"}, {"name": "host", "value": "LAPTOP-AQ7JHBIL"}, {"name": "thread", "value": "10232-MainThread"}, {"name": "framework", "value": "pytest"}, {"name": "language", "value": "cpython3"}, {"name": "package", "value": "tests.PIM.test_add_employee_with_login_credentials"}], "titlePath": ["tests", "PIM", "test_add_employee_with_login_credentials.py", "TestEmployeeAddition"]}