{"name": "test_create_leave_type_and_assign_entitlement", "status": "broken", "statusDetails": {"message": "selenium.common.exceptions.TimeoutException: Message: \nStacktrace:\n\tGetHandleVerifier [0x0x9ec333+65459]\n\tGetHandleVerifier [0x0x9ec374+65524]\n\t(No symbol) [0x0x80d973]\n\t(No symbol) [0x0x8576e7]\n\t(No symbol) [0x0x857a8b]\n\t(No symbol) [0x0x89dea2]\n\t(No symbol) [0x0x879e44]\n\t(No symbol) [0x0x89b606]\n\t(No symbol) [0x0x879bf6]\n\t(No symbol) [0x0x84b38e]\n\t(No symbol) [0x0x84c274]\n\tGetHandleVerifier [0x0xc6eda3+2697763]\n\tGetHandleVerifier [0x0xc69ec7+2677575]\n\tGetHandleVerifier [0x0xa14194+228884]\n\tGetHandleVerifier [0x0xa049f8+165496]\n\tGetHandleVerifier [0x0xa0b18d+192013]\n\tGetHandleVerifier [0x0x9f47d8+99416]\n\tGetHandleVerifier [0x0x9f4972+99826]\n\tGetHandleVerifier [0x0x9debea+10346]\n\tBaseThreadInitThunk [0x0x76307ba9+25]\n\tRtlInitializeExceptionChain [0x0x7788c2eb+107]\n\tRtlClearBits [0x0x7788c26f+191]", "trace": "self = <tests.Leave.test_admin_create_leave.TestAdminLeave object at 0x000001DFE43CF110>\ndriver = <selenium.webdriver.chrome.webdriver.WebDriver (session=\"ee669a10d6599cb127295eda5e9afcd3\")>\n\n    def test_create_leave_type_and_assign_entitlement(self, driver):\n        login = LoginPage(driver)\n        leave_admin = LeaveAdminPage(driver)\n    \n        # Step 1: Login as Admin\n        logger.info(\"Starting test: Create Leave Type and Assign Entitlement\")\n        logger.info(f\"Logging in as Admin: {Config.USERNAME}\")\n        login.login(Config.USERNAME, Config.PASSWORD)\n        logger.info(\"Login successful.\")\n    \n        # Step 2: Navigate & Add Leave Type\n        logger.info(\"Navigating to Leave Types page.\")\n        leave_admin.navigate_to_leave_types()\n        logger.info(\"Adding new leave type: 'happy Leave'\")\n        toast_message = leave_admin.add_leave_type(\"happy Leave\")\n        logger.info(f\"Leave type creation toast message: '{toast_message}'\")\n        assert \"Successfully Saved\" in toast_message or \"successfully\" in toast_message.lower()\n        logger.info(\"Leave type added successfully.\")\n    \n        # Step 3: Assign Entitlement to Employee\n        logger.info(\"Assigning entitlement to employee 'John A doe'.\")\n>       entitlement_msg = leave_admin.add_entitlement(\"John A Doe\", \"happy Leave\", 10)\n                          ^^^^^^^^^^^^^^^^^^^^^^^^^^^^^^^^^^^^^^^^^^^^^^^^^^^^^^^^^^^^\n\ntests\\Leave\\test_admin_create_leave.py:35: \n_ _ _ _ _ _ _ _ _ _ _ _ _ _ _ _ _ _ _ _ _ _ _ _ _ _ _ _ _ _ _ _ _ _ _ _ _ _ _ _ _ _ _ _ _ _ _ _ _ _ _ _ _ _ _ _ _ _ _ _ _ _ _ _ _ _ _ _ _ _ _ _ _ _\npages\\leave_admin_page.py:84: in add_entitlement\n    self.wait.until(EC.element_to_be_clickable(self.EMPLOYEE_OPTION)).click()\n    ^^^^^^^^^^^^^^^^^^^^^^^^^^^^^^^^^^^^^^^^^^^^^^^^^^^^^^^^^^^^^^^^^\n_ _ _ _ _ _ _ _ _ _ _ _ _ _ _ _ _ _ _ _ _ _ _ _ _ _ _ _ _ _ _ _ _ _ _ _ _ _ _ _ _ _ _ _ _ _ _ _ _ _ _ _ _ _ _ _ _ _ _ _ _ _ _ _ _ _ _ _ _ _ _ _ _ _\n\nself = <selenium.webdriver.support.wait.WebDriverWait (session=\"ee669a10d6599cb127295eda5e9afcd3\")>\nmethod = <function element_to_be_clickable.<locals>._predicate at 0x000001DFE4463C40>, message = ''\n\n    def until(self, method: Callable[[D], Union[Literal[False], T]], message: str = \"\") -> T:\n        \"\"\"Wait until the method returns a value that is not False.\n    \n        Calls the method provided with the driver as an argument until the\n        return value does not evaluate to ``False``.\n    \n        Parameters:\n        -----------\n        method: callable(WebDriver)\n            - A callable object that takes a WebDriver instance as an argument.\n    \n        message: str\n            - Optional message for :exc:`TimeoutException`\n    \n        Return:\n        -------\n        object: T\n            - The result of the last call to `method`\n    \n        Raises:\n        -------\n        TimeoutException\n            - If 'method' does not return a truthy value within the WebDriverWait\n            object's timeout\n    \n        Example:\n        --------\n        >>> from selenium.webdriver.common.by import By\n        >>> from selenium.webdriver.support.ui import WebDriverWait\n        >>> from selenium.webdriver.support import expected_conditions as EC\n    \n        # Wait until an element is visible on the page\n        >>> wait = WebDriverWait(driver, 10)\n        >>> element = wait.until(EC.visibility_of_element_located((By.ID, \"exampleId\")))\n        >>> print(element.text)\n        \"\"\"\n        screen = None\n        stacktrace = None\n    \n        end_time = time.monotonic() + self._timeout\n        while True:\n            try:\n                value = method(self._driver)\n                if value:\n                    return value\n            except self._ignored_exceptions as exc:\n                screen = getattr(exc, \"screen\", None)\n                stacktrace = getattr(exc, \"stacktrace\", None)\n            if time.monotonic() > end_time:\n                break\n            time.sleep(self._poll)\n>       raise TimeoutException(message, screen, stacktrace)\nE       selenium.common.exceptions.TimeoutException: Message: \nE       Stacktrace:\nE       \tGetHandleVerifier [0x0x9ec333+65459]\nE       \tGetHandleVerifier [0x0x9ec374+65524]\nE       \t(No symbol) [0x0x80d973]\nE       \t(No symbol) [0x0x8576e7]\nE       \t(No symbol) [0x0x857a8b]\nE       \t(No symbol) [0x0x89dea2]\nE       \t(No symbol) [0x0x879e44]\nE       \t(No symbol) [0x0x89b606]\nE       \t(No symbol) [0x0x879bf6]\nE       \t(No symbol) [0x0x84b38e]\nE       \t(No symbol) [0x0x84c274]\nE       \tGetHandleVerifier [0x0xc6eda3+2697763]\nE       \tGetHandleVerifier [0x0xc69ec7+2677575]\nE       \tGetHandleVerifier [0x0xa14194+228884]\nE       \tGetHandleVerifier [0x0xa049f8+165496]\nE       \tGetHandleVerifier [0x0xa0b18d+192013]\nE       \tGetHandleVerifier [0x0x9f47d8+99416]\nE       \tGetHandleVerifier [0x0x9f4972+99826]\nE       \tGetHandleVerifier [0x0x9debea+10346]\nE       \tBaseThreadInitThunk [0x0x76307ba9+25]\nE       \tRtlInitializeExceptionChain [0x0x7788c2eb+107]\nE       \tRtlClearBits [0x0x7788c26f+191]\n\n.venv\\Lib\\site-packages\\selenium\\webdriver\\support\\wait.py:138: TimeoutException"}, "attachments": [{"name": "log", "source": "6e47e6f2-b759-4f9d-a238-0aadf803ea8f-attachment.txt", "type": "text/plain"}], "start": 1760080374825, "stop": 1760080400225, "uuid": "af780bda-87e9-4a7c-8dd7-3d1b7dec9796", "historyId": "cb758ddbdf2cb78ddee60a0dbaffb300", "testCaseId": "cb758ddbdf2cb78ddee60a0dbaffb300", "fullName": "tests.Leave.test_admin_create_leave.TestAdminLeave#test_create_leave_type_and_assign_entitlement", "labels": [{"name": "parentSuite", "value": "tests.Leave"}, {"name": "suite", "value": "test_admin_create_leave"}, {"name": "subSuite", "value": "TestAdminLeave"}, {"name": "host", "value": "LAPTOP-AQ7JHBIL"}, {"name": "thread", "value": "11136-MainThread"}, {"name": "framework", "value": "pytest"}, {"name": "language", "value": "cpython3"}, {"name": "package", "value": "tests.Leave.test_admin_create_leave"}], "titlePath": ["tests", "Leave", "test_admin_create_leave.py", "TestAdminLeave"]}