{"name": "test_search_created_employee", "status": "broken", "statusDetails": {"message": "selenium.common.exceptions.TimeoutException: Message: \nStacktrace:\n\tGetHandleVerifier [0x0x9ec333+65459]\n\tGetHandleVerifier [0x0x9ec374+65524]\n\t(No symbol) [0x0x80d973]\n\t(No symbol) [0x0x8576e7]\n\t(No symbol) [0x0x857a8b]\n\t(No symbol) [0x0x89dea2]\n\t(No symbol) [0x0x879e44]\n\t(No symbol) [0x0x89b606]\n\t(No symbol) [0x0x879bf6]\n\t(No symbol) [0x0x84b38e]\n\t(No symbol) [0x0x84c274]\n\tGetHandleVerifier [0x0xc6eda3+2697763]\n\tGetHandleVerifier [0x0xc69ec7+2677575]\n\tGetHandleVerifier [0x0xa14194+228884]\n\tGetHandleVerifier [0x0xa049f8+165496]\n\tGetHandleVerifier [0x0xa0b18d+192013]\n\tGetHandleVerifier [0x0x9f47d8+99416]\n\tGetHandleVerifier [0x0x9f4972+99826]\n\tGetHandleVerifier [0x0x9debea+10346]\n\tBaseThreadInitThunk [0x0x76307ba9+25]\n\tRtlInitializeExceptionChain [0x0x7788c2eb+107]\n\tRtlClearBits [0x0x7788c26f+191]", "trace": "self = <tests.PIM.test_search_created_employee.TestEmployeeAddition object at 0x000001DFE43CEE90>\ndriver = <selenium.webdriver.chrome.webdriver.WebDriver (session=\"ee669a10d6599cb127295eda5e9afcd3\")>\n\n    def test_search_created_employee(self, driver):\n        print(\"\\n>>> Test: Search for Created Employee\")\n        login_page = LoginPage(driver)\n        dashboard_page = DashboardPage(driver)\n        pim_page = PIMPage(driver)\n        add_employee_page = AddEmployeePage(driver)\n        employee_list_page = EmployeeListPage(driver)\n    \n        login_page.login(Config.USERNAME, Config.PASSWORD)\n        dashboard_page.navigate_to_pim()\n        pim_page.navigate_to_add_employee()\n    \n        first_name, last_name = \"SearchTest\", \"Employee\"\n        print(f\">>> Creating employee for search test: {first_name} {last_name}\")\n        add_employee_page.fill_basic_employee_details(first_name, last_name)\n        employee_id = add_employee_page.get_employee_id()\n        add_employee_page.save_employee()\n    \n        pim_page.navigate_to_employee_list()\n>       employee_list_page.search_employee_by_name(first_name, last_name)\n\ntests\\PIM\\test_search_created_employee.py:36: \n_ _ _ _ _ _ _ _ _ _ _ _ _ _ _ _ _ _ _ _ _ _ _ _ _ _ _ _ _ _ _ _ _ _ _ _ _ _ _ _ _ _ _ _ _ _ _ _ _ _ _ _ _ _ _ _ _ _ _ _ _ _ _ _ _ _ _ _ _ _ _ _ _ _\npages\\employee_list_page.py:78: in search_employee_by_name\n    WebDriverWait(self.driver, 15).until(\n_ _ _ _ _ _ _ _ _ _ _ _ _ _ _ _ _ _ _ _ _ _ _ _ _ _ _ _ _ _ _ _ _ _ _ _ _ _ _ _ _ _ _ _ _ _ _ _ _ _ _ _ _ _ _ _ _ _ _ _ _ _ _ _ _ _ _ _ _ _ _ _ _ _\n\nself = <selenium.webdriver.support.wait.WebDriverWait (session=\"ee669a10d6599cb127295eda5e9afcd3\")>\nmethod = <function presence_of_element_located.<locals>._predicate at 0x000001DFE44A68E0>, message = ''\n\n    def until(self, method: Callable[[D], Union[Literal[False], T]], message: str = \"\") -> T:\n        \"\"\"Wait until the method returns a value that is not False.\n    \n        Calls the method provided with the driver as an argument until the\n        return value does not evaluate to ``False``.\n    \n        Parameters:\n        -----------\n        method: callable(WebDriver)\n            - A callable object that takes a WebDriver instance as an argument.\n    \n        message: str\n            - Optional message for :exc:`TimeoutException`\n    \n        Return:\n        -------\n        object: T\n            - The result of the last call to `method`\n    \n        Raises:\n        -------\n        TimeoutException\n            - If 'method' does not return a truthy value within the WebDriverWait\n            object's timeout\n    \n        Example:\n        --------\n        >>> from selenium.webdriver.common.by import By\n        >>> from selenium.webdriver.support.ui import WebDriverWait\n        >>> from selenium.webdriver.support import expected_conditions as EC\n    \n        # Wait until an element is visible on the page\n        >>> wait = WebDriverWait(driver, 10)\n        >>> element = wait.until(EC.visibility_of_element_located((By.ID, \"exampleId\")))\n        >>> print(element.text)\n        \"\"\"\n        screen = None\n        stacktrace = None\n    \n        end_time = time.monotonic() + self._timeout\n        while True:\n            try:\n                value = method(self._driver)\n                if value:\n                    return value\n            except self._ignored_exceptions as exc:\n                screen = getattr(exc, \"screen\", None)\n                stacktrace = getattr(exc, \"stacktrace\", None)\n            if time.monotonic() > end_time:\n                break\n            time.sleep(self._poll)\n>       raise TimeoutException(message, screen, stacktrace)\nE       selenium.common.exceptions.TimeoutException: Message: \nE       Stacktrace:\nE       \tGetHandleVerifier [0x0x9ec333+65459]\nE       \tGetHandleVerifier [0x0x9ec374+65524]\nE       \t(No symbol) [0x0x80d973]\nE       \t(No symbol) [0x0x8576e7]\nE       \t(No symbol) [0x0x857a8b]\nE       \t(No symbol) [0x0x89dea2]\nE       \t(No symbol) [0x0x879e44]\nE       \t(No symbol) [0x0x89b606]\nE       \t(No symbol) [0x0x879bf6]\nE       \t(No symbol) [0x0x84b38e]\nE       \t(No symbol) [0x0x84c274]\nE       \tGetHandleVerifier [0x0xc6eda3+2697763]\nE       \tGetHandleVerifier [0x0xc69ec7+2677575]\nE       \tGetHandleVerifier [0x0xa14194+228884]\nE       \tGetHandleVerifier [0x0xa049f8+165496]\nE       \tGetHandleVerifier [0x0xa0b18d+192013]\nE       \tGetHandleVerifier [0x0x9f47d8+99416]\nE       \tGetHandleVerifier [0x0x9f4972+99826]\nE       \tGetHandleVerifier [0x0x9debea+10346]\nE       \tBaseThreadInitThunk [0x0x76307ba9+25]\nE       \tRtlInitializeExceptionChain [0x0x7788c2eb+107]\nE       \tRtlClearBits [0x0x7788c26f+191]\n\n.venv\\Lib\\site-packages\\selenium\\webdriver\\support\\wait.py:138: TimeoutException"}, "attachments": [{"name": "log", "source": "94526487-07f3-4f42-bfaf-68d74c40c739-attachment.txt", "type": "text/plain"}], "start": 1760080674937, "stop": 1760080745051, "uuid": "cbb0fe40-7a71-4a5d-ac0a-faab105a70c6", "historyId": "3d0facd483756d3ca5a902648b6cc471", "testCaseId": "3d0facd483756d3ca5a902648b6cc471", "fullName": "tests.PIM.test_search_created_employee.TestEmployeeAddition#test_search_created_employee", "labels": [{"name": "parentSuite", "value": "tests.PIM"}, {"name": "suite", "value": "test_search_created_employee"}, {"name": "subSuite", "value": "TestEmployeeAddition"}, {"name": "host", "value": "LAPTOP-AQ7JHBIL"}, {"name": "thread", "value": "11136-MainThread"}, {"name": "framework", "value": "pytest"}, {"name": "language", "value": "cpython3"}, {"name": "package", "value": "tests.PIM.test_search_created_employee"}], "titlePath": ["tests", "PIM", "test_search_created_employee.py", "TestEmployeeAddition"]}