2025-10-07 15:54:28,596 - INFO - root - ===== Test Session Started =====
2025-10-07 15:54:29,446 - INFO - root - Initializing WebDriver for browser: chrome
2025-10-07 15:54:29,446 - INFO - WDM - ====== WebDriver manager ======
2025-10-07 15:54:43,188 - INFO - WDM - Get LATEST chromedriver version for google-chrome
2025-10-07 15:54:43,581 - INFO - WDM - Get LATEST chromedriver version for google-chrome
2025-10-07 15:54:44,050 - INFO - WDM - Driver [C:\Users\shahn\.wdm\drivers\chromedriver\win64\140.0.7339.207\chromedriver-win32/chromedriver.exe] found in cache
2025-10-07 15:54:50,269 - INFO - root - Chrome WebDriver launched successfully.
2025-10-07 15:54:50,388 - INFO - root - Driver configured with implicit wait and maximized window.
2025-10-07 15:54:50,389 - INFO - root - Opening base URL: https://opensource-demo.orangehrmlive.com/
2025-10-07 15:54:53,840 - INFO - pages.login_page - LoginPage initialized
2025-10-07 15:54:53,841 - INFO - pages.dashboard_page - DashboardPage initialized
2025-10-07 15:54:53,841 - INFO - pages.login_page - Attempting login with username: 'Admin'
2025-10-07 15:55:01,527 - INFO - pages.login_page - Login button clicked
2025-10-07 15:55:18,019 - INFO - pages.dashboard_page - Dashboard displayed: True
2025-10-07 15:55:18,050 - INFO - pages.dashboard_page - Dashboard displayed: True
2025-10-07 15:55:18,050 - INFO - pages.dashboard_page - Navigating to PIM page
2025-10-07 15:56:00,105 - ERROR - root - Test FAILED: test_auto_generated_employee_id. Screenshot saved at screenshots/test_auto_generated_employee_id_20251007_155559.png
2025-10-07 15:56:00,108 - INFO - root - Clearing cookies and storage after test.
2025-10-07 15:56:00,185 - INFO - root - Opening base URL: https://opensource-demo.orangehrmlive.com/
2025-10-07 15:56:03,900 - INFO - pages.login_page - LoginPage initialized
2025-10-07 15:56:03,900 - INFO - pages.login_page - Attempting login with username: 'Admin'
2025-10-07 15:56:07,702 - INFO - pages.login_page - Login button clicked
2025-10-07 15:56:20,590 - ERROR - root - Test FAILED: test_add_vacancy. Screenshot saved at screenshots/test_add_vacancy_20251007_155620.png
2025-10-07 15:56:20,623 - INFO - root - Clearing cookies and storage after test.
2025-10-07 15:56:23,648 - INFO - root - Driver closed after session.
