2025-10-07 16:27:23,843 - INFO - root - ===== Test Session Started =====
2025-10-07 16:27:24,451 - INFO - root - Initializing WebDriver for browser: chrome
2025-10-07 16:27:24,452 - INFO - WDM - ====== WebDriver manager ======
2025-10-07 16:27:28,473 - INFO - WDM - Get LATEST chromedriver version for google-chrome
2025-10-07 16:27:28,777 - INFO - WDM - Get LATEST chromedriver version for google-chrome
2025-10-07 16:27:28,970 - INFO - WDM - Driver [C:\Users\shahn\.wdm\drivers\chromedriver\win64\140.0.7339.207\chromedriver-win32/chromedriver.exe] found in cache
2025-10-07 16:27:35,282 - INFO - root - Chrome WebDriver launched successfully.
2025-10-07 16:27:35,443 - INFO - root - Driver configured with implicit wait and maximized window.
2025-10-07 16:27:35,444 - INFO - root - Opening base URL: https://opensource-demo.orangehrmlive.com/
2025-10-07 16:27:41,758 - INFO - pages.login_page - LoginPage initialized
2025-10-07 16:27:41,759 - INFO - pages.dashboard_page - DashboardPage initialized
2025-10-07 16:27:41,759 - INFO - pages.login_page - Attempting login with username: 'Admin'
2025-10-07 16:27:43,689 - INFO - pages.login_page - Login button clicked
2025-10-07 16:27:45,672 - INFO - pages.dashboard_page - Dashboard displayed: True
2025-10-07 16:27:45,687 - INFO - pages.dashboard_page - Dashboard displayed: True
2025-10-07 16:27:45,687 - INFO - pages.dashboard_page - Navigating to PIM page
2025-10-07 16:28:15,549 - ERROR - root - Test FAILED: test_auto_generated_employee_id. Screenshot saved at screenshots/test_auto_generated_employee_id_20251007_162815.png
2025-10-07 16:28:15,555 - INFO - root - Clearing cookies and storage after test.
2025-10-07 16:28:15,650 - INFO - root - Opening base URL: https://opensource-demo.orangehrmlive.com/
2025-10-07 16:28:17,213 - INFO - pages.login_page - LoginPage initialized
2025-10-07 16:28:17,213 - INFO - pages.login_page - Attempting login with username: 'Admin'
2025-10-07 16:28:18,399 - INFO - pages.login_page - Login button clicked
2025-10-07 16:28:38,879 - ERROR - root - Test FAILED: test_add_vacancy. Screenshot saved at screenshots/test_add_vacancy_20251007_162838.png
2025-10-07 16:28:38,888 - INFO - root - Clearing cookies and storage after test.
2025-10-07 16:28:51,042 - INFO - root - Driver closed after session.
